#
# There is insufficient memory for the Java Runtime Environment to continue.
# Native memory allocation (malloc) failed to allocate 1092432 bytes. Error detail: Chunk::new
# Possible reasons:
#   The system is out of physical RAM or swap space
#   This process is running with CompressedOops enabled, and the Java Heap may be blocking the growth of the native heap
# Possible solutions:
#   Reduce memory load on the system
#   Increase physical memory or swap space
#   Check if swap backing store is full
#   Decrease Java heap size (-Xmx/-Xms)
#   Decrease number of Java threads
#   Decrease Java thread stack sizes (-Xss)
#   Set larger code cache with -XX:ReservedCodeCacheSize=
#   JVM is running with Unscaled Compressed Oops mode in which the Java heap is
#     placed in the first 4GB address space. The Java Heap base address is the
#     maximum limit for the native heap growth. Please use -XX:HeapBaseMinAddress
#     to set the Java Heap base and to place the Java Heap above 4GB virtual address.
# This output file may be truncated or incomplete.
#
#  Out of Memory Error (arena.cpp:162), pid=21156, tid=16060
#
# JRE version: OpenJDK Runtime Environment (24.0.1+9) (build 24.0.1+9-30)
# Java VM: OpenJDK 64-Bit Server VM (24.0.1+9-30, mixed mode, sharing, tiered, compressed oops, compressed class ptrs, g1 gc, windows-amd64)
# No core dump will be written. Minidumps are not enabled by default on client versions of Windows
#

---------------  S U M M A R Y ------------

Command Line: -javaagent:C:\Program Files\JetBrains\IntelliJ IDEA Community Edition 2023.1.3\lib\idea_rt.jar=3625:C:\Program Files\JetBrains\IntelliJ IDEA Community Edition 2023.1.3\bin -Dfile.encoding=UTF-8 -Dsun.stdout.encoding=UTF-8 -Dsun.stderr.encoding=UTF-8 com.jobportal.JobPortalV2Application

Host: AMD Ryzen 5 5600H with Radeon Graphics         , 12 cores, 5G,  Windows 11 , 64 bit Build 26100 (10.0.26100.7623)
Time: Mon Feb  2 12:52:22 2026 India Standard Time elapsed time: 7561.271426 seconds (0d 2h 6m 1s)

---------------  T H R E A D  ---------------

Current thread (0x0000024378059b20):  JavaThread "C2 CompilerThread0" daemon [_thread_in_native, id=16060, stack(0x000000c99b000000,0x000000c99b100000) (1024K)]


Current CompileTask:
C2:7561271 9842       4       java.math.BigInteger::implMultiplyToLen (195 bytes)

Stack: [0x000000c99b000000,0x000000c99b100000]
Native frames: (J=compiled Java code, j=interpreted, Vv=VM code, C=native code)
V  [jvm.dll+0x730739]  (no source info available)
V  [jvm.dll+0x8d9b23]  (no source info available)
V  [jvm.dll+0x8dc00d]  (no source info available)
V  [jvm.dll+0x8dc683]  (no source info available)
V  [jvm.dll+0x2aa086]  (no source info available)
V  [jvm.dll+0xcedef]  (no source info available)
V  [jvm.dll+0xcf04f]  (no source info available)
V  [jvm.dll+0x154d83]  (no source info available)
V  [jvm.dll+0x735f5f]  (no source info available)
V  [jvm.dll+0x26fa1c]  (no source info available)
V  [jvm.dll+0x26ea3f]  (no source info available)
V  [jvm.dll+0x1e9d60]  (no source info available)
V  [jvm.dll+0x27e1fb]  (no source info available)
V  [jvm.dll+0x27c49a]  (no source info available)
V  [jvm.dll+0x42f456]  (no source info available)
V  [jvm.dll+0x87d76b]  (no source info available)
V  [jvm.dll+0x72ee55]  (no source info available)
C  [ucrtbase.dll+0x37b0]  (no source info available)
C  [KERNEL32.DLL+0x2e8d7]  (no source info available)
C  [ntdll.dll+0x8c53c]  (no source info available)

Lock stack of current Java thread (top to bottom):


---------------  P R O C E S S  ---------------

Threads class SMR info:
_java_thread_list=0x0000024348b67e80, length=31, elements={
0x000002437803db40, 0x0000024378040390, 0x00000243780434c0, 0x0000024378046280,
0x00000243780493d0, 0x000002437804a160, 0x0000024378059b20, 0x000002437805d280,
0x00000243451a4be0, 0x0000024345696a40, 0x000002434569b190, 0x00000243460067a0,
0x0000024348407060, 0x00000243474bad10, 0x00000243474bb460, 0x00000243474b8130,
0x00000243474bd8f0, 0x0000024349cf9530, 0x0000024349cf9c80, 0x0000024349cfa3d0,
0x0000024349cfab20, 0x0000024349cf77f0, 0x0000024349cf7f40, 0x0000024349cf8690,
0x0000024349cf8de0, 0x0000024349b91a50, 0x0000024349b93040, 0x0000024349b928f0,
0x0000024349b94630, 0x0000024348408650, 0x0000024347358be0
}

Java Threads: ( => current thread )
  0x000002437803db40 JavaThread "Reference Handler"          daemon [_thread_blocked, id=33040, stack(0x000000c99aa00000,0x000000c99ab00000) (1024K)]
  0x0000024378040390 JavaThread "Finalizer"                  daemon [_thread_blocked, id=16460, stack(0x000000c99ab00000,0x000000c99ac00000) (1024K)]
  0x00000243780434c0 JavaThread "Signal Dispatcher"          daemon [_thread_blocked, id=23992, stack(0x000000c99ac00000,0x000000c99ad00000) (1024K)]
  0x0000024378046280 JavaThread "Attach Listener"            daemon [_thread_blocked, id=21824, stack(0x000000c99ad00000,0x000000c99ae00000) (1024K)]
  0x00000243780493d0 JavaThread "Service Thread"             daemon [_thread_blocked, id=29772, stack(0x000000c99ae00000,0x000000c99af00000) (1024K)]
  0x000002437804a160 JavaThread "Monitor Deflation Thread"   daemon [_thread_blocked, id=2716, stack(0x000000c99af00000,0x000000c99b000000) (1024K)]
=>0x0000024378059b20 JavaThread "C2 CompilerThread0"         daemon [_thread_in_native, id=16060, stack(0x000000c99b000000,0x000000c99b100000) (1024K)]
  0x000002437805d280 JavaThread "C1 CompilerThread0"         daemon [_thread_blocked, id=30080, stack(0x000000c99b100000,0x000000c99b200000) (1024K)]
  0x00000243451a4be0 JavaThread "Common-Cleaner"             daemon [_thread_blocked, id=428, stack(0x000000c99b200000,0x000000c99b300000) (1024K)]
  0x0000024345696a40 JavaThread "Monitor Ctrl-Break"         daemon [_thread_in_native, id=13020, stack(0x000000c99b500000,0x000000c99b600000) (1024K)]
  0x000002434569b190 JavaThread "Notification Thread"        daemon [_thread_blocked, id=33204, stack(0x000000c99b600000,0x000000c99b700000) (1024K)]
  0x00000243460067a0 JavaThread "mysql-cj-abandoned-connection-cleanup" daemon [_thread_blocked, id=22212, stack(0x000000c99c200000,0x000000c99c300000) (1024K)]
  0x0000024348407060 JavaThread "HikariPool-1:housekeeper"   daemon [_thread_blocked, id=18476, stack(0x000000c99c400000,0x000000c99c500000) (1024K)]
  0x00000243474bad10 JavaThread "Catalina-utility-1"                [_thread_blocked, id=16260, stack(0x000000c99c600000,0x000000c99c700000) (1024K)]
  0x00000243474bb460 JavaThread "Catalina-utility-2"                [_thread_blocked, id=32936, stack(0x000000c99c700000,0x000000c99c800000) (1024K)]
  0x00000243474b8130 JavaThread "container-0"                       [_thread_blocked, id=7136, stack(0x000000c99c800000,0x000000c99c900000) (1024K)]
  0x00000243474bd8f0 JavaThread "http-nio-9090-exec-1"       daemon [_thread_blocked, id=9756, stack(0x000000c99c900000,0x000000c99ca00000) (1024K)]
  0x0000024349cf9530 JavaThread "http-nio-9090-exec-2"       daemon [_thread_blocked, id=15008, stack(0x000000c99ca00000,0x000000c99cb00000) (1024K)]
  0x0000024349cf9c80 JavaThread "http-nio-9090-exec-3"       daemon [_thread_blocked, id=19932, stack(0x000000c99cb00000,0x000000c99cc00000) (1024K)]
  0x0000024349cfa3d0 JavaThread "http-nio-9090-exec-4"       daemon [_thread_blocked, id=9716, stack(0x000000c99cc00000,0x000000c99cd00000) (1024K)]
  0x0000024349cfab20 JavaThread "http-nio-9090-exec-5"       daemon [_thread_blocked, id=5168, stack(0x000000c99cd00000,0x000000c99ce00000) (1024K)]
  0x0000024349cf77f0 JavaThread "http-nio-9090-exec-6"       daemon [_thread_blocked, id=33460, stack(0x000000c99ce00000,0x000000c99cf00000) (1024K)]
  0x0000024349cf7f40 JavaThread "http-nio-9090-exec-7"       daemon [_thread_blocked, id=14292, stack(0x000000c99cf00000,0x000000c99d000000) (1024K)]
  0x0000024349cf8690 JavaThread "http-nio-9090-exec-8"       daemon [_thread_blocked, id=26136, stack(0x000000c99d000000,0x000000c99d100000) (1024K)]
  0x0000024349cf8de0 JavaThread "http-nio-9090-exec-9"       daemon [_thread_blocked, id=27616, stack(0x000000c99d100000,0x000000c99d200000) (1024K)]
  0x0000024349b91a50 JavaThread "http-nio-9090-exec-10"      daemon [_thread_blocked, id=23464, stack(0x000000c99d200000,0x000000c99d300000) (1024K)]
  0x0000024349b93040 JavaThread "http-nio-9090-Poller"       daemon [_thread_in_native, id=22152, stack(0x000000c99d300000,0x000000c99d400000) (1024K)]
  0x0000024349b928f0 JavaThread "http-nio-9090-Acceptor"     daemon [_thread_in_native, id=12924, stack(0x000000c99d400000,0x000000c99d500000) (1024K)]
  0x0000024349b94630 JavaThread "DestroyJavaVM"                     [_thread_blocked, id=30632, stack(0x000000c99a200000,0x000000c99a300000) (1024K)]
  0x0000024348408650 JavaThread "HikariPool-1:connection-closer" daemon [_thread_blocked, id=18488, stack(0x000000c999f00000,0x000000c99a000000) (1024K)]
  0x0000024347358be0 JavaThread "HikariPool-1:connection-adder" daemon [_thread_blocked, id=33488, stack(0x000000c99a000000,0x000000c99a100000) (1024K)]
Total: 31

Other Threads:
  0x000002437802e0c0 VMThread "VM Thread"                           [id=16676, stack(0x000000c99a900000,0x000000c99aa00000) (1024K)]
  0x0000024377f01200 WatcherThread "VM Periodic Task Thread"        [id=27828, stack(0x000000c99a800000,0x000000c99a900000) (1024K)]
  0x000002435990d740 WorkerThread "GC Thread#0"                     [id=6040, stack(0x000000c99a300000,0x000000c99a400000) (1024K)]
  0x000002434617ac30 WorkerThread "GC Thread#1"                     [id=18280, stack(0x000000c99b700000,0x000000c99b800000) (1024K)]
  0x00000243461eda60 WorkerThread "GC Thread#2"                     [id=32504, stack(0x000000c99b800000,0x000000c99b900000) (1024K)]
  0x00000243462e02f0 WorkerThread "GC Thread#3"                     [id=32152, stack(0x000000c99b900000,0x000000c99ba00000) (1024K)]
  0x00000243462e06a0 WorkerThread "GC Thread#4"                     [id=7964, stack(0x000000c99ba00000,0x000000c99bb00000) (1024K)]
  0x00000243463480a0 WorkerThread "GC Thread#5"                     [id=32588, stack(0x000000c99bb00000,0x000000c99bc00000) (1024K)]
  0x0000024346348450 WorkerThread "GC Thread#6"                     [id=10456, stack(0x000000c99bc00000,0x000000c99bd00000) (1024K)]
  0x00000243476e86e0 WorkerThread "GC Thread#7"                     [id=18344, stack(0x000000c99bd00000,0x000000c99be00000) (1024K)]
  0x00000243476e8a90 WorkerThread "GC Thread#8"                     [id=17276, stack(0x000000c99be00000,0x000000c99bf00000) (1024K)]
  0x00000243476e8330 WorkerThread "GC Thread#9"                     [id=23588, stack(0x000000c99bf00000,0x000000c99c000000) (1024K)]
  0x000002435991a300 ConcurrentGCThread "G1 Main Marker"            [id=33548, stack(0x000000c99a400000,0x000000c99a500000) (1024K)]
  0x000002435947cec0 WorkerThread "G1 Conc#0"                       [id=12352, stack(0x000000c99a500000,0x000000c99a600000) (1024K)]
  0x00000243476e8e40 WorkerThread "G1 Conc#1"                       [id=10788, stack(0x000000c99c000000,0x000000c99c100000) (1024K)]
  0x00000243476e91f0 WorkerThread "G1 Conc#2"                       [id=22124, stack(0x000000c99c100000,0x000000c99c200000) (1024K)]
  0x0000024377eec4d0 ConcurrentGCThread "G1 Refine#0"               [id=27848, stack(0x000000c99a600000,0x000000c99a700000) (1024K)]
  0x0000024377eede10 ConcurrentGCThread "G1 Service"                [id=7624, stack(0x000000c99a700000,0x000000c99a800000) (1024K)]
Total: 18

Threads with active compile tasks:
C2 CompilerThread0  7561394 9842       4       java.math.BigInteger::implMultiplyToLen (195 bytes)
Total: 1

VM state: not at safepoint (normal execution)

VM Mutex/Monitor currently owned by a thread: None

Heap address: 0x00000000a2400000, size: 1500 MB, Compressed Oops mode: 32-bit

CDS archive(s) mapped at: [0x0000024300000000-0x0000024300d40000-0x0000024300d40000), size 13893632, SharedBaseAddress: 0x0000024300000000, ArchiveRelocationMode: 1.
Compressed class space mapped at: 0x0000024301000000-0x0000024341000000, reserved size: 1073741824
UseCompressedClassPointers 1, UseCompactObjectHeaders 0
Narrow klass pointer bits 32, Max shift 3
Narrow klass base: 0x0000024300000000, Narrow klass shift: 0
Encoding Range: [0x0000024300000000 - 0x0000024400000000), (4294967296 bytes)
Klass Range:    [0x0000024300000000 - 0x0000024341000000), (1090519040 bytes)
Klass ID Range:  [8 - 1090519033) (1090519025)

GC Precious Log:
 CardTable entry size: 512
 Card Set container configuration: InlinePtr #cards 5 size 8 Array Of Cards #cards 10 size 36 Howl #buckets 4 coarsen threshold 1843 Howl Bitmap #cards 512 size 80 coarsen threshold 460 Card regions per heap region 1 cards per card region 2048
 CPUs: 12 total, 12 available
 Memory: 5996M
 Large Page Support: Disabled
 NUMA Support: Disabled
 Compressed Oops: Enabled (32-bit)
 Heap Region Size: 1M
 Heap Min Capacity: 8M
 Heap Initial Capacity: 94M
 Heap Max Capacity: 1500M
 Pre-touch: Disabled
 Parallel Workers: 10
 Concurrent Workers: 3
 Concurrent Refinement Workers: 10
 Periodic GC: Disabled

Heap:
 garbage-first heap   total reserved 1536000K, committed 184320K, used 136761K [0x00000000a2400000, 0x0000000100000000)
  region size 1024K, 74 young (75776K), 6 survivors (6144K)
 Metaspace       used 97191K, committed 97920K, reserved 1179648K
  class space    used 11065K, committed 11392K, reserved 1048576K

Heap Regions: E=young(eden), S=young(survivor), O=old, HS=humongous(starts), HC=humongous(continues), CS=collection set, F=free, TAMS=top-at-mark-start, PB=parsable bottom
|   0|0x00000000a2400000, 0x00000000a2500000, 0x00000000a2500000|100%|HS|  |TAMS 0x00000000a2400000| PB 0x00000000a2400000| Complete |  0
|   1|0x00000000a2500000, 0x00000000a2600000, 0x00000000a2600000|100%|HS|  |TAMS 0x00000000a2500000| PB 0x00000000a2500000| Complete |  0
|   2|0x00000000a2600000, 0x00000000a2700000, 0x00000000a2700000|100%| O|  |TAMS 0x00000000a2600000| PB 0x00000000a2600000| Untracked |  0
|   3|0x00000000a2700000, 0x00000000a2800000, 0x00000000a2800000|100%| O|  |TAMS 0x00000000a2700000| PB 0x00000000a2700000| Untracked |  0
|   4|0x00000000a2800000, 0x00000000a2900000, 0x00000000a2900000|100%| O|  |TAMS 0x00000000a2800000| PB 0x00000000a2800000| Untracked |  0
|   5|0x00000000a2900000, 0x00000000a2a00000, 0x00000000a2a00000|100%| O|  |TAMS 0x00000000a2900000| PB 0x00000000a2900000| Untracked |  0
|   6|0x00000000a2a00000, 0x00000000a2b00000, 0x00000000a2b00000|100%| O|  |TAMS 0x00000000a2a00000| PB 0x00000000a2a00000| Untracked |  0
|   7|0x00000000a2b00000, 0x00000000a2c00000, 0x00000000a2c00000|100%| O|  |TAMS 0x00000000a2b00000| PB 0x00000000a2b00000| Untracked |  0
|   8|0x00000000a2c00000, 0x00000000a2d00000, 0x00000000a2d00000|100%| O|  |TAMS 0x00000000a2c00000| PB 0x00000000a2c00000| Untracked |  0
|   9|0x00000000a2d00000, 0x00000000a2e00000, 0x00000000a2e00000|100%| O|  |TAMS 0x00000000a2d00000| PB 0x00000000a2d00000| Untracked |  0
|  10|0x00000000a2e00000, 0x00000000a2f00000, 0x00000000a2f00000|100%| O|  |TAMS 0x00000000a2e00000| PB 0x00000000a2e00000| Untracked |  0
|  11|0x00000000a2f00000, 0x00000000a3000000, 0x00000000a3000000|100%| O|  |TAMS 0x00000000a2f00000| PB 0x00000000a2f00000| Untracked |  0
|  12|0x00000000a3000000, 0x00000000a3100000, 0x00000000a3100000|100%| O|  |TAMS 0x00000000a3000000| PB 0x00000000a3000000| Untracked |  0
|  13|0x00000000a3100000, 0x00000000a3200000, 0x00000000a3200000|100%| O|  |TAMS 0x00000000a3100000| PB 0x00000000a3100000| Untracked |  0
|  14|0x00000000a3200000, 0x00000000a3300000, 0x00000000a3300000|100%| O|  |TAMS 0x00000000a3200000| PB 0x00000000a3200000| Untracked |  0
|  15|0x00000000a3300000, 0x00000000a3400000, 0x00000000a3400000|100%| O|  |TAMS 0x00000000a3300000| PB 0x00000000a3300000| Untracked |  0
|  16|0x00000000a3400000, 0x00000000a3500000, 0x00000000a3500000|100%| O|  |TAMS 0x00000000a3400000| PB 0x00000000a3400000| Untracked |  0
|  17|0x00000000a3500000, 0x00000000a3600000, 0x00000000a3600000|100%| O|  |TAMS 0x00000000a3500000| PB 0x00000000a3500000| Untracked |  0
|  18|0x00000000a3600000, 0x00000000a3700000, 0x00000000a3700000|100%| O|  |TAMS 0x00000000a3600000| PB 0x00000000a3600000| Untracked |  0
|  19|0x00000000a3700000, 0x00000000a3800000, 0x00000000a3800000|100%| O|  |TAMS 0x00000000a3700000| PB 0x00000000a3700000| Untracked |  0
|  20|0x00000000a3800000, 0x00000000a3900000, 0x00000000a3900000|100%| O|  |TAMS 0x00000000a3800000| PB 0x00000000a3800000| Untracked |  0
|  21|0x00000000a3900000, 0x00000000a3a00000, 0x00000000a3a00000|100%| O|  |TAMS 0x00000000a3900000| PB 0x00000000a3900000| Untracked |  0
|  22|0x00000000a3a00000, 0x00000000a3b00000, 0x00000000a3b00000|100%| O|  |TAMS 0x00000000a3a00000| PB 0x00000000a3a00000| Untracked |  0
|  23|0x00000000a3b00000, 0x00000000a3c00000, 0x00000000a3c00000|100%| O|  |TAMS 0x00000000a3b00000| PB 0x00000000a3b00000| Untracked |  0
|  24|0x00000000a3c00000, 0x00000000a3d00000, 0x00000000a3d00000|100%| O|  |TAMS 0x00000000a3c00000| PB 0x00000000a3c00000| Untracked |  0
|  25|0x00000000a3d00000, 0x00000000a3e00000, 0x00000000a3e00000|100%| O|  |TAMS 0x00000000a3d00000| PB 0x00000000a3d00000| Untracked |  0
|  26|0x00000000a3e00000, 0x00000000a3f00000, 0x00000000a3f00000|100%| O|  |TAMS 0x00000000a3e00000| PB 0x00000000a3e00000| Untracked |  0
|  27|0x00000000a3f00000, 0x00000000a4000000, 0x00000000a4000000|100%| O|  |TAMS 0x00000000a3f00000| PB 0x00000000a3f00000| Untracked |  0
|  28|0x00000000a4000000, 0x00000000a4000000, 0x00000000a4100000|  0%| F|  |TAMS 0x00000000a4000000| PB 0x00000000a4000000| Untracked |  0
|  29|0x00000000a4100000, 0x00000000a4200000, 0x00000000a4200000|100%| O|  |TAMS 0x00000000a4100000| PB 0x00000000a4100000| Untracked |  0
|  30|0x00000000a4200000, 0x00000000a4300000, 0x00000000a4300000|100%| O|  |TAMS 0x00000000a4200000| PB 0x00000000a4200000| Untracked |  0
|  31|0x00000000a4300000, 0x00000000a4400000, 0x00000000a4400000|100%| O|  |TAMS 0x00000000a4300000| PB 0x00000000a4300000| Untracked |  0
|  32|0x00000000a4400000, 0x00000000a4500000, 0x00000000a4500000|100%| O|  |TAMS 0x00000000a4400000| PB 0x00000000a4400000| Untracked |  0
|  33|0x00000000a4500000, 0x00000000a4600000, 0x00000000a4600000|100%| O|  |TAMS 0x00000000a4500000| PB 0x00000000a4500000| Untracked |  0
|  34|0x00000000a4600000, 0x00000000a4700000, 0x00000000a4700000|100%| O|  |TAMS 0x00000000a4600000| PB 0x00000000a4600000| Untracked |  0
|  35|0x00000000a4700000, 0x00000000a4800000, 0x00000000a4800000|100%| O|  |TAMS 0x00000000a4700000| PB 0x00000000a4700000| Untracked |  0
|  36|0x00000000a4800000, 0x00000000a4900000, 0x00000000a4900000|100%| O|  |TAMS 0x00000000a4800000| PB 0x00000000a4800000| Untracked |  0
|  37|0x00000000a4900000, 0x00000000a4a00000, 0x00000000a4a00000|100%| O|  |TAMS 0x00000000a4900000| PB 0x00000000a4900000| Untracked |  0
|  38|0x00000000a4a00000, 0x00000000a4b00000, 0x00000000a4b00000|100%| O|  |TAMS 0x00000000a4a00000| PB 0x00000000a4a00000| Untracked |  0
|  39|0x00000000a4b00000, 0x00000000a4c00000, 0x00000000a4c00000|100%| O|  |TAMS 0x00000000a4b00000| PB 0x00000000a4b00000| Untracked |  0
|  40|0x00000000a4c00000, 0x00000000a4d00000, 0x00000000a4d00000|100%| O|  |TAMS 0x00000000a4c00000| PB 0x00000000a4c00000| Untracked |  0
|  41|0x00000000a4d00000, 0x00000000a4e00000, 0x00000000a4e00000|100%| O|  |TAMS 0x00000000a4d00000| PB 0x00000000a4d00000| Untracked |  0
|  42|0x00000000a4e00000, 0x00000000a4f00000, 0x00000000a4f00000|100%| O|  |TAMS 0x00000000a4e00000| PB 0x00000000a4e00000| Untracked |  0
|  43|0x00000000a4f00000, 0x00000000a5000000, 0x00000000a5000000|100%|HS|  |TAMS 0x00000000a4f00000| PB 0x00000000a4f00000| Complete |  0
|  44|0x00000000a5000000, 0x00000000a5100000, 0x00000000a5100000|100%| O|  |TAMS 0x00000000a5000000| PB 0x00000000a5000000| Untracked |  0
|  45|0x00000000a5100000, 0x00000000a5200000, 0x00000000a5200000|100%| O|  |TAMS 0x00000000a5100000| PB 0x00000000a5100000| Untracked |  0
|  46|0x00000000a5200000, 0x00000000a5300000, 0x00000000a5300000|100%| O|  |TAMS 0x00000000a5200000| PB 0x00000000a5200000| Untracked |  0
|  47|0x00000000a5300000, 0x00000000a5400000, 0x00000000a5400000|100%| O|  |TAMS 0x00000000a5300000| PB 0x00000000a5300000| Untracked |  0
|  48|0x00000000a5400000, 0x00000000a5500000, 0x00000000a5500000|100%| O|  |TAMS 0x00000000a5400000| PB 0x00000000a5400000| Untracked |  0
|  49|0x00000000a5500000, 0x00000000a5600000, 0x00000000a5600000|100%| O|  |TAMS 0x00000000a5500000| PB 0x00000000a5500000| Untracked |  0
|  50|0x00000000a5600000, 0x00000000a5700000, 0x00000000a5700000|100%| O|  |TAMS 0x00000000a5600000| PB 0x00000000a5600000| Untracked |  0
|  51|0x00000000a5700000, 0x00000000a5800000, 0x00000000a5800000|100%| O|  |TAMS 0x00000000a5700000| PB 0x00000000a5700000| Untracked |  0
|  52|0x00000000a5800000, 0x00000000a5900000, 0x00000000a5900000|100%| O|  |TAMS 0x00000000a5800000| PB 0x00000000a5800000| Untracked |  0
|  53|0x00000000a5900000, 0x00000000a5a00000, 0x00000000a5a00000|100%| O|  |TAMS 0x00000000a5900000| PB 0x00000000a5900000| Untracked |  0
|  54|0x00000000a5a00000, 0x00000000a5b00000, 0x00000000a5b00000|100%| O|  |TAMS 0x00000000a5a00000| PB 0x00000000a5a00000| Untracked |  0
|  55|0x00000000a5b00000, 0x00000000a5c00000, 0x00000000a5c00000|100%| O|  |TAMS 0x00000000a5b00000| PB 0x00000000a5b00000| Untracked |  0
|  56|0x00000000a5c00000, 0x00000000a5d00000, 0x00000000a5d00000|100%| O|  |TAMS 0x00000000a5c00000| PB 0x00000000a5c00000| Untracked |  0
|  57|0x00000000a5d00000, 0x00000000a5e00000, 0x00000000a5e00000|100%| O|  |TAMS 0x00000000a5d00000| PB 0x00000000a5d00000| Untracked |  0
|  58|0x00000000a5e00000, 0x00000000a5e8e4b0, 0x00000000a5f00000| 55%| O|  |TAMS 0x00000000a5e00000| PB 0x00000000a5e00000| Untracked |  0
|  59|0x00000000a5f00000, 0x00000000a5f00000, 0x00000000a6000000|  0%| F|  |TAMS 0x00000000a5f00000| PB 0x00000000a5f00000| Untracked |  0
|  60|0x00000000a6000000, 0x00000000a6000000, 0x00000000a6100000|  0%| F|  |TAMS 0x00000000a6000000| PB 0x00000000a6000000| Untracked |  0
|  61|0x00000000a6100000, 0x00000000a6100000, 0x00000000a6200000|  0%| F|  |TAMS 0x00000000a6100000| PB 0x00000000a6100000| Untracked |  0
|  62|0x00000000a6200000, 0x00000000a6200000, 0x00000000a6300000|  0%| F|  |TAMS 0x00000000a6200000| PB 0x00000000a6200000| Untracked |  0
|  63|0x00000000a6300000, 0x00000000a6300000, 0x00000000a6400000|  0%| F|  |TAMS 0x00000000a6300000| PB 0x00000000a6300000| Untracked |  0
|  64|0x00000000a6400000, 0x00000000a6400000, 0x00000000a6500000|  0%| F|  |TAMS 0x00000000a6400000| PB 0x00000000a6400000| Untracked |  0
|  65|0x00000000a6500000, 0x00000000a6500000, 0x00000000a6600000|  0%| F|  |TAMS 0x00000000a6500000| PB 0x00000000a6500000| Untracked |  0
|  66|0x00000000a6600000, 0x00000000a6600000, 0x00000000a6700000|  0%| F|  |TAMS 0x00000000a6600000| PB 0x00000000a6600000| Untracked |  0
|  67|0x00000000a6700000, 0x00000000a6700000, 0x00000000a6800000|  0%| F|  |TAMS 0x00000000a6700000| PB 0x00000000a6700000| Untracked |  0
|  68|0x00000000a6800000, 0x00000000a6800000, 0x00000000a6900000|  0%| F|  |TAMS 0x00000000a6800000| PB 0x00000000a6800000| Untracked |  0
|  69|0x00000000a6900000, 0x00000000a6900000, 0x00000000a6a00000|  0%| F|  |TAMS 0x00000000a6900000| PB 0x00000000a6900000| Untracked |  0
|  70|0x00000000a6a00000, 0x00000000a6a00000, 0x00000000a6b00000|  0%| F|  |TAMS 0x00000000a6a00000| PB 0x00000000a6a00000| Untracked |  0
|  71|0x00000000a6b00000, 0x00000000a6b00000, 0x00000000a6c00000|  0%| F|  |TAMS 0x00000000a6b00000| PB 0x00000000a6b00000| Untracked |  0
|  72|0x00000000a6c00000, 0x00000000a6c00000, 0x00000000a6d00000|  0%| F|  |TAMS 0x00000000a6c00000| PB 0x00000000a6c00000| Untracked |  0
|  73|0x00000000a6d00000, 0x00000000a6d00000, 0x00000000a6e00000|  0%| F|  |TAMS 0x00000000a6d00000| PB 0x00000000a6d00000| Untracked |  0
|  74|0x00000000a6e00000, 0x00000000a6e00000, 0x00000000a6f00000|  0%| F|  |TAMS 0x00000000a6e00000| PB 0x00000000a6e00000| Untracked |  0
|  75|0x00000000a6f00000, 0x00000000a6f00000, 0x00000000a7000000|  0%| F|  |TAMS 0x00000000a6f00000| PB 0x00000000a6f00000| Untracked |  0
|  76|0x00000000a7000000, 0x00000000a7000000, 0x00000000a7100000|  0%| F|  |TAMS 0x00000000a7000000| PB 0x00000000a7000000| Untracked |  0
|  77|0x00000000a7100000, 0x00000000a7100000, 0x00000000a7200000|  0%| F|  |TAMS 0x00000000a7100000| PB 0x00000000a7100000| Untracked |  0
|  78|0x00000000a7200000, 0x00000000a7200000, 0x00000000a7300000|  0%| F|  |TAMS 0x00000000a7200000| PB 0x00000000a7200000| Untracked |  0
|  79|0x00000000a7300000, 0x00000000a7300000, 0x00000000a7400000|  0%| F|  |TAMS 0x00000000a7300000| PB 0x00000000a7300000| Untracked |  0
|  80|0x00000000a7400000, 0x00000000a7400000, 0x00000000a7500000|  0%| F|  |TAMS 0x00000000a7400000| PB 0x00000000a7400000| Untracked |  0
|  81|0x00000000a7500000, 0x00000000a7500000, 0x00000000a7600000|  0%| F|  |TAMS 0x00000000a7500000| PB 0x00000000a7500000| Untracked |  0
|  82|0x00000000a7600000, 0x00000000a7600000, 0x00000000a7700000|  0%| F|  |TAMS 0x00000000a7600000| PB 0x00000000a7600000| Untracked |  0
|  83|0x00000000a7700000, 0x00000000a7700000, 0x00000000a7800000|  0%| F|  |TAMS 0x00000000a7700000| PB 0x00000000a7700000| Untracked |  0
|  84|0x00000000a7800000, 0x00000000a7800000, 0x00000000a7900000|  0%| F|  |TAMS 0x00000000a7800000| PB 0x00000000a7800000| Untracked |  0
|  85|0x00000000a7900000, 0x00000000a7900000, 0x00000000a7a00000|  0%| F|  |TAMS 0x00000000a7900000| PB 0x00000000a7900000| Untracked |  0
|  86|0x00000000a7a00000, 0x00000000a7a00000, 0x00000000a7b00000|  0%| F|  |TAMS 0x00000000a7a00000| PB 0x00000000a7a00000| Untracked |  0
|  87|0x00000000a7b00000, 0x00000000a7b00000, 0x00000000a7c00000|  0%| F|  |TAMS 0x00000000a7b00000| PB 0x00000000a7b00000| Untracked |  0
|  88|0x00000000a7c00000, 0x00000000a7c00000, 0x00000000a7d00000|  0%| F|  |TAMS 0x00000000a7c00000| PB 0x00000000a7c00000| Untracked |  0
|  89|0x00000000a7d00000, 0x00000000a7d00000, 0x00000000a7e00000|  0%| F|  |TAMS 0x00000000a7d00000| PB 0x00000000a7d00000| Untracked |  0
|  90|0x00000000a7e00000, 0x00000000a7e00000, 0x00000000a7f00000|  0%| F|  |TAMS 0x00000000a7e00000| PB 0x00000000a7e00000| Untracked |  0
|  91|0x00000000a7f00000, 0x00000000a7f00000, 0x00000000a8000000|  0%| F|  |TAMS 0x00000000a7f00000| PB 0x00000000a7f00000| Untracked |  0
|  92|0x00000000a8000000, 0x00000000a8000000, 0x00000000a8100000|  0%| F|  |TAMS 0x00000000a8000000| PB 0x00000000a8000000| Untracked |  0
|  93|0x00000000a8100000, 0x00000000a8100000, 0x00000000a8200000|  0%| F|  |TAMS 0x00000000a8100000| PB 0x00000000a8100000| Untracked |  0
|  94|0x00000000a8200000, 0x00000000a8200000, 0x00000000a8300000|  0%| F|  |TAMS 0x00000000a8200000| PB 0x00000000a8200000| Untracked |  0
|  95|0x00000000a8300000, 0x00000000a8300000, 0x00000000a8400000|  0%| F|  |TAMS 0x00000000a8300000| PB 0x00000000a8300000| Untracked |  0
|  96|0x00000000a8400000, 0x00000000a8400000, 0x00000000a8500000|  0%| F|  |TAMS 0x00000000a8400000| PB 0x00000000a8400000| Untracked |  0
|  97|0x00000000a8500000, 0x00000000a8500000, 0x00000000a8600000|  0%| F|  |TAMS 0x00000000a8500000| PB 0x00000000a8500000| Untracked |  0
|  98|0x00000000a8600000, 0x00000000a8600000, 0x00000000a8700000|  0%| F|  |TAMS 0x00000000a8600000| PB 0x00000000a8600000| Untracked |  0
|  99|0x00000000a8700000, 0x00000000a8700000, 0x00000000a8800000|  0%| F|  |TAMS 0x00000000a8700000| PB 0x00000000a8700000| Untracked |  0
| 100|0x00000000a8800000, 0x00000000a8900000, 0x00000000a8900000|100%| S|CS|TAMS 0x00000000a8800000| PB 0x00000000a8800000| Complete |  0
| 101|0x00000000a8900000, 0x00000000a8a00000, 0x00000000a8a00000|100%| S|CS|TAMS 0x00000000a8900000| PB 0x00000000a8900000| Complete |  0
| 102|0x00000000a8a00000, 0x00000000a8b00000, 0x00000000a8b00000|100%| S|CS|TAMS 0x00000000a8a00000| PB 0x00000000a8a00000| Complete |  0
| 103|0x00000000a8b00000, 0x00000000a8c00000, 0x00000000a8c00000|100%| S|CS|TAMS 0x00000000a8b00000| PB 0x00000000a8b00000| Complete |  0
| 104|0x00000000a8c00000, 0x00000000a8c00000, 0x00000000a8d00000|  0%| F|  |TAMS 0x00000000a8c00000| PB 0x00000000a8c00000| Untracked |  0
| 105|0x00000000a8d00000, 0x00000000a8d00000, 0x00000000a8e00000|  0%| F|  |TAMS 0x00000000a8d00000| PB 0x00000000a8d00000| Untracked |  0
| 106|0x00000000a8e00000, 0x00000000a8e80000, 0x00000000a8f00000| 50%| E|  |TAMS 0x00000000a8e00000| PB 0x00000000a8e00000| Complete |  0
| 107|0x00000000a8f00000, 0x00000000a9000000, 0x00000000a9000000|100%| S|CS|TAMS 0x00000000a8f00000| PB 0x00000000a8f00000| Complete |  0
| 108|0x00000000a9000000, 0x00000000a9100000, 0x00000000a9100000|100%| S|CS|TAMS 0x00000000a9000000| PB 0x00000000a9000000| Complete |  0
| 109|0x00000000a9100000, 0x00000000a9200000, 0x00000000a9200000|100%| E|CS|TAMS 0x00000000a9100000| PB 0x00000000a9100000| Complete |  0
| 110|0x00000000a9200000, 0x00000000a9300000, 0x00000000a9300000|100%| E|CS|TAMS 0x00000000a9200000| PB 0x00000000a9200000| Complete |  0
| 111|0x00000000a9300000, 0x00000000a9400000, 0x00000000a9400000|100%| E|CS|TAMS 0x00000000a9300000| PB 0x00000000a9300000| Complete |  0
| 112|0x00000000a9400000, 0x00000000a9500000, 0x00000000a9500000|100%| E|CS|TAMS 0x00000000a9400000| PB 0x00000000a9400000| Complete |  0
| 113|0x00000000a9500000, 0x00000000a9600000, 0x00000000a9600000|100%| E|CS|TAMS 0x00000000a9500000| PB 0x00000000a9500000| Complete |  0
| 114|0x00000000a9600000, 0x00000000a9700000, 0x00000000a9700000|100%| E|CS|TAMS 0x00000000a9600000| PB 0x00000000a9600000| Complete |  0
| 115|0x00000000a9700000, 0x00000000a9800000, 0x00000000a9800000|100%| E|CS|TAMS 0x00000000a9700000| PB 0x00000000a9700000| Complete |  0
| 116|0x00000000a9800000, 0x00000000a9900000, 0x00000000a9900000|100%| E|CS|TAMS 0x00000000a9800000| PB 0x00000000a9800000| Complete |  0
| 117|0x00000000a9900000, 0x00000000a9a00000, 0x00000000a9a00000|100%| E|CS|TAMS 0x00000000a9900000| PB 0x00000000a9900000| Complete |  0
| 118|0x00000000a9a00000, 0x00000000a9b00000, 0x00000000a9b00000|100%| E|CS|TAMS 0x00000000a9a00000| PB 0x00000000a9a00000| Complete |  0
| 119|0x00000000a9b00000, 0x00000000a9c00000, 0x00000000a9c00000|100%| E|CS|TAMS 0x00000000a9b00000| PB 0x00000000a9b00000| Complete |  0
| 120|0x00000000a9c00000, 0x00000000a9d00000, 0x00000000a9d00000|100%| E|CS|TAMS 0x00000000a9c00000| PB 0x00000000a9c00000| Complete |  0
| 121|0x00000000a9d00000, 0x00000000a9e00000, 0x00000000a9e00000|100%| E|CS|TAMS 0x00000000a9d00000| PB 0x00000000a9d00000| Complete |  0
| 122|0x00000000a9e00000, 0x00000000a9f00000, 0x00000000a9f00000|100%| E|CS|TAMS 0x00000000a9e00000| PB 0x00000000a9e00000| Complete |  0
| 123|0x00000000a9f00000, 0x00000000aa000000, 0x00000000aa000000|100%| E|CS|TAMS 0x00000000a9f00000| PB 0x00000000a9f00000| Complete |  0
| 124|0x00000000aa000000, 0x00000000aa100000, 0x00000000aa100000|100%| E|CS|TAMS 0x00000000aa000000| PB 0x00000000aa000000| Complete |  0
| 125|0x00000000aa100000, 0x00000000aa200000, 0x00000000aa200000|100%| E|CS|TAMS 0x00000000aa100000| PB 0x00000000aa100000| Complete |  0
| 126|0x00000000aa200000, 0x00000000aa300000, 0x00000000aa300000|100%| E|CS|TAMS 0x00000000aa200000| PB 0x00000000aa200000| Complete |  0
| 127|0x00000000aa300000, 0x00000000aa400000, 0x00000000aa400000|100%| E|CS|TAMS 0x00000000aa300000| PB 0x00000000aa300000| Complete |  0
| 128|0x00000000aa400000, 0x00000000aa500000, 0x00000000aa500000|100%| E|CS|TAMS 0x00000000aa400000| PB 0x00000000aa400000| Complete |  0
| 129|0x00000000aa500000, 0x00000000aa600000, 0x00000000aa600000|100%| E|CS|TAMS 0x00000000aa500000| PB 0x00000000aa500000| Complete |  0
| 130|0x00000000aa600000, 0x00000000aa700000, 0x00000000aa700000|100%| E|CS|TAMS 0x00000000aa600000| PB 0x00000000aa600000| Complete |  0
| 131|0x00000000aa700000, 0x00000000aa800000, 0x00000000aa800000|100%| E|CS|TAMS 0x00000000aa700000| PB 0x00000000aa700000| Complete |  0
| 132|0x00000000aa800000, 0x00000000aa900000, 0x00000000aa900000|100%| E|CS|TAMS 0x00000000aa800000| PB 0x00000000aa800000| Complete |  0
| 133|0x00000000aa900000, 0x00000000aaa00000, 0x00000000aaa00000|100%| E|CS|TAMS 0x00000000aa900000| PB 0x00000000aa900000| Complete |  0
| 134|0x00000000aaa00000, 0x00000000aab00000, 0x00000000aab00000|100%| E|CS|TAMS 0x00000000aaa00000| PB 0x00000000aaa00000| Complete |  0
| 135|0x00000000aab00000, 0x00000000aac00000, 0x00000000aac00000|100%| E|CS|TAMS 0x00000000aab00000| PB 0x00000000aab00000| Complete |  0
| 136|0x00000000aac00000, 0x00000000aad00000, 0x00000000aad00000|100%| E|CS|TAMS 0x00000000aac00000| PB 0x00000000aac00000| Complete |  0
| 137|0x00000000aad00000, 0x00000000aae00000, 0x00000000aae00000|100%| E|CS|TAMS 0x00000000aad00000| PB 0x00000000aad00000| Complete |  0
| 138|0x00000000aae00000, 0x00000000aaf00000, 0x00000000aaf00000|100%| E|CS|TAMS 0x00000000aae00000| PB 0x00000000aae00000| Complete |  0
| 139|0x00000000aaf00000, 0x00000000ab000000, 0x00000000ab000000|100%| E|CS|TAMS 0x00000000aaf00000| PB 0x00000000aaf00000| Complete |  0
| 140|0x00000000ab000000, 0x00000000ab100000, 0x00000000ab100000|100%| E|CS|TAMS 0x00000000ab000000| PB 0x00000000ab000000| Complete |  0
| 141|0x00000000ab100000, 0x00000000ab200000, 0x00000000ab200000|100%| E|CS|TAMS 0x00000000ab100000| PB 0x00000000ab100000| Complete |  0
| 142|0x00000000ab200000, 0x00000000ab300000, 0x00000000ab300000|100%| E|CS|TAMS 0x00000000ab200000| PB 0x00000000ab200000| Complete |  0
| 143|0x00000000ab300000, 0x00000000ab400000, 0x00000000ab400000|100%| E|CS|TAMS 0x00000000ab300000| PB 0x00000000ab300000| Complete |  0
| 144|0x00000000ab400000, 0x00000000ab500000, 0x00000000ab500000|100%| E|CS|TAMS 0x00000000ab400000| PB 0x00000000ab400000| Complete |  0
| 145|0x00000000ab500000, 0x00000000ab600000, 0x00000000ab600000|100%| E|CS|TAMS 0x00000000ab500000| PB 0x00000000ab500000| Complete |  0
| 146|0x00000000ab600000, 0x00000000ab700000, 0x00000000ab700000|100%| E|CS|TAMS 0x00000000ab600000| PB 0x00000000ab600000| Complete |  0
| 147|0x00000000ab700000, 0x00000000ab800000, 0x00000000ab800000|100%| E|CS|TAMS 0x00000000ab700000| PB 0x00000000ab700000| Complete |  0
| 148|0x00000000ab800000, 0x00000000ab900000, 0x00000000ab900000|100%| E|CS|TAMS 0x00000000ab800000| PB 0x00000000ab800000| Complete |  0
| 149|0x00000000ab900000, 0x00000000aba00000, 0x00000000aba00000|100%| E|CS|TAMS 0x00000000ab900000| PB 0x00000000ab900000| Complete |  0
| 150|0x00000000aba00000, 0x00000000abb00000, 0x00000000abb00000|100%| E|CS|TAMS 0x00000000aba00000| PB 0x00000000aba00000| Complete |  0
| 151|0x00000000abb00000, 0x00000000abc00000, 0x00000000abc00000|100%| E|CS|TAMS 0x00000000abb00000| PB 0x00000000abb00000| Complete |  0
| 152|0x00000000abc00000, 0x00000000abd00000, 0x00000000abd00000|100%| E|CS|TAMS 0x00000000abc00000| PB 0x00000000abc00000| Complete |  0
| 153|0x00000000abd00000, 0x00000000abe00000, 0x00000000abe00000|100%| E|CS|TAMS 0x00000000abd00000| PB 0x00000000abd00000| Complete |  0
| 154|0x00000000abe00000, 0x00000000abf00000, 0x00000000abf00000|100%| E|CS|TAMS 0x00000000abe00000| PB 0x00000000abe00000| Complete |  0
| 155|0x00000000abf00000, 0x00000000ac000000, 0x00000000ac000000|100%| E|CS|TAMS 0x00000000abf00000| PB 0x00000000abf00000| Complete |  0
| 156|0x00000000ac000000, 0x00000000ac100000, 0x00000000ac100000|100%| E|CS|TAMS 0x00000000ac000000| PB 0x00000000ac000000| Complete |  0
| 157|0x00000000ac100000, 0x00000000ac200000, 0x00000000ac200000|100%| E|  |TAMS 0x00000000ac100000| PB 0x00000000ac100000| Complete |  0
| 158|0x00000000ac200000, 0x00000000ac300000, 0x00000000ac300000|100%| E|CS|TAMS 0x00000000ac200000| PB 0x00000000ac200000| Complete |  0
| 159|0x00000000ac300000, 0x00000000ac400000, 0x00000000ac400000|100%| E|CS|TAMS 0x00000000ac300000| PB 0x00000000ac300000| Complete |  0
| 160|0x00000000ac400000, 0x00000000ac500000, 0x00000000ac500000|100%| E|CS|TAMS 0x00000000ac400000| PB 0x00000000ac400000| Complete |  0
| 161|0x00000000ac500000, 0x00000000ac600000, 0x00000000ac600000|100%| E|CS|TAMS 0x00000000ac500000| PB 0x00000000ac500000| Complete |  0
| 162|0x00000000ac600000, 0x00000000ac700000, 0x00000000ac700000|100%| E|CS|TAMS 0x00000000ac600000| PB 0x00000000ac600000| Complete |  0
| 163|0x00000000ac700000, 0x00000000ac800000, 0x00000000ac800000|100%| E|CS|TAMS 0x00000000ac700000| PB 0x00000000ac700000| Complete |  0
| 164|0x00000000ac800000, 0x00000000ac900000, 0x00000000ac900000|100%| E|CS|TAMS 0x00000000ac800000| PB 0x00000000ac800000| Complete |  0
| 165|0x00000000ac900000, 0x00000000aca00000, 0x00000000aca00000|100%| E|CS|TAMS 0x00000000ac900000| PB 0x00000000ac900000| Complete |  0
| 166|0x00000000aca00000, 0x00000000acb00000, 0x00000000acb00000|100%| E|CS|TAMS 0x00000000aca00000| PB 0x00000000aca00000| Complete |  0
| 167|0x00000000acb00000, 0x00000000acc00000, 0x00000000acc00000|100%| E|CS|TAMS 0x00000000acb00000| PB 0x00000000acb00000| Complete |  0
| 168|0x00000000acc00000, 0x00000000acd00000, 0x00000000acd00000|100%| E|CS|TAMS 0x00000000acc00000| PB 0x00000000acc00000| Complete |  0
| 169|0x00000000acd00000, 0x00000000ace00000, 0x00000000ace00000|100%| E|CS|TAMS 0x00000000acd00000| PB 0x00000000acd00000| Complete |  0
| 170|0x00000000ace00000, 0x00000000acf00000, 0x00000000acf00000|100%| E|CS|TAMS 0x00000000ace00000| PB 0x00000000ace00000| Complete |  0
| 171|0x00000000acf00000, 0x00000000ad000000, 0x00000000ad000000|100%| E|CS|TAMS 0x00000000acf00000| PB 0x00000000acf00000| Complete |  0
| 172|0x00000000ad000000, 0x00000000ad100000, 0x00000000ad100000|100%| E|CS|TAMS 0x00000000ad000000| PB 0x00000000ad000000| Complete |  0
| 173|0x00000000ad100000, 0x00000000ad200000, 0x00000000ad200000|100%| E|CS|TAMS 0x00000000ad100000| PB 0x00000000ad100000| Complete |  0
| 174|0x00000000ad200000, 0x00000000ad300000, 0x00000000ad300000|100%| E|CS|TAMS 0x00000000ad200000| PB 0x00000000ad200000| Complete |  0
|1495|0x00000000ffb00000, 0x00000000ffc00000, 0x00000000ffc00000|100%| O|  |TAMS 0x00000000ffb00000| PB 0x00000000ffb00000| Untracked |  0
|1496|0x00000000ffc00000, 0x00000000ffd00000, 0x00000000ffd00000|100%| O|  |TAMS 0x00000000ffc00000| PB 0x00000000ffc00000| Untracked |  0
|1497|0x00000000ffd00000, 0x00000000ffe00000, 0x00000000ffe00000|100%| O|  |TAMS 0x00000000ffd00000| PB 0x00000000ffd00000| Untracked |  0
|1498|0x00000000ffe00000, 0x00000000fff00000, 0x00000000fff00000|100%| O|  |TAMS 0x00000000ffe00000| PB 0x00000000ffe00000| Untracked |  0
|1499|0x00000000fff00000, 0x0000000100000000, 0x0000000100000000|100%| E|CS|TAMS 0x00000000fff00000| PB 0x00000000fff00000| Complete |  0

Card table byte_map: [0x0000024373920000,0x0000024373c10000] _byte_map_base: 0x000002437340e000

Marking Bits: (CMBitMap*) 0x000002435990de50
 Bits: [0x0000024373c10000, 0x0000024375380000)

Polling page: 0x0000024363820000

Metaspace:

Usage:
  Non-class:     84.11 MB used.
      Class:     10.81 MB used.
       Both:     94.91 MB used.

Virtual space:
  Non-class space:      128.00 MB reserved,      84.50 MB ( 66%) committed,  2 nodes.
      Class space:        1.00 GB reserved,      11.12 MB (  1%) committed,  1 nodes.
             Both:        1.12 GB reserved,      95.62 MB (  8%) committed. 

Chunk freelists:
   Non-Class:  11.48 MB
       Class:  4.73 MB
        Both:  16.21 MB

MaxMetaspaceSize: unlimited
CompressedClassSpaceSize: 1.00 GB
Initial GC threshold: 21.00 MB
Current GC threshold: 134.81 MB
CDS: on
 - commit_granule_bytes: 65536.
 - commit_granule_words: 8192.
 - virtual_space_node_default_size: 8388608.
 - enlarge_chunks_in_place: 1.
UseCompressedClassPointers 1, UseCompactObjectHeaders 0
Narrow klass pointer bits 32, Max shift 3
Narrow klass base: 0x0000024300000000, Narrow klass shift: 0
Encoding Range: [0x0000024300000000 - 0x0000024400000000), (4294967296 bytes)
Klass Range:    [0x0000024300000000 - 0x0000024341000000), (1090519040 bytes)
Klass ID Range:  [8 - 1090519033) (1090519025)


Internal statistics:

num_allocs_failed_limit: 9.
num_arena_births: 954.
num_arena_deaths: 0.
num_vsnodes_births: 3.
num_vsnodes_deaths: 0.
num_space_committed: 1530.
num_space_uncommitted: 0.
num_chunks_returned_to_freelist: 9.
num_chunks_taken_from_freelist: 4266.
num_chunk_merges: 3.
num_chunk_splits: 3190.
num_chunks_enlarged: 2693.
num_inconsistent_stats: 0.

CodeHeap 'non-profiled nmethods': size=120064Kb used=4661Kb max_used=4661Kb free=115402Kb
 bounds [0x000002436b460000, 0x000002436b8f0000, 0x00000243729a0000]
CodeHeap 'profiled nmethods': size=120000Kb used=13979Kb max_used=13979Kb free=106020Kb
 bounds [0x00000243639a0000, 0x0000024364750000, 0x000002436aed0000]
CodeHeap 'non-nmethods': size=5696Kb used=1653Kb max_used=1762Kb free=4042Kb
 bounds [0x000002436aed0000, 0x000002436b140000, 0x000002436b460000]
CodeCache: size=245760Kb, used=20293Kb, max_used=20402Kb, free=225464Kb
 total_blobs=9293, nmethods=8495, adapters=701, full_count=0
Compilation: enabled, stopped_count=0, restarted_count=0

Compilation events (20 events):
Event: 7531.275 Thread 0x000002437805d280 nmethod 9834 0x0000024364743d08 code [0x0000024364743e20, 0x0000024364743f80]
Event: 7531.275 Thread 0x000002437805d280 9835       3       com.mysql.cj.protocol.a.NativePacketPayload::writeBytes (124 bytes)
Event: 7531.279 Thread 0x000002437805d280 nmethod 9835 0x0000024364744008 code [0x00000243647441a0, 0x0000024364744808]
Event: 7531.301 Thread 0x0000024378059b20 9836       4       java.nio.ByteBuffer::allocate (20 bytes)
Event: 7531.314 Thread 0x0000024378059b20 nmethod 9836 0x000002436b8ecc88 code [0x000002436b8ecda0, 0x000002436b8ed0e0]
Event: 7560.223 Thread 0x000002437805d280 9837       3       com.mysql.cj.conf.StringProperty::getStringValue (8 bytes)
Event: 7560.226 Thread 0x0000024378059b20 9838       4       java.util.AbstractCollection::isEmpty (13 bytes)
Event: 7560.227 Thread 0x000002437805d280 nmethod 9837 0x0000024364744888 code [0x00000243647449a0, 0x0000024364744b80]
Event: 7560.228 Thread 0x0000024378059b20 nmethod 9838 0x000002436b8ed188 code [0x000002436b8ed280, 0x000002436b8ed328]
Event: 7560.230 Thread 0x000002437805d280 9839       3       java.math.BigInteger::stripLeadingZeroBytes (186 bytes)
Event: 7560.234 Thread 0x000002437805d280 nmethod 9839 0x0000024364744c08 code [0x0000024364744d80, 0x00000243647453a0]
Event: 7560.234 Thread 0x0000024378059b20 9842       4       java.math.BigInteger::implMultiplyToLen (195 bytes)
Event: 7560.234 Thread 0x000002437805d280 9840       3       java.math.MutableBigInteger::getMagnitudeArray (69 bytes)
Event: 7560.235 Thread 0x000002437805d280 nmethod 9840 0x0000024364745408 code [0x0000024364745540, 0x00000243647457b0]
Event: 7560.235 Thread 0x000002437805d280 9841       3       sun.security.ssl.ContentType::values (10 bytes)
Event: 7560.238 Thread 0x000002437805d280 nmethod 9841 0x0000024364745808 code [0x0000024364745920, 0x0000024364745b98]
Event: 7560.238 Thread 0x000002437805d280 9843   !   3       sun.security.ssl.SSLSecretDerivation::createHkdfInfo (53 bytes)
Event: 7560.245 Thread 0x000002437805d280 nmethod 9843 0x0000024364745c08 code [0x0000024364745de0, 0x0000024364746688]
Event: 7560.245 Thread 0x000002437805d280 9845       3       com.mysql.cj.protocol.a.NativeProtocol::versionMeetsMinimum (21 bytes)
Event: 7560.249 Thread 0x000002437805d280 nmethod 9845 0x0000024364746708 code [0x0000024364746860, 0x0000024364746c38]

GC Heap History (20 events):
Event: 7.657 GC heap before
{Heap before GC invocations=18 (full 0):
 garbage-first heap   total reserved 1536000K, committed 66560K, used 59055K [0x00000000a2400000, 0x0000000100000000)
  region size 1024K, 23 young (23552K), 2 survivors (2048K)
 Metaspace       used 81942K, committed 82496K, reserved 1179648K
  class space    used 9317K, committed 9536K, reserved 1048576K
}
Event: 7.660 GC heap after
{Heap after GC invocations=19 (full 0):
 garbage-first heap   total reserved 1536000K, committed 66560K, used 39680K [0x00000000a2400000, 0x0000000100000000)
  region size 1024K, 3 young (3072K), 3 survivors (3072K)
 Metaspace       used 81942K, committed 82496K, reserved 1179648K
  class space    used 9317K, committed 9536K, reserved 1048576K
}
Event: 7.683 GC heap before
{Heap before GC invocations=19 (full 0):
 garbage-first heap   total reserved 1536000K, committed 66560K, used 59136K [0x00000000a2400000, 0x0000000100000000)
  region size 1024K, 22 young (22528K), 3 survivors (3072K)
 Metaspace       used 81942K, committed 82496K, reserved 1179648K
  class space    used 9317K, committed 9536K, reserved 1048576K
}
Event: 7.685 GC heap after
{Heap after GC invocations=20 (full 0):
 garbage-first heap   total reserved 1536000K, committed 79872K, used 40114K [0x00000000a2400000, 0x0000000100000000)
  region size 1024K, 2 young (2048K), 2 survivors (2048K)
 Metaspace       used 81942K, committed 82496K, reserved 1179648K
  class space    used 9317K, committed 9536K, reserved 1048576K
}
Event: 7.731 GC heap before
{Heap before GC invocations=21 (full 0):
 garbage-first heap   total reserved 1536000K, committed 79872K, used 71858K [0x00000000a2400000, 0x0000000100000000)
  region size 1024K, 33 young (33792K), 2 survivors (2048K)
 Metaspace       used 81946K, committed 82496K, reserved 1179648K
  class space    used 9317K, committed 9536K, reserved 1048576K
}
Event: 7.733 GC heap after
{Heap after GC invocations=22 (full 0):
 garbage-first heap   total reserved 1536000K, committed 79872K, used 40991K [0x00000000a2400000, 0x0000000100000000)
  region size 1024K, 3 young (3072K), 3 survivors (3072K)
 Metaspace       used 81946K, committed 82496K, reserved 1179648K
  class space    used 9317K, committed 9536K, reserved 1048576K
}
Event: 7.811 GC heap before
{Heap before GC invocations=22 (full 0):
 garbage-first heap   total reserved 1536000K, committed 79872K, used 70687K [0x00000000a2400000, 0x0000000100000000)
  region size 1024K, 32 young (32768K), 3 survivors (3072K)
 Metaspace       used 82270K, committed 82816K, reserved 1179648K
  class space    used 9362K, committed 9600K, reserved 1048576K
}
Event: 7.817 GC heap after
{Heap after GC invocations=23 (full 0):
 garbage-first heap   total reserved 1536000K, committed 79872K, used 44323K [0x00000000a2400000, 0x0000000100000000)
  region size 1024K, 4 young (4096K), 4 survivors (4096K)
 Metaspace       used 82270K, committed 82816K, reserved 1179648K
  class space    used 9362K, committed 9600K, reserved 1048576K
}
Event: 7.846 GC heap before
{Heap before GC invocations=23 (full 0):
 garbage-first heap   total reserved 1536000K, committed 79872K, used 68899K [0x00000000a2400000, 0x0000000100000000)
  region size 1024K, 28 young (28672K), 4 survivors (4096K)
 Metaspace       used 82271K, committed 82816K, reserved 1179648K
  class space    used 9362K, committed 9600K, reserved 1048576K
}
Event: 7.856 GC heap after
{Heap after GC invocations=24 (full 0):
 garbage-first heap   total reserved 1536000K, committed 82944K, used 53504K [0x00000000a2400000, 0x0000000100000000)
  region size 1024K, 4 young (4096K), 4 survivors (4096K)
 Metaspace       used 82271K, committed 82816K, reserved 1179648K
  class space    used 9362K, committed 9600K, reserved 1048576K
}
Event: 7.879 GC heap before
{Heap before GC invocations=25 (full 0):
 garbage-first heap   total reserved 1536000K, committed 92160K, used 70912K [0x00000000a2400000, 0x0000000100000000)
  region size 1024K, 20 young (20480K), 4 survivors (4096K)
 Metaspace       used 82271K, committed 82816K, reserved 1179648K
  class space    used 9362K, committed 9600K, reserved 1048576K
}
Event: 7.887 GC heap after
{Heap after GC invocations=26 (full 0):
 garbage-first heap   total reserved 1536000K, committed 92160K, used 61283K [0x00000000a2400000, 0x0000000100000000)
  region size 1024K, 3 young (3072K), 3 survivors (3072K)
 Metaspace       used 82271K, committed 82816K, reserved 1179648K
  class space    used 9362K, committed 9600K, reserved 1048576K
}
Event: 7.911 GC heap before
{Heap before GC invocations=26 (full 0):
 garbage-first heap   total reserved 1536000K, committed 92160K, used 78691K [0x00000000a2400000, 0x0000000100000000)
  region size 1024K, 20 young (20480K), 3 survivors (3072K)
 Metaspace       used 82273K, committed 82816K, reserved 1179648K
  class space    used 9362K, committed 9600K, reserved 1048576K
}
Event: 7.915 GC heap after
{Heap after GC invocations=27 (full 0):
 garbage-first heap   total reserved 1536000K, committed 92160K, used 64494K [0x00000000a2400000, 0x0000000100000000)
  region size 1024K, 3 young (3072K), 3 survivors (3072K)
 Metaspace       used 82273K, committed 82816K, reserved 1179648K
  class space    used 9362K, committed 9600K, reserved 1048576K
}
Event: 7.925 GC heap before
{Heap before GC invocations=27 (full 0):
 garbage-first heap   total reserved 1536000K, committed 92160K, used 79854K [0x00000000a2400000, 0x0000000100000000)
  region size 1024K, 18 young (18432K), 3 survivors (3072K)
 Metaspace       used 82275K, committed 82816K, reserved 1179648K
  class space    used 9362K, committed 9600K, reserved 1048576K
}
Event: 7.928 GC heap after
{Heap after GC invocations=28 (full 0):
 garbage-first heap   total reserved 1536000K, committed 184320K, used 64187K [0x00000000a2400000, 0x0000000100000000)
  region size 1024K, 2 young (2048K), 2 survivors (2048K)
 Metaspace       used 82275K, committed 82816K, reserved 1179648K
  class space    used 9362K, committed 9600K, reserved 1048576K
}
Event: 8.008 GC heap before
{Heap before GC invocations=28 (full 0):
 garbage-first heap   total reserved 1536000K, committed 184320K, used 134843K [0x00000000a2400000, 0x0000000100000000)
  region size 1024K, 71 young (72704K), 2 survivors (2048K)
 Metaspace       used 82313K, committed 82816K, reserved 1179648K
  class space    used 9362K, committed 9600K, reserved 1048576K
}
Event: 8.010 GC heap after
{Heap after GC invocations=29 (full 0):
 garbage-first heap   total reserved 1536000K, committed 184320K, used 65213K [0x00000000a2400000, 0x0000000100000000)
  region size 1024K, 3 young (3072K), 3 survivors (3072K)
 Metaspace       used 82313K, committed 82816K, reserved 1179648K
  class space    used 9362K, committed 9600K, reserved 1048576K
}
Event: 8.864 GC heap before
{Heap before GC invocations=29 (full 0):
 garbage-first heap   total reserved 1536000K, committed 184320K, used 133821K [0x00000000a2400000, 0x0000000100000000)
  region size 1024K, 70 young (71680K), 3 survivors (3072K)
 Metaspace       used 88368K, committed 89024K, reserved 1179648K
  class space    used 10100K, committed 10368K, reserved 1048576K
}
Event: 8.869 GC heap after
{Heap after GC invocations=30 (full 0):
 garbage-first heap   total reserved 1536000K, committed 184320K, used 69177K [0x00000000a2400000, 0x0000000100000000)
  region size 1024K, 6 young (6144K), 6 survivors (6144K)
 Metaspace       used 88368K, committed 89024K, reserved 1179648K
  class space    used 10100K, committed 10368K, reserved 1048576K
}

Dll operation events (13 events):
Event: 0.015 Loaded shared library C:\Users\Avinash Jadhav\.jdks\openjdk-24.0.1\bin\java.dll
Event: 0.047 Loaded shared library C:\Users\Avinash Jadhav\.jdks\openjdk-24.0.1\bin\jsvml.dll
Event: 0.172 Loaded shared library C:\Users\Avinash Jadhav\.jdks\openjdk-24.0.1\bin\zip.dll
Event: 0.178 Loaded shared library C:\Users\Avinash Jadhav\.jdks\openjdk-24.0.1\bin\instrument.dll
Event: 0.187 Loaded shared library C:\Users\Avinash Jadhav\.jdks\openjdk-24.0.1\bin\net.dll
Event: 0.190 Loaded shared library C:\Users\Avinash Jadhav\.jdks\openjdk-24.0.1\bin\nio.dll
Event: 0.194 Loaded shared library C:\Users\Avinash Jadhav\.jdks\openjdk-24.0.1\bin\zip.dll
Event: 0.328 Loaded shared library C:\Program Files\JetBrains\IntelliJ IDEA Community Edition 2023.1.3\bin\breakgen64.dll
Event: 0.345 Loaded shared library C:\Users\Avinash Jadhav\.jdks\openjdk-24.0.1\bin\extnet.dll
Event: 0.354 Loaded shared library C:\Users\Avinash Jadhav\.jdks\openjdk-24.0.1\bin\jimage.dll
Event: 2.000 Loaded shared library C:\Users\Avinash Jadhav\.jdks\openjdk-24.0.1\bin\sunmscapi.dll
Event: 3.869 Loaded shared library C:\Users\Avinash Jadhav\.jdks\openjdk-24.0.1\bin\management.dll
Event: 3.873 Loaded shared library C:\Users\Avinash Jadhav\.jdks\openjdk-24.0.1\bin\management_ext.dll

Deoptimization events (20 events):
Event: 7414.163 Thread 0x000002434735a920 DEOPT PACKING pc=0x0000024364306497 sp=0x000000c99a0fdb40
Event: 7414.164 Thread 0x000002434735a920 DEOPT UNPACKING pc=0x000002436af25722 sp=0x000000c99a0fd068 mode 0
Event: 7424.888 Thread 0x000002434735b7c0 Uncommon trap: trap_request=0xffffffbe fr.pc=0x000002436b8e5d54 relative=0x0000000000000514
Event: 7424.888 Thread 0x000002434735b7c0 Uncommon trap: reason=profile_predicate action=maybe_recompile pc=0x000002436b8e5d54 method=com.sun.crypto.provider.HmacCore.engineInit(Ljava/security/Key;Ljava/security/spec/AlgorithmParameterSpec;)V @ 88 c2
Event: 7424.889 Thread 0x000002434735b7c0 DEOPT PACKING pc=0x000002436b8e5d54 sp=0x000000c99a0fe250
Event: 7424.889 Thread 0x000002434735b7c0 DEOPT UNPACKING pc=0x000002436afe6382 sp=0x000000c99a0fe1e8 mode 2
Event: 7424.889 Thread 0x000002434735b7c0 Uncommon trap: trap_request=0xffffffbe fr.pc=0x000002436b8e5d54 relative=0x0000000000000514
Event: 7424.889 Thread 0x000002434735b7c0 Uncommon trap: reason=profile_predicate action=maybe_recompile pc=0x000002436b8e5d54 method=com.sun.crypto.provider.HmacCore.engineInit(Ljava/security/Key;Ljava/security/spec/AlgorithmParameterSpec;)V @ 88 c2
Event: 7424.889 Thread 0x000002434735b7c0 DEOPT PACKING pc=0x000002436b8e5d54 sp=0x000000c99a0fe1b0
Event: 7424.891 Thread 0x000002434735b7c0 DEOPT UNPACKING pc=0x000002436afe6382 sp=0x000000c99a0fe148 mode 2
Event: 7424.891 Thread 0x000002434735b7c0 Uncommon trap: trap_request=0xffffffbe fr.pc=0x000002436b8e5d54 relative=0x0000000000000514
Event: 7424.891 Thread 0x000002434735b7c0 Uncommon trap: reason=profile_predicate action=maybe_recompile pc=0x000002436b8e5d54 method=com.sun.crypto.provider.HmacCore.engineInit(Ljava/security/Key;Ljava/security/spec/AlgorithmParameterSpec;)V @ 88 c2
Event: 7424.891 Thread 0x000002434735b7c0 DEOPT PACKING pc=0x000002436b8e5d54 sp=0x000000c99a0fe2d0
Event: 7424.891 Thread 0x000002434735b7c0 DEOPT UNPACKING pc=0x000002436afe6382 sp=0x000000c99a0fe268 mode 2
Event: 7424.891 Thread 0x000002434735b7c0 Uncommon trap: trap_request=0xffffffbe fr.pc=0x000002436b8e5d54 relative=0x0000000000000514
Event: 7424.891 Thread 0x000002434735b7c0 Uncommon trap: reason=profile_predicate action=maybe_recompile pc=0x000002436b8e5d54 method=com.sun.crypto.provider.HmacCore.engineInit(Ljava/security/Key;Ljava/security/spec/AlgorithmParameterSpec;)V @ 88 c2
Event: 7424.891 Thread 0x000002434735b7c0 DEOPT PACKING pc=0x000002436b8e5d54 sp=0x000000c99a0fe2d0
Event: 7424.892 Thread 0x000002434735b7c0 DEOPT UNPACKING pc=0x000002436afe6382 sp=0x000000c99a0fe268 mode 2
Event: 7560.235 Thread 0x0000024347358be0 DEOPT PACKING pc=0x00000243646f4bb7 sp=0x000000c99a0fda40
Event: 7560.236 Thread 0x0000024347358be0 DEOPT UNPACKING pc=0x000002436af25722 sp=0x000000c99a0fcec0 mode 0

Classes loaded (20 events):
Event: 100.844 Loading class java/util/zip/GZIPInputStream
Event: 100.846 Loading class java/util/zip/GZIPInputStream done
Event: 100.846 Loading class java/util/zip/GZIPOutputStream
Event: 100.847 Loading class java/util/zip/GZIPOutputStream done
Event: 101.043 Loading class java/util/ArrayList$SubList$2
Event: 101.044 Loading class java/util/ArrayList$SubList$2 done
Event: 101.072 Loading class java/util/function/IntBinaryOperator
Event: 101.072 Loading class java/util/function/IntBinaryOperator done
Event: 101.072 Loading class java/util/stream/ReduceOps$7
Event: 101.073 Loading class java/util/stream/ReduceOps$7 done
Event: 101.073 Loading class java/util/stream/ReduceOps$6ReducingSink
Event: 101.074 Loading class java/util/stream/ReduceOps$6ReducingSink done
Event: 5882.811 Loading class sun/security/ssl/Alert
Event: 5882.909 Loading class sun/security/ssl/Alert done
Event: 5882.924 Loading class sun/security/ssl/Alert$AlertConsumer
Event: 5882.952 Loading class sun/security/ssl/Alert$AlertConsumer done
Event: 5882.953 Loading class sun/security/ssl/Alert$Level
Event: 5882.958 Loading class sun/security/ssl/Alert$Level done
Event: 5882.984 Loading class sun/net/ConnectionResetException
Event: 5882.991 Loading class sun/net/ConnectionResetException done

Classes unloaded (0 events):
No events

Classes redefined (0 events):
No events

Internal exceptions (20 events):
Event: 101.042 Thread 0x0000024349b91a50 Exception <a 'java/lang/NoSuchMethodError'{0x00000000ab2594d0}: 'java.lang.Object java.lang.invoke.DirectMethodHandle$Holder.invokeStatic(java.lang.Object, int, int)'> (0x00000000ab2594d0) 
thrown [s\open\src\hotspot\share\interpreter\linkResolver.cpp, line 805]
Event: 101.054 Thread 0x0000024349b91a50 Exception <a 'java/io/IOException'{0x00000000ab27e6f0}> (0x00000000ab27e6f0) 
thrown [s\open\src\hotspot\share\prims\jni.cpp, line 518]
Event: 256.562 Thread 0x0000024349cf9530 Exception <a 'java/io/IOException'{0x00000000aafd0858}> (0x00000000aafd0858) 
thrown [s\open\src\hotspot\share\prims\jni.cpp, line 518]
Event: 405.108 Thread 0x0000024349cf77f0 Exception <a 'java/lang/IncompatibleClassChangeError'{0x00000000aad30978}: Found class java.lang.Object, but interface was expected> (0x00000000aad30978) 
thrown [s\open\src\hotspot\share\interpreter\linkResolver.cpp, line 872]
Event: 482.556 Thread 0x0000024349cf7f40 Exception <a 'java/lang/NoSuchMethodError'{0x00000000aaa2e740}: 'java.lang.Object java.lang.invoke.DirectMethodHandle$Holder.invokeInterface(java.lang.Object, java.lang.Object, java.lang.Object, java.lang.Object, java.lang.Object)'> (0x00000000aaa2e740) 
thrown [s\open\src\hotspot\share\interpreter\linkResolver.cpp, line 805]
Event: 986.058 Thread 0x0000024349cf7f40 Implicit null exception at 0x000002436b65d58e to 0x000002436b65de38
Event: 986.061 Thread 0x0000024349cf7f40 Implicit null exception at 0x000002436b7d9d38 to 0x000002436b7dbb3c
Event: 5878.262 Thread 0x00000243474bb460 Implicit null exception at 0x000002436b8b0f1d to 0x000002436b8b11e4
Event: 5878.524 Thread 0x00000243474bad10 Implicit null exception at 0x000002436b8b0f1d to 0x000002436b8b11e4
Event: 5878.527 Thread 0x00000243474bad10 Implicit null exception at 0x000002436b8b0f1d to 0x000002436b8b11e4
Event: 5878.527 Thread 0x00000243474bad10 Implicit null exception at 0x000002436b8b0f1d to 0x000002436b8b11e4
Event: 5878.528 Thread 0x00000243474bad10 Implicit null exception at 0x000002436b8b149b to 0x000002436b8b1750
Event: 5882.965 Thread 0x0000024348408650 Exception <a 'java/io/IOException'{0x00000000a9d70358}> (0x00000000a9d70358) 
thrown [s\open\src\hotspot\share\prims\jni.cpp, line 518]
Event: 5882.983 Thread 0x0000024348408650 Exception <a 'java/io/IOException'{0x00000000a9d717b8}> (0x00000000a9d717b8) 
thrown [s\open\src\hotspot\share\prims\jni.cpp, line 518]
Event: 7246.009 Thread 0x0000024348408650 Exception <a 'java/io/IOException'{0x00000000a98d90e8}> (0x00000000a98d90e8) 
thrown [s\open\src\hotspot\share\prims\jni.cpp, line 518]
Event: 7246.029 Thread 0x0000024348408650 Exception <a 'java/io/IOException'{0x00000000a98d9d50}> (0x00000000a98d9d50) 
thrown [s\open\src\hotspot\share\prims\jni.cpp, line 518]
Event: 7414.021 Thread 0x0000024348408650 Exception <a 'java/io/IOException'{0x00000000a96814e0}> (0x00000000a96814e0) 
thrown [s\open\src\hotspot\share\prims\jni.cpp, line 518]
Event: 7414.029 Thread 0x0000024348408650 Exception <a 'java/io/IOException'{0x00000000a9682148}> (0x00000000a9682148) 
thrown [s\open\src\hotspot\share\prims\jni.cpp, line 518]
Event: 7531.160 Thread 0x0000024348408650 Exception <a 'java/io/IOException'{0x00000000a9236908}> (0x00000000a9236908) 
thrown [s\open\src\hotspot\share\prims\jni.cpp, line 518]
Event: 7531.173 Thread 0x0000024348408650 Exception <a 'java/io/IOException'{0x00000000a9237570}> (0x00000000a9237570) 
thrown [s\open\src\hotspot\share\prims\jni.cpp, line 518]

VM Operations (20 events):
Event: 480.899 Executing VM operation: HandshakeAllThreads (HandshakeForDeflation)
Event: 480.920 Executing VM operation: HandshakeAllThreads (HandshakeForDeflation) done
Event: 480.920 Executing VM operation: RendezvousGCThreads
Event: 480.920 Executing VM operation: RendezvousGCThreads done
Event: 540.964 Executing VM operation: HandshakeAllThreads (HandshakeForDeflation)
Event: 540.966 Executing VM operation: HandshakeAllThreads (HandshakeForDeflation) done
Event: 540.966 Executing VM operation: RendezvousGCThreads
Event: 540.966 Executing VM operation: RendezvousGCThreads done
Event: 781.273 Executing VM operation: HandshakeAllThreads (HandshakeForDeflation)
Event: 781.275 Executing VM operation: HandshakeAllThreads (HandshakeForDeflation) done
Event: 781.275 Executing VM operation: RendezvousGCThreads
Event: 781.275 Executing VM operation: RendezvousGCThreads done
Event: 841.500 Executing VM operation: HandshakeAllThreads (HandshakeForDeflation)
Event: 841.503 Executing VM operation: HandshakeAllThreads (HandshakeForDeflation) done
Event: 841.503 Executing VM operation: RendezvousGCThreads
Event: 841.504 Executing VM operation: RendezvousGCThreads done
Event: 1022.015 Executing VM operation: HandshakeAllThreads (HandshakeForDeflation)
Event: 1022.032 Executing VM operation: HandshakeAllThreads (HandshakeForDeflation) done
Event: 1022.032 Executing VM operation: RendezvousGCThreads
Event: 1022.032 Executing VM operation: RendezvousGCThreads done

Memory protections (0 events):
No events

Nmethod flushes (20 events):
Event: 7.876 Thread 0x000002437802e0c0 flushing  nmethod 0x00000243643bf508
Event: 7.876 Thread 0x000002437802e0c0 flushing  nmethod 0x00000243643bfa88
Event: 7.876 Thread 0x000002437802e0c0 flushing  nmethod 0x00000243643c0c88
Event: 7.876 Thread 0x000002437802e0c0 flushing  nmethod 0x00000243643c1088
Event: 7.876 Thread 0x000002437802e0c0 flushing  nmethod 0x00000243643c1408
Event: 7.876 Thread 0x000002437802e0c0 flushing  nmethod 0x00000243643c1c88
Event: 7.876 Thread 0x000002437802e0c0 flushing  nmethod 0x000002436b475988
Event: 7.876 Thread 0x000002437802e0c0 flushing  nmethod 0x000002436b69ac88
Event: 7.876 Thread 0x000002437802e0c0 flushing  nmethod 0x00000243639df488
Event: 7.876 Thread 0x000002437802e0c0 flushing  nmethod 0x00000243639e1e08
Event: 7.876 Thread 0x000002437802e0c0 flushing  nmethod 0x0000024363a28f88
Event: 7.876 Thread 0x000002437802e0c0 flushing  nmethod 0x0000024363a45988
Event: 7.876 Thread 0x000002437802e0c0 flushing  nmethod 0x0000024363b51708
Event: 7.876 Thread 0x000002437802e0c0 flushing  nmethod 0x0000024364224388
Event: 7.876 Thread 0x000002437802e0c0 flushing  nmethod 0x0000024364229c08
Event: 7.876 Thread 0x000002437802e0c0 flushing  nmethod 0x0000024364395a88
Event: 7.876 Thread 0x000002437802e0c0 flushing  nmethod 0x0000024364398188
Event: 7.876 Thread 0x000002437802e0c0 flushing  nmethod 0x0000024364398588
Event: 7.876 Thread 0x000002437802e0c0 flushing  nmethod 0x0000024364399d88
Event: 7.876 Thread 0x000002437802e0c0 flushing  nmethod 0x000002436439c008

Events (20 events):
Event: 7257.337 Thread 0x0000024348408650 Thread exited: 0x0000024348408650
Event: 7257.397 Thread 0x0000024347359a80 Thread exited: 0x0000024347359a80
Event: 7413.979 Thread 0x0000024348407060 Thread added: 0x0000024348408650
Event: 7414.033 Thread 0x0000024348408650 Thread added: 0x000002434735a920
Event: 7419.045 Thread 0x0000024348408650 Thread exited: 0x0000024348408650
Event: 7419.233 Thread 0x000002434735a920 Thread exited: 0x000002434735a920
Event: 7424.872 Thread 0x0000024348407060 Thread added: 0x0000024348408650
Event: 7424.875 Thread 0x0000024348408650 Thread added: 0x000002434735b7c0
Event: 7431.985 Thread 0x0000024348408650 Thread exited: 0x0000024348408650
Event: 7432.042 Thread 0x000002434735b7c0 Thread exited: 0x000002434735b7c0
Event: 7463.583 Thread 0x0000024348407060 Thread added: 0x0000024348408650
Event: 7463.589 Thread 0x0000024348408650 Thread added: 0x000002434735b070
Event: 7468.596 Thread 0x0000024348408650 Thread exited: 0x0000024348408650
Event: 7468.659 Thread 0x000002434735b070 Thread exited: 0x000002434735b070
Event: 7531.127 Thread 0x0000024348407060 Thread added: 0x0000024348408650
Event: 7531.177 Thread 0x0000024348408650 Thread added: 0x0000024347359330
Event: 7536.191 Thread 0x0000024348408650 Thread exited: 0x0000024348408650
Event: 7536.360 Thread 0x0000024347359330 Thread exited: 0x0000024347359330
Event: 7560.216 Thread 0x0000024348407060 Thread added: 0x0000024348408650
Event: 7560.220 Thread 0x0000024348408650 Thread added: 0x0000024347358be0


Dynamic libraries:
0x00007ff6aaa50000 - 0x00007ff6aaa5e000 	C:\Users\Avinash Jadhav\.jdks\openjdk-24.0.1\bin\java.exe
0x00007ffd41f80000 - 0x00007ffd421e7000 	C:\WINDOWS\SYSTEM32\ntdll.dll
0x00007ffd40e40000 - 0x00007ffd40f09000 	C:\WINDOWS\System32\KERNEL32.DLL
0x00007ffd3f190000 - 0x00007ffd3f57f000 	C:\WINDOWS\System32\KERNELBASE.dll
0x00007ffd3f8b0000 - 0x00007ffd3f9fb000 	C:\WINDOWS\System32\ucrtbase.dll
0x00007ffd380a0000 - 0x00007ffd380b6000 	C:\Users\Avinash Jadhav\.jdks\openjdk-24.0.1\bin\jli.dll
0x00007ffd36960000 - 0x00007ffd3697b000 	C:\Users\Avinash Jadhav\.jdks\openjdk-24.0.1\bin\VCRUNTIME140.dll
0x00007ffd410d0000 - 0x00007ffd41295000 	C:\WINDOWS\System32\USER32.dll
0x00007ffd3f880000 - 0x00007ffd3f8a7000 	C:\WINDOWS\System32\win32u.dll
0x00007ffd21360000 - 0x00007ffd215f3000 	C:\WINDOWS\WinSxS\amd64_microsoft.windows.common-controls_6595b64144ccf1df_6.0.26100.7309_none_3e05feeae336a044\COMCTL32.dll
0x00007ffd41580000 - 0x00007ffd415ab000 	C:\WINDOWS\System32\GDI32.dll
0x00007ffd408c0000 - 0x00007ffd40969000 	C:\WINDOWS\System32\msvcrt.dll
0x00007ffd3fbf0000 - 0x00007ffd3fd1c000 	C:\WINDOWS\System32\gdi32full.dll
0x00007ffd3fb40000 - 0x00007ffd3fbe3000 	C:\WINDOWS\System32\msvcp_win.dll
0x00007ffd41880000 - 0x00007ffd418b1000 	C:\WINDOWS\System32\IMM32.DLL
0x00007ffd37840000 - 0x00007ffd3784c000 	C:\Users\Avinash Jadhav\.jdks\openjdk-24.0.1\bin\vcruntime140_1.dll
0x00007ffd0d0b0000 - 0x00007ffd0d13e000 	C:\Users\Avinash Jadhav\.jdks\openjdk-24.0.1\bin\msvcp140.dll
0x00007ffc4d600000 - 0x00007ffc4e3a2000 	C:\Users\Avinash Jadhav\.jdks\openjdk-24.0.1\bin\server\jvm.dll
0x00007ffd41010000 - 0x00007ffd410c4000 	C:\WINDOWS\System32\ADVAPI32.dll
0x00007ffd41760000 - 0x00007ffd41806000 	C:\WINDOWS\System32\sechost.dll
0x00007ffd40d20000 - 0x00007ffd40e38000 	C:\WINDOWS\System32\RPCRT4.dll
0x00007ffd415e0000 - 0x00007ffd41654000 	C:\WINDOWS\System32\WS2_32.dll
0x00007ffd36ab0000 - 0x00007ffd36abb000 	C:\WINDOWS\SYSTEM32\VERSION.dll
0x00007ffd36080000 - 0x00007ffd360b5000 	C:\WINDOWS\SYSTEM32\WINMM.dll
0x00007ffd3ef50000 - 0x00007ffd3efae000 	C:\WINDOWS\SYSTEM32\POWRPROF.dll
0x00007ffd3ef30000 - 0x00007ffd3ef44000 	C:\WINDOWS\SYSTEM32\UMPDC.dll
0x00007ffd3de50000 - 0x00007ffd3de6b000 	C:\WINDOWS\SYSTEM32\kernel.appcore.dll
0x00007ffd36950000 - 0x00007ffd3695a000 	C:\Users\Avinash Jadhav\.jdks\openjdk-24.0.1\bin\jimage.dll
0x00007ffd3c8e0000 - 0x00007ffd3cb22000 	C:\WINDOWS\SYSTEM32\DBGHELP.DLL
0x00007ffd40990000 - 0x00007ffd40d16000 	C:\WINDOWS\System32\combase.dll
0x00007ffd412d0000 - 0x00007ffd413a6000 	C:\WINDOWS\System32\OLEAUT32.dll
0x00007ffd19fc0000 - 0x00007ffd19ffc000 	C:\WINDOWS\SYSTEM32\dbgcore.DLL
0x00007ffd3fa00000 - 0x00007ffd3faa5000 	C:\WINDOWS\System32\bcryptPrimitives.dll
0x00007ffd36900000 - 0x00007ffd3690f000 	C:\Users\Avinash Jadhav\.jdks\openjdk-24.0.1\bin\instrument.dll
0x00007ffd31ee0000 - 0x00007ffd31efe000 	C:\Users\Avinash Jadhav\.jdks\openjdk-24.0.1\bin\java.dll
0x00007ffd3ff00000 - 0x00007ffd40097000 	C:\WINDOWS\System32\ole32.dll
0x00007ffd40160000 - 0x00007ffd408b3000 	C:\WINDOWS\System32\SHELL32.dll
0x00007ffd3f710000 - 0x00007ffd3f87a000 	C:\WINDOWS\System32\wintypes.dll
0x00007ffd3cb30000 - 0x00007ffd3d38e000 	C:\WINDOWS\SYSTEM32\windows.storage.dll
0x00007ffd40f10000 - 0x00007ffd41005000 	C:\WINDOWS\System32\SHCORE.dll
0x00007ffd41810000 - 0x00007ffd41876000 	C:\WINDOWS\System32\shlwapi.dll
0x00007ffd3eff0000 - 0x00007ffd3f019000 	C:\WINDOWS\SYSTEM32\profapi.dll
0x00007ffcf9470000 - 0x00007ffcf9547000 	C:\Users\Avinash Jadhav\.jdks\openjdk-24.0.1\bin\jsvml.dll
0x00007ffd31ec0000 - 0x00007ffd31ed7000 	C:\Users\Avinash Jadhav\.jdks\openjdk-24.0.1\bin\zip.dll
0x00007ffd368f0000 - 0x00007ffd36900000 	C:\Users\Avinash Jadhav\.jdks\openjdk-24.0.1\bin\net.dll
0x00007ffd3e3f0000 - 0x00007ffd3e45b000 	C:\WINDOWS\system32\mswsock.dll
0x00007ffd31e70000 - 0x00007ffd31e86000 	C:\Users\Avinash Jadhav\.jdks\openjdk-24.0.1\bin\nio.dll
0x00007ffd31e50000 - 0x00007ffd31e6a000 	C:\Program Files\JetBrains\IntelliJ IDEA Community Edition 2023.1.3\bin\breakgen64.dll
0x00007ffd31eb0000 - 0x00007ffd31eb9000 	C:\Users\Avinash Jadhav\.jdks\openjdk-24.0.1\bin\extnet.dll
0x00007ffd3e6c0000 - 0x00007ffd3e6db000 	C:\WINDOWS\SYSTEM32\CRYPTSP.dll
0x00007ffd3ddb0000 - 0x00007ffd3ddea000 	C:\WINDOWS\system32\rsaenh.dll
0x00007ffd3e4a0000 - 0x00007ffd3e4cb000 	C:\WINDOWS\SYSTEM32\USERENV.dll
0x00007ffd3efc0000 - 0x00007ffd3efea000 	C:\WINDOWS\SYSTEM32\bcrypt.dll
0x00007ffd3e6b0000 - 0x00007ffd3e6bc000 	C:\WINDOWS\SYSTEM32\CRYPTBASE.dll
0x00007ffd3d880000 - 0x00007ffd3d8b4000 	C:\WINDOWS\SYSTEM32\IPHLPAPI.DLL
0x00007ffd40970000 - 0x00007ffd4097a000 	C:\WINDOWS\System32\NSI.dll
0x00007ffd31e20000 - 0x00007ffd31e2e000 	C:\Users\Avinash Jadhav\.jdks\openjdk-24.0.1\bin\sunmscapi.dll
0x00007ffd3f590000 - 0x00007ffd3f707000 	C:\WINDOWS\System32\CRYPT32.dll
0x00007ffd3e8d0000 - 0x00007ffd3e900000 	C:\WINDOWS\SYSTEM32\ncrypt.dll
0x00007ffd3e880000 - 0x00007ffd3e8bf000 	C:\WINDOWS\SYSTEM32\NTASN1.dll
0x00007ffd31e10000 - 0x00007ffd31e1a000 	C:\Users\Avinash Jadhav\.jdks\openjdk-24.0.1\bin\management.dll
0x00007ffd31960000 - 0x00007ffd3196b000 	C:\Users\Avinash Jadhav\.jdks\openjdk-24.0.1\bin\management_ext.dll
0x00007ffd40980000 - 0x00007ffd40988000 	C:\WINDOWS\System32\PSAPI.DLL
0x00007ffd3d920000 - 0x00007ffd3da4c000 	C:\WINDOWS\SYSTEM32\DNSAPI.dll
0x00007ffd38510000 - 0x00007ffd3851b000 	C:\Windows\System32\rasadhlp.dll
0x00007ffd339e0000 - 0x00007ffd33a66000 	C:\WINDOWS\System32\fwpuclnt.dll
0x00007ffc89cc0000 - 0x00007ffc89cc8000 	C:\WINDOWS\system32\wshunix.dll

JVMTI agents:
C:\Program Files\JetBrains\IntelliJ IDEA Community Edition 2023.1.3\lib\idea_rt.jar path:C:\Users\Avinash Jadhav\.jdks\openjdk-24.0.1\bin\instrument.dll, loaded, initialized, instrumentlib options:3625:C:\Program Files\JetBrains\IntelliJ IDEA Community Edition 2023.1.3\bin

dbghelp: loaded successfully - version: 4.0.5 - missing functions: none
symbol engine: initialized successfully - sym options: 0x614 - pdb path: .;C:\Users\Avinash Jadhav\.jdks\openjdk-24.0.1\bin;C:\WINDOWS\SYSTEM32;C:\WINDOWS\WinSxS\amd64_microsoft.windows.common-controls_6595b64144ccf1df_6.0.26100.7309_none_3e05feeae336a044;C:\Users\Avinash Jadhav\.jdks\openjdk-24.0.1\bin\server;C:\Program Files\JetBrains\IntelliJ IDEA Community Edition 2023.1.3\bin

VM Arguments:
jvm_args: -javaagent:C:\Program Files\JetBrains\IntelliJ IDEA Community Edition 2023.1.3\lib\idea_rt.jar=3625:C:\Program Files\JetBrains\IntelliJ IDEA Community Edition 2023.1.3\bin -Dfile.encoding=UTF-8 -Dsun.stdout.encoding=UTF-8 -Dsun.stderr.encoding=UTF-8 
java_command: com.jobportal.JobPortalV2Application
java_class_path (initial): C:\Users\Avinash Jadhav\Desktop\intellij\SpringBootProjects\job-portal-v2\target\classes;C:\Users\Avinash Jadhav\.m2\repository\org\springframework\boot\spring-boot-starter-data-jpa\4.0.1\spring-boot-starter-data-jpa-4.0.1.jar;C:\Users\Avinash Jadhav\.m2\repository\org\springframework\boot\spring-boot-starter\4.0.1\spring-boot-starter-4.0.1.jar;C:\Users\Avinash Jadhav\.m2\repository\org\springframework\boot\spring-boot-starter-logging\4.0.1\spring-boot-starter-logging-4.0.1.jar;C:\Users\Avinash Jadhav\.m2\repository\ch\qos\logback\logback-classic\1.5.22\logback-classic-1.5.22.jar;C:\Users\Avinash Jadhav\.m2\repository\ch\qos\logback\logback-core\1.5.22\logback-core-1.5.22.jar;C:\Users\Avinash Jadhav\.m2\repository\org\apache\logging\log4j\log4j-to-slf4j\2.25.3\log4j-to-slf4j-2.25.3.jar;C:\Users\Avinash Jadhav\.m2\repository\org\apache\logging\log4j\log4j-api\2.25.3\log4j-api-2.25.3.jar;C:\Users\Avinash Jadhav\.m2\repository\org\slf4j\jul-to-slf4j\2.0.17\jul-to-slf4j-2.0.17.jar;C:\Users\Avinash Jadhav\.m2\repository\org\springframework\boot\spring-boot-autoconfigure\4.0.1\spring-boot-autoconfigure-4.0.1.jar;C:\Users\Avinash Jadhav\.m2\repository\jakarta\annotation\jakarta.annotation-api\3.0.0\jakarta.annotation-api-3.0.0.jar;C:\Users\Avinash Jadhav\.m2\repository\org\yaml\snakeyaml\2.5\snakeyaml-2.5.jar;C:\Users\Avinash Jadhav\.m2\repository\org\springframework\boot\spring-boot-starter-jdbc\4.0.1\spring-boot-starter-jdbc-4.0.1.jar;C:\Users\Avinash Jadhav\.m2\repository\com\zaxxer\HikariCP\7.0.2\HikariCP-7.0.2.jar;C:\Users\Avinash Jadhav\.m2\repository\org\slf4j\slf4j-api\2.0.17\slf4j-api-2.0.17.jar;C:\Users\Avinash Jadhav\.m2\repository\org\springframework\boot\spring-boot-data-jpa\4.0.1\spring-boot-data-jpa-4.0.1.jar;C:\Users\Avinash Jadhav\.m2\repository\org\springframework\boot\spring-boot-data-commons\4.0.1\spring-boot-data-commons-4.0.1.jar;C:\Users\Avinash Jadhav\.m2\repository\org\springframework\boot\spring-boot-persistence\4.0.1\spring-boot-persistence-4.0.1.jar;C:\Users\Avinash Jadhav\.m2\repository\org\springframework\data\spring-data-commons\4.0.1\spring-data-commons-4.0.1.jar;C:\Users\Avinash Jadhav\.m2\repository\org\springframework\boot\spring-boot-hibernate\4.0.1\spring-boot-hibernate-4.0.1.jar;C:\Users\Avinash Jadhav\.m2\repository\org\springframework\boot\spring-boot-jpa\4.0.1\spring-boot-jpa-4.0.1.jar;C:\Users\Avinash Jadhav\.m2\repository\jakarta\persistence\jakarta.persistence-api\3.2.0\jakarta.persistence-api-3.2.0.jar;C:\Users\Avinash Jadhav\.m2\repository\org\hibernate\orm\hibernate-core\7.2.0.Final\hibernate-core-7.2.0.Final.jar;C:\Users\Avinash Jadhav\.m2\repository\jakarta\transaction\jakarta.transaction-api\2.0.1\jakarta.transaction-api-2.0.1.jar;C:\Users\Avinash Jadhav\.m2\repository\org\hibernate\models\hibernate-models\1.0.1\hibernate-models-1.0.1.jar;C:\Users\Avinash Jadhav\.m2\repository\org\glassfish\jaxb\jaxb-runtime\4.0.6\jaxb-runtime-4.0.6.jar;C:\Users\Avinash Jadhav\.m2\repository\org\glassfish\jaxb\jaxb-core\4.0.6\jaxb-core-4.0.6.jar;C:\Users\Avinash Jadhav\.m2\repository\org\eclipse\angus\angus-activation\2.0.3\angus-activation-2.0.3.jar;C:\Users\Avinash Jadhav\.m2\repository\org\glassfish\jaxb\txw2\4.0.6\txw2-4.0.6.jar;C:\Users\Avinash Jadhav\.m2\repository\com\sun\istack\istack-commons-runtime\4.1.2\istack-commons-runtime-4.1.2.jar;C:\Users\Avinash Jadhav\.m2\repository\jakarta\inject\jakarta.inject-api\2.0.1\jakarta.inject-api-2.0.1.jar;C:\Users\Avinash Jadhav\.m2\repository\org\springframework\spring-orm\7.0.2\spring-orm-7.0.2.jar;C:\Users\Avinash Jadhav\.m2\repository\org\springframework\data\spring-data-jpa\4.0.1\spring-data-jpa-4.0.1.jar;C:\Users\Avinash Jadhav\.m2\repository\org\springframework\spring-context\7.0.2\spring-context-7.0.2.jar;C:\Users\Avinash Jadhav\.m2\repository\org\springframework\spring-tx\7.0.2\spring-tx-7.0.2.jar;C:\Users\Avinash Jadhav\.m2\repository\org\antlr\antlr4-runtime\4.13.2\antlr4-runtime-4.13.2.jar;C:\Users\Avinash Jadhav\.m2\repository\org\springframework\spring-aspects\7.0.2\spring-aspects-7.0.2.jar;C:\Users\Avinash Jadhav\.m2\repository\org\aspectj\aspectjweaver\1.9.25.1\aspectjweaver-1.9.25.1.jar;C:\Users\Avinash Jadhav\.m2\repository\org\springframework\boot\spring-boot-jdbc\4.0.1\spring-boot-jdbc-4.0.1.jar;C:\Users\Avinash Jadhav\.m2\repository\org\springframework\boot\spring-boot\4.0.1\spring-boot-4.0.1.jar;C:\Users\Avinash Jadhav\.m2\repository\org\springframework\boot\spring-boot-sql\4.0.1\spring-boot-sql-4.0.1.jar;C:\Users\Avinash Jadhav\.m2\repository\org\springframework\boot\spring-boot-transaction\4.0.1\spring-boot-transaction-4.0.1.jar;C:\Users\Avinash Jadhav\.m2\repository\org\springframework\spring-jdbc\7.0.2\spring-jdbc-7.0.2.jar;C:\Users\Avinash Jadhav\.m2\repository\org\springframework\boot\spring-boot-starter-validation\4.0.1\spring-boot-starter-validation-4.0.1.jar;C:\Users\Avinash Jadhav\.m2\repository\org\springframework\boot\spring-boot-validation\4.0.1\spring-boot-validation-4.0.1.jar;C:\Users\Avinash Jadhav\.m2\repository\org\apache\tomcat\embed\tomcat-embed-el\11.0.15\tomcat-embed-el-11.0.15.jar;C:\Users\Avinash Jadhav\.m2\repository\org\hibernate\validator\hibernate-validator\9.0.1.Final\hibernate-validator-9.0.1.Final.jar;C:\Users\Avinash Jadhav\.m2\repository\jakarta\validation\jakarta.validation-api\3.1.1\jakarta.validation-api-3.1.1.jar;C:\Users\Avinash Jadhav\.m2\repository\org\jboss\logging\jboss-logging\3.6.1.Final\jboss-logging-3.6.1.Final.jar;C:\Users\Avinash Jadhav\.m2\repository\com\fasterxml\classmate\1.7.1\classmate-1.7.1.jar;C:\Users\Avinash Jadhav\.m2\repository\org\springframework\boot\spring-boot-starter-webmvc\4.0.1\spring-boot-starter-webmvc-4.0.1.jar;C:\Users\Avinash Jadhav\.m2\repository\org\springframework\boot\spring-boot-starter-jackson\4.0.1\spring-boot-starter-jackson-4.0.1.jar;C:\Users\Avinash Jadhav\.m2\repository\org\springframework\boot\spring-boot-jackson\4.0.1\spring-boot-jackson-4.0.1.jar;C:\Users\Avinash Jadhav\.m2\repository\tools\jackson\core\jackson-databind\3.0.3\jackson-databind-3.0.3.jar;C:\Users\Avinash Jadhav\.m2\repository\tools\jackson\core\jackson-core\3.0.3\jackson-core-3.0.3.jar;C:\Users\Avinash Jadhav\.m2\repository\org\springframework\boot\spring-boot-starter-tomcat\4.0.1\spring-boot-starter-tomcat-4.0.1.jar;C:\Users\Avinash Jadhav\.m2\repository\org\springframework\boot\spring-boot-starter-tomcat-runtime\4.0.1\spring-boot-starter-tomcat-runtime-4.0.1.jar;C:\Users\Avinash Jadhav\.m2\repository\org\apache\tomcat\embed\tomcat-embed-core\11.0.15\tomcat-embed-core-11.0.15.jar;C:\Users\Avinash Jadhav\.m2\repository\org\apache\tomcat\embed\tomcat-embed-websocket\11.0.15\tomcat-embed-websocket-11.0.15.jar;C:\Users\Avinash Jadhav\.m2\repository\org\springframework\boot\spring-boot-tomcat\4.0.1\spring-boot-tomcat-4.0.1.jar;C:\Users\Avinash Jadhav\.m2\repository\org\springframework\boot\spring-boot-http-converter\4.0.1\spring-boot-http-converter-4.0.1.jar;C:\Users\Avinash Jadhav\.m2\repository\org\springframework\spring-web\7.0.2\spring-web-7.0.2.jar;C:\Users\Avinash Jadhav\.m2\repository\io\micrometer\micrometer-observation\1.16.1\micrometer-observation-1.16.1.jar;C:\Users\Avinash Jadhav\.m2\repository\io\micrometer\micrometer-commons\1.16.1\micrometer-commons-1.16.1.jar;C:\Users\Avinash Jadhav\.m2\repository\org\springframework\boot\spring-boot-webmvc\4.0.1\spring-boot-webmvc-4.0.1.jar;C:\Users\Avinash Jadhav\.m2\repository\org\springframework\boot\spring-boot-servlet\4.0.1\spring-boot-servlet-4.0.1.jar;C:\Users\Avinash Jadhav\.m2\repository\org\springframework\spring-webmvc\7.0.2\spring-webmvc-7.0.2.jar;C:\Users\Avinash Jadhav\.m2\repository\org\springframework\spring-expression\7.0.2\spring-expression-7.0.2.jar;C:\Users\Avinash Jadhav\.m2\repository\com\mysql\mysql-connector-j\9.5.0\mysql-connector-j-9.5.0.jar;C:\Users\Avinash Jadhav\.m2\repository\jakarta\xml\bind\jakarta.xml.bind-api\4.0.4\jakarta.xml.bind-api-4.0.4.jar;C:\Users\Avinash Jadhav\.m2\repository\jakarta\activation\jakarta.activation-api\2.1.4\jakarta.activation-api-2.1.4.jar;C:\Users\Avinash Jadhav\.m2\repository\net\bytebuddy\byte-buddy\1.17.8\byte-buddy-1.17.8.jar;C:\Users\Avinash Jadhav\.m2\repository\org\springframework\spring-core\7.0.2\spring-core-7.0.2.jar;C:\Users\Avinash Jadhav\.m2\repository\commons-logging\commons-logging\1.3.5\commons-logging-1.3.5.jar;C:\Users\Avinash Jadhav\.m2\repository\org\jspecify\jspecify\1.0.0\jspecify-1.0.0.jar;C:\Users\Avinash Jadhav\.m2\repository\org\projectlombok\lombok\1.18.42\lombok-1.18.42.jar;C:\Users\Avinash Jadhav\.m2\repository\org\springdoc\springdoc-openapi-starter-webmvc-ui\2.5.0\springdoc-openapi-starter-webmvc-ui-2.5.0.jar;C:\Users\Avinash Jadhav\.m2\repository\org\springdoc\springdoc-openapi-starter-webmvc-api\2.5.0\springdoc-openapi-starter-webmvc-api-2.5.0.jar;C:\Users\Avinash Jadhav\.m2\repository\org\springdoc\springdoc-openapi-starter-common\2.5.0\springdoc-openapi-starter-common-2.5.0.jar;C:\Users\Avinash Jadhav\.m2\repository\io\swagger\core\v3\swagger-core-jakarta\2.2.21\swagger-core-jakarta-2.2.21.jar;C:\Users\Avinash Jadhav\.m2\repository\org\apache\commons\commons-lang3\3.19.0\commons-lang3-3.19.0.jar;C:\Users\Avinash Jadhav\.m2\repository\io\swagger\core\v3\swagger-annotations-jakarta\2.2.21\swagger-annotations-jakarta-2.2.21.jar;C:\Users\Avinash Jadhav\.m2\repository\io\swagger\core\v3\swagger-models-jakarta\2.2.21\swagger-models-jakarta-2.2.21.jar;C:\Users\Avinash Jadhav\.m2\repository\com\fasterxml\jackson\dataformat\jackson-dataformat-yaml\2.20.1\jackson-dataformat-yaml-2.20.1.jar;C:\Users\Avinash Jadhav\.m2\repository\com\fasterxml\jackson\datatype\jackson-datatype-jsr310\2.20.1\jackson-datatype-jsr310-2.20.1.jar;C:\Users\Avinash Jadhav\.m2\repository\org\webjars\swagger-ui\5.13.0\swagger-ui-5.13.0.jar;C:\Users\Avinash Jadhav\.m2\repository\org\springframework\boot\spring-boot-web-server\4.0.1\spring-boot-web-server-4.0.1.jar;C:\Users\Avinash Jadhav\.m2\repository\io\jsonwebtoken\jjwt-api\0.11.5\jjwt-api-0.11.5.jar;C:\Users\Avinash Jadhav\.m2\repository\io\jsonwebtoken\jjwt-impl\0.11.5\jjwt-impl-0.11.5.jar;C:\Users\Avinash Jadhav\.m2\repository\io\jsonwebtoken\jjwt-jackson\0.11.5\jjwt-jackson-0.11.5.jar;C:\Users\Avinash Jadhav\.m2\repository\com\fasterxml\jackson\core\jackson-databind\2.20.1\jackson-databind-2.20.1.jar;C:\Users\Avinash Jadhav\.m2\repository\com\fasterxml\jackson\core\jackson-annotations\2.20\jackson-annotations-2.20.jar;C:\Users\Avinash Jadhav\.m2\repository\com\fasterxml\jackson\core\jackson-core\2.20.1\jackson-core-2.20.1.jar;C:\Users\Avinash Jadhav\.m2\repository\org\springframework\boot\spring-boot-starter-security\4.0.1\spring-boot-starter-security-4.0.1.jar;C:\Users\Avinash Jadhav\.m2\repository\org\springframework\boot\spring-boot-security\4.0.1\spring-boot-security-4.0.1.jar;C:\Users\Avinash Jadhav\.m2\repository\org\springframework\security\spring-security-config\7.0.2\spring-security-config-7.0.2.jar;C:\Users\Avinash Jadhav\.m2\repository\org\springframework\security\spring-security-core\7.0.2\spring-security-core-7.0.2.jar;C:\Users\Avinash Jadhav\.m2\repository\org\springframework\security\spring-security-crypto\7.0.2\spring-security-crypto-7.0.2.jar;C:\Users\Avinash Jadhav\.m2\repository\org\springframework\security\spring-security-web\7.0.2\spring-security-web-7.0.2.jar;C:\Users\Avinash Jadhav\.m2\repository\org\springframework\spring-aop\7.0.2\spring-aop-7.0.2.jar;C:\Users\Avinash Jadhav\.m2\repository\org\springframework\spring-beans\7.0.2\spring-beans-7.0.2.jar
Launcher Type: SUN_STANDARD

[Global flags]
     intx CICompilerCount                          = 4                                         {product} {ergonomic}
     uint ConcGCThreads                            = 3                                         {product} {ergonomic}
     uint G1ConcRefinementThreads                  = 10                                        {product} {ergonomic}
   size_t G1HeapRegionSize                         = 1048576                                   {product} {ergonomic}
   size_t InitialHeapSize                          = 98566144                                  {product} {ergonomic}
   size_t MarkStackSize                            = 4194304                                   {product} {ergonomic}
   size_t MarkStackSizeMax                         = 536870912                                 {product} {ergonomic}
   size_t MaxHeapSize                              = 1572864000                                {product} {ergonomic}
   size_t MaxNewSize                               = 943718400                                 {product} {ergonomic}
   size_t MinHeapDeltaBytes                        = 1048576                                   {product} {ergonomic}
   size_t MinHeapSize                              = 8388608                                   {product} {ergonomic}
    uintx NonNMethodCodeHeapSize                   = 5832704                                {pd product} {ergonomic}
    uintx NonProfiledCodeHeapSize                  = 122945536                              {pd product} {ergonomic}
    uintx ProfiledCodeHeapSize                     = 122880000                              {pd product} {ergonomic}
    uintx ReservedCodeCacheSize                    = 251658240                              {pd product} {ergonomic}
     bool SegmentedCodeCache                       = true                                      {product} {ergonomic}
   size_t SoftMaxHeapSize                          = 1572864000                             {manageable} {ergonomic}
     bool UseCompressedOops                        = true                           {product lp64_product} {ergonomic}
     bool UseG1GC                                  = true                                      {product} {ergonomic}
     bool UseLargePagesIndividualAllocation        = false                                  {pd product} {ergonomic}

Logging:
Log output configuration:
 #0: stdout all=warning uptime,level,tags foldmultilines=false
 #1: stderr all=off uptime,level,tags foldmultilines=false

Environment Variables:
JAVA_HOME=C:\Program Files\Java\jdk-21
CLASSPATH=.;"C:\Users\Avinash Jadhav\Downloads\ojdbc11.jar";
PATH=C:\Program Files\Common Files\Oracle\Java\javapath;C:\oraclexe\app\oracle\product\10.2.0\server\bin;C:\oraclexe\app\oracle\product\11.2.0\server\bin;C:\Program Files\Python311\Scripts\;C:\Program Files\Python311\;C:\Windows\system32;C:\Windows;C:\Windows\System32\Wbem;C:\Windows\System32\WindowsPowerShell\v1.0\;C:\Windows\System32\OpenSSH\;C:\Program Files (x86)\NVIDIA Corporation\PhysX\Common;C:\Program Files\NVIDIA Corporation\NVIDIA NvDLISR;C:\MinGW\bin;C:\WINDOWS\system32;C:\WINDOWS;C:\WINDOWS\System32\Wbem;C:\WINDOWS\System32\WindowsPowerShell\v1.0\;C:\WINDOWS\System32\OpenSSH\;C:\Program Files (x86)\Microsoft SQL Server\160\DTS\Binn\;C:\Program Files\Azure Data Studio\bin;C:\Program Files (x86)\Microsoft SQL Server\160\Tools\Binn\;C:\Program Files\Microsoft SQL Server\160\Tools\Binn\;C:\Program Files\Microsoft SQL Server\Client SDK\ODBC\170\Tools\Binn\;C:\Program Files\Microsoft SQL Server\160\DTS\Binn\;C:\Program Files\Microsoft SQL Server\150\Tools\Binn\;C:\Program Files\Git\cmd;C:\Program Files\Java\jdk-21\bin;C:\Program Files\nodejs\;C:\Program Files\MySQL\MySQL Server 8.0\bin;C:\Program Files\MySQL\MySQL Shell 8.0\bin\;C:\Users\Avinash Jadhav\AppData\Local\Microsoft\WindowsApps;C:\MinGW\bin;C:\Users\Avinash Jadhav\AppData\Local\Microsoft\WindowsApps;;C:\Program Files\JetBrains\IntelliJ IDEA Community Edition 2023.1.3\bin;;C:\Program Files\Azure Data Studio\bin;C:\Users\Avinash Jadhav\AppData\Local\Programs\Microsoft VS Code\bin;C:\Users\Avinash Jadhav\AppData\Roaming\npm
USERNAME=Avinash Jadhav
OS=Windows_NT
PROCESSOR_IDENTIFIER=AMD64 Family 25 Model 80 Stepping 0, AuthenticAMD
TMP=C:\Users\AVINAS~1\AppData\Local\Temp
TEMP=C:\Users\AVINAS~1\AppData\Local\Temp




Periodic native trim disabled

---------------  S Y S T E M  ---------------

OS:
 Windows 11 , 64 bit Build 26100 (10.0.26100.7623)
OS uptime: 3 days 3:51 hours
Hyper-V role detected

CPU: total 12 (initial active 12) (12 cores per cpu, 2 threads per core) family 25 model 80 stepping 0 microcode 0xa50000c, cx8, cmov, fxsr, ht, mmx, 3dnowpref, sse, sse2, sse3, ssse3, sse4a, sse4.1, sse4.2, popcnt, lzcnt, tsc, tscinvbit, avx, avx2, aes, erms, clmul, bmi1, bmi2, adx, sha, fma, vzeroupper, clflush, clflushopt, hv, rdtscp, rdpid, fsrm, f16c, cet_ss
Processor Information for processor 0
  Max Mhz: 3301, Current Mhz: 3301, Mhz Limit: 3301
Processor Information for processor 1
  Max Mhz: 3301, Current Mhz: 2011, Mhz Limit: 3301
Processor Information for processor 2
  Max Mhz: 3301, Current Mhz: 3301, Mhz Limit: 3301
Processor Information for processor 3
  Max Mhz: 3301, Current Mhz: 2011, Mhz Limit: 3301
Processor Information for processor 4
  Max Mhz: 3301, Current Mhz: 2011, Mhz Limit: 3301
Processor Information for processor 5
  Max Mhz: 3301, Current Mhz: 2011, Mhz Limit: 3301
Processor Information for processor 6
  Max Mhz: 3301, Current Mhz: 3301, Mhz Limit: 3301
Processor Information for processor 7
  Max Mhz: 3301, Current Mhz: 2011, Mhz Limit: 3301
Processor Information for processor 8
  Max Mhz: 3301, Current Mhz: 3301, Mhz Limit: 3301
Processor Information for processor 9
  Max Mhz: 3301, Current Mhz: 2011, Mhz Limit: 3301
Processor Information for processor 10
  Max Mhz: 3301, Current Mhz: 3301, Mhz Limit: 3301
Processor Information for processor 11
  Max Mhz: 3301, Current Mhz: 2011, Mhz Limit: 3301

Memory: 4k page, system-wide physical 5996M (563M free)
TotalPageFile size 24428M (AvailPageFile size 7M)
current process WorkingSet (physical memory assigned to process): 41M, peak: 378M
current process commit charge ("private bytes"): 431M, peak: 463M

vm_info: OpenJDK 64-Bit Server VM (24.0.1+9-30) for windows-amd64 JRE (24.0.1+9-30), built on 2025-03-05T07:23:45Z with MS VC++ 17.6 (VS2022)

END.
