#
# There is insufficient memory for the Java Runtime Environment to continue.
# Native memory allocation (malloc) failed to allocate 3958672 bytes. Error detail: Chunk::new
# Possible reasons:
#   The system is out of physical RAM or swap space
#   This process is running with CompressedOops enabled, and the Java Heap may be blocking the growth of the native heap
# Possible solutions:
#   Reduce memory load on the system
#   Increase physical memory or swap space
#   Check if swap backing store is full
#   Decrease Java heap size (-Xmx/-Xms)
#   Decrease number of Java threads
#   Decrease Java thread stack sizes (-Xss)
#   Set larger code cache with -XX:ReservedCodeCacheSize=
#   JVM is running with Unscaled Compressed Oops mode in which the Java heap is
#     placed in the first 4GB address space. The Java Heap base address is the
#     maximum limit for the native heap growth. Please use -XX:HeapBaseMinAddress
#     to set the Java Heap base and to place the Java Heap above 4GB virtual address.
# This output file may be truncated or incomplete.
#
#  Out of Memory Error (arena.cpp:162), pid=34784, tid=13000
#
# JRE version: OpenJDK Runtime Environment (24.0.1+9) (build 24.0.1+9-30)
# Java VM: OpenJDK 64-Bit Server VM (24.0.1+9-30, mixed mode, sharing, tiered, compressed oops, compressed class ptrs, g1 gc, windows-amd64)
# No core dump will be written. Minidumps are not enabled by default on client versions of Windows
#

---------------  S U M M A R Y ------------

Command Line: -javaagent:C:\Program Files\JetBrains\IntelliJ IDEA Community Edition 2023.1.3\lib\idea_rt.jar=8998:C:\Program Files\JetBrains\IntelliJ IDEA Community Edition 2023.1.3\bin -Dfile.encoding=UTF-8 -Dsun.stdout.encoding=UTF-8 -Dsun.stderr.encoding=UTF-8 com.jobportal.JobPortalV2Application

Host: AMD Ryzen 5 5600H with Radeon Graphics         , 12 cores, 5G,  Windows 11 , 64 bit Build 26100 (10.0.26100.7623)
Time: Wed Feb  4 12:53:24 2026 India Standard Time elapsed time: 115.291547 seconds (0d 0h 1m 55s)

---------------  T H R E A D  ---------------

Current thread (0x000002017f9c6740):  JavaThread "C2 CompilerThread0" daemon [_thread_in_native, id=13000, stack(0x0000009a61900000,0x0000009a61a00000) (1024K)]


Current CompileTask:
C2:115292 7939 %     4       java.util.Properties$LineReader::readLine @ 293 (584 bytes)

Stack: [0x0000009a61900000,0x0000009a61a00000]
Native frames: (J=compiled Java code, j=interpreted, Vv=VM code, C=native code)
V  [jvm.dll+0x730739]  (no source info available)
V  [jvm.dll+0x8d9b23]  (no source info available)
V  [jvm.dll+0x8dc00d]  (no source info available)
V  [jvm.dll+0x8dc683]  (no source info available)
V  [jvm.dll+0x2aa086]  (no source info available)
V  [jvm.dll+0xcedef]  (no source info available)
V  [jvm.dll+0xcf04f]  (no source info available)
V  [jvm.dll+0x154d83]  (no source info available)
V  [jvm.dll+0x735f5f]  (no source info available)
V  [jvm.dll+0x26fa1c]  (no source info available)
V  [jvm.dll+0x26ea3f]  (no source info available)
V  [jvm.dll+0x1e9d60]  (no source info available)
V  [jvm.dll+0x27e1fb]  (no source info available)
V  [jvm.dll+0x27c49a]  (no source info available)
V  [jvm.dll+0x42f456]  (no source info available)
V  [jvm.dll+0x87d76b]  (no source info available)
V  [jvm.dll+0x72ee55]  (no source info available)
C  [ucrtbase.dll+0x37b0]  (no source info available)
C  [KERNEL32.DLL+0x2e8d7]  (no source info available)
C  [ntdll.dll+0x8c53c]  (no source info available)

Lock stack of current Java thread (top to bottom):


---------------  P R O C E S S  ---------------

Threads class SMR info:
_java_thread_list=0x000002014cbcf7b0, length=29, elements={
0x000002017f99b1f0, 0x000002017f99da40, 0x000002017f9ab920, 0x000002017f9ac580,
0x000002017f9af1f0, 0x000002017f9b0d30, 0x000002017f9c6740, 0x000002017f9b1df0,
0x00000201038e6020, 0x0000020149778d80, 0x00000201497a9460, 0x0000020149a42510,
0x000002014b73baf0, 0x000002014b73a500, 0x000002014b73ac50, 0x000002014b73b3a0,
0x000002014b739660, 0x000002014b197460, 0x000002014b1965c0, 0x000002014b197bb0,
0x000002014b194880, 0x000002014b194fd0, 0x000002014b198300, 0x000002014b196d10,
0x000002014b195e70, 0x000002014b198a50, 0x000002014b195720, 0x000002014b19aee0,
0x000002014b1998f0
}

Java Threads: ( => current thread )
  0x000002017f99b1f0 JavaThread "Reference Handler"          daemon [_thread_blocked, id=19088, stack(0x0000009a61300000,0x0000009a61400000) (1024K)]
  0x000002017f99da40 JavaThread "Finalizer"                  daemon [_thread_blocked, id=25776, stack(0x0000009a61400000,0x0000009a61500000) (1024K)]
  0x000002017f9ab920 JavaThread "Signal Dispatcher"          daemon [_thread_blocked, id=27428, stack(0x0000009a61500000,0x0000009a61600000) (1024K)]
  0x000002017f9ac580 JavaThread "Attach Listener"            daemon [_thread_blocked, id=24896, stack(0x0000009a61600000,0x0000009a61700000) (1024K)]
  0x000002017f9af1f0 JavaThread "Service Thread"             daemon [_thread_blocked, id=1756, stack(0x0000009a61700000,0x0000009a61800000) (1024K)]
  0x000002017f9b0d30 JavaThread "Monitor Deflation Thread"   daemon [_thread_blocked, id=33484, stack(0x0000009a61800000,0x0000009a61900000) (1024K)]
=>0x000002017f9c6740 JavaThread "C2 CompilerThread0"         daemon [_thread_in_native, id=13000, stack(0x0000009a61900000,0x0000009a61a00000) (1024K)]
  0x000002017f9b1df0 JavaThread "C1 CompilerThread0"         daemon [_thread_blocked, id=28356, stack(0x0000009a61a00000,0x0000009a61b00000) (1024K)]
  0x00000201038e6020 JavaThread "Common-Cleaner"             daemon [_thread_blocked, id=24536, stack(0x0000009a61b00000,0x0000009a61c00000) (1024K)]
  0x0000020149778d80 JavaThread "Monitor Ctrl-Break"         daemon [_thread_in_native, id=33904, stack(0x0000009a61c00000,0x0000009a61d00000) (1024K)]
  0x00000201497a9460 JavaThread "Notification Thread"        daemon [_thread_blocked, id=24760, stack(0x0000009a61d00000,0x0000009a61e00000) (1024K)]
  0x0000020149a42510 JavaThread "mysql-cj-abandoned-connection-cleanup" daemon [_thread_blocked, id=30664, stack(0x0000009a61e00000,0x0000009a61f00000) (1024K)]
  0x000002014b73baf0 JavaThread "HikariPool-1:housekeeper"   daemon [_thread_blocked, id=11220, stack(0x0000009a62b00000,0x0000009a62c00000) (1024K)]
  0x000002014b73a500 JavaThread "Catalina-utility-1"                [_thread_blocked, id=33152, stack(0x0000009a62d00000,0x0000009a62e00000) (1024K)]
  0x000002014b73ac50 JavaThread "Catalina-utility-2"                [_thread_blocked, id=23932, stack(0x0000009a62e00000,0x0000009a62f00000) (1024K)]
  0x000002014b73b3a0 JavaThread "container-0"                       [_thread_blocked, id=2928, stack(0x0000009a62f00000,0x0000009a63000000) (1024K)]
  0x000002014b739660 JavaThread "http-nio-9090-exec-1"       daemon [_thread_blocked, id=19920, stack(0x0000009a62c00000,0x0000009a62d00000) (1024K)]
  0x000002014b197460 JavaThread "http-nio-9090-exec-2"       daemon [_thread_blocked, id=5848, stack(0x0000009a63000000,0x0000009a63100000) (1024K)]
  0x000002014b1965c0 JavaThread "http-nio-9090-exec-3"       daemon [_thread_blocked, id=32756, stack(0x0000009a63100000,0x0000009a63200000) (1024K)]
  0x000002014b197bb0 JavaThread "http-nio-9090-exec-4"       daemon [_thread_blocked, id=740, stack(0x0000009a63200000,0x0000009a63300000) (1024K)]
  0x000002014b194880 JavaThread "http-nio-9090-exec-5"       daemon [_thread_blocked, id=13224, stack(0x0000009a63300000,0x0000009a63400000) (1024K)]
  0x000002014b194fd0 JavaThread "http-nio-9090-exec-6"       daemon [_thread_in_Java, id=13908, stack(0x0000009a63400000,0x0000009a63500000) (1024K)]
  0x000002014b198300 JavaThread "http-nio-9090-exec-7"       daemon [_thread_blocked, id=22244, stack(0x0000009a63500000,0x0000009a63600000) (1024K)]
  0x000002014b196d10 JavaThread "http-nio-9090-exec-8"       daemon [_thread_in_Java, id=24960, stack(0x0000009a63600000,0x0000009a63700000) (1024K)]
  0x000002014b195e70 JavaThread "http-nio-9090-exec-9"       daemon [_thread_blocked, id=9080, stack(0x0000009a63700000,0x0000009a63800000) (1024K)]
  0x000002014b198a50 JavaThread "http-nio-9090-exec-10"      daemon [_thread_blocked, id=32132, stack(0x0000009a63800000,0x0000009a63900000) (1024K)]
  0x000002014b195720 JavaThread "http-nio-9090-Poller"       daemon [_thread_in_native, id=3528, stack(0x0000009a63900000,0x0000009a63a00000) (1024K)]
  0x000002014b19aee0 JavaThread "http-nio-9090-Acceptor"     daemon [_thread_in_native, id=34164, stack(0x0000009a63a00000,0x0000009a63b00000) (1024K)]
  0x000002014b1998f0 JavaThread "DestroyJavaVM"                     [_thread_blocked, id=22468, stack(0x0000009a60b00000,0x0000009a60c00000) (1024K)]
Total: 29

Other Threads:
  0x000002017f987a90 VMThread "VM Thread"                           [id=26300, stack(0x0000009a61200000,0x0000009a61300000) (1024K)]
  0x000002017f97ca20 WatcherThread "VM Periodic Task Thread"        [id=10956, stack(0x0000009a61100000,0x0000009a61200000) (1024K)]
  0x00000201668e7e60 WorkerThread "GC Thread#0"                     [id=24596, stack(0x0000009a60c00000,0x0000009a60d00000) (1024K)]
  0x0000020149e066a0 WorkerThread "GC Thread#1"                     [id=20728, stack(0x0000009a61f00000,0x0000009a62000000) (1024K)]
  0x000002014a023820 WorkerThread "GC Thread#2"                     [id=18196, stack(0x0000009a62000000,0x0000009a62100000) (1024K)]
  0x0000020149c3b6a0 WorkerThread "GC Thread#3"                     [id=27940, stack(0x0000009a62100000,0x0000009a62200000) (1024K)]
  0x0000020149e7e630 WorkerThread "GC Thread#4"                     [id=8520, stack(0x0000009a62200000,0x0000009a62300000) (1024K)]
  0x0000020149e7e9e0 WorkerThread "GC Thread#5"                     [id=33960, stack(0x0000009a62300000,0x0000009a62400000) (1024K)]
  0x000002014a12c690 WorkerThread "GC Thread#6"                     [id=30372, stack(0x0000009a62400000,0x0000009a62500000) (1024K)]
  0x000002014a12ce40 WorkerThread "GC Thread#7"                     [id=2588, stack(0x0000009a62500000,0x0000009a62600000) (1024K)]
  0x000002014a12d600 WorkerThread "GC Thread#8"                     [id=30412, stack(0x0000009a62600000,0x0000009a62700000) (1024K)]
  0x000002014acc7240 WorkerThread "GC Thread#9"                     [id=19332, stack(0x0000009a62700000,0x0000009a62800000) (1024K)]
  0x00000201668f8800 ConcurrentGCThread "G1 Main Marker"            [id=23864, stack(0x0000009a60d00000,0x0000009a60e00000) (1024K)]
  0x00000201668f9ac0 WorkerThread "G1 Conc#0"                       [id=6400, stack(0x0000009a60e00000,0x0000009a60f00000) (1024K)]
  0x000002014acc5fd0 WorkerThread "G1 Conc#1"                       [id=19652, stack(0x0000009a62800000,0x0000009a62900000) (1024K)]
  0x000002014acc6730 WorkerThread "G1 Conc#2"                       [id=21036, stack(0x0000009a62900000,0x0000009a62a00000) (1024K)]
  0x000002016694e5c0 ConcurrentGCThread "G1 Refine#0"               [id=34012, stack(0x0000009a60f00000,0x0000009a61000000) (1024K)]
  0x000002017f849370 ConcurrentGCThread "G1 Service"                [id=24332, stack(0x0000009a61000000,0x0000009a61100000) (1024K)]
Total: 18

Threads with active compile tasks:
C2 CompilerThread0  115418 7939 %     4       java.util.Properties$LineReader::readLine @ 293 (584 bytes)
Total: 1

VM state: not at safepoint (normal execution)

VM Mutex/Monitor currently owned by a thread: None

Heap address: 0x00000000a2400000, size: 1500 MB, Compressed Oops mode: 32-bit

CDS archive(s) mapped at: [0x0000020104000000-0x0000020104d40000-0x0000020104d40000), size 13893632, SharedBaseAddress: 0x0000020104000000, ArchiveRelocationMode: 1.
Compressed class space mapped at: 0x0000020105000000-0x0000020145000000, reserved size: 1073741824
UseCompressedClassPointers 1, UseCompactObjectHeaders 0
Narrow klass pointer bits 32, Max shift 3
Narrow klass base: 0x0000020104000000, Narrow klass shift: 0
Encoding Range: [0x0000020104000000 - 0x0000020204000000), (4294967296 bytes)
Klass Range:    [0x0000020104000000 - 0x0000020145000000), (1090519040 bytes)
Klass ID Range:  [8 - 1090519033) (1090519025)

GC Precious Log:
 CardTable entry size: 512
 Card Set container configuration: InlinePtr #cards 5 size 8 Array Of Cards #cards 10 size 36 Howl #buckets 4 coarsen threshold 1843 Howl Bitmap #cards 512 size 80 coarsen threshold 460 Card regions per heap region 1 cards per card region 2048
 CPUs: 12 total, 12 available
 Memory: 5996M
 Large Page Support: Disabled
 NUMA Support: Disabled
 Compressed Oops: Enabled (32-bit)
 Heap Region Size: 1M
 Heap Min Capacity: 8M
 Heap Initial Capacity: 94M
 Heap Max Capacity: 1500M
 Pre-touch: Disabled
 Parallel Workers: 10
 Concurrent Workers: 3
 Concurrent Refinement Workers: 10
 Periodic GC: Disabled

Heap:
 garbage-first heap   total reserved 1536000K, committed 172032K, used 73723K [0x00000000a2400000, 0x0000000100000000)
  region size 1024K, 14 young (14336K), 6 survivors (6144K)
 Metaspace       used 89764K, committed 90432K, reserved 1179648K
  class space    used 10221K, committed 10496K, reserved 1048576K

Heap Regions: E=young(eden), S=young(survivor), O=old, HS=humongous(starts), HC=humongous(continues), CS=collection set, F=free, TAMS=top-at-mark-start, PB=parsable bottom
|   0|0x00000000a2400000, 0x00000000a2500000, 0x00000000a2500000|100%|HS|  |TAMS 0x00000000a2400000| PB 0x00000000a2400000| Complete |  0
|   1|0x00000000a2500000, 0x00000000a2600000, 0x00000000a2600000|100%|HS|  |TAMS 0x00000000a2500000| PB 0x00000000a2500000| Complete |  0
|   2|0x00000000a2600000, 0x00000000a2700000, 0x00000000a2700000|100%| O|  |TAMS 0x00000000a2600000| PB 0x00000000a2600000| Untracked |  0
|   3|0x00000000a2700000, 0x00000000a2800000, 0x00000000a2800000|100%| O|  |TAMS 0x00000000a2700000| PB 0x00000000a2700000| Untracked |  0
|   4|0x00000000a2800000, 0x00000000a2900000, 0x00000000a2900000|100%| O|  |TAMS 0x00000000a2800000| PB 0x00000000a2800000| Untracked |  0
|   5|0x00000000a2900000, 0x00000000a2a00000, 0x00000000a2a00000|100%| O|  |TAMS 0x00000000a2900000| PB 0x00000000a2900000| Untracked |  0
|   6|0x00000000a2a00000, 0x00000000a2b00000, 0x00000000a2b00000|100%| O|  |TAMS 0x00000000a2a00000| PB 0x00000000a2a00000| Untracked |  0
|   7|0x00000000a2b00000, 0x00000000a2c00000, 0x00000000a2c00000|100%| O|  |TAMS 0x00000000a2b00000| PB 0x00000000a2b00000| Untracked |  0
|   8|0x00000000a2c00000, 0x00000000a2d00000, 0x00000000a2d00000|100%| O|  |TAMS 0x00000000a2c00000| PB 0x00000000a2c00000| Untracked |  0
|   9|0x00000000a2d00000, 0x00000000a2e00000, 0x00000000a2e00000|100%| O|  |TAMS 0x00000000a2d00000| PB 0x00000000a2d00000| Untracked |  0
|  10|0x00000000a2e00000, 0x00000000a2f00000, 0x00000000a2f00000|100%| O|  |TAMS 0x00000000a2e00000| PB 0x00000000a2e00000| Untracked |  0
|  11|0x00000000a2f00000, 0x00000000a3000000, 0x00000000a3000000|100%| O|  |TAMS 0x00000000a2f00000| PB 0x00000000a2f00000| Untracked |  0
|  12|0x00000000a3000000, 0x00000000a3100000, 0x00000000a3100000|100%| O|  |TAMS 0x00000000a3000000| PB 0x00000000a3000000| Untracked |  0
|  13|0x00000000a3100000, 0x00000000a3200000, 0x00000000a3200000|100%| O|  |TAMS 0x00000000a3100000| PB 0x00000000a3100000| Untracked |  0
|  14|0x00000000a3200000, 0x00000000a3300000, 0x00000000a3300000|100%| O|  |TAMS 0x00000000a3200000| PB 0x00000000a3200000| Untracked |  0
|  15|0x00000000a3300000, 0x00000000a3400000, 0x00000000a3400000|100%| O|  |TAMS 0x00000000a3300000| PB 0x00000000a3300000| Untracked |  0
|  16|0x00000000a3400000, 0x00000000a3500000, 0x00000000a3500000|100%| O|  |TAMS 0x00000000a3400000| PB 0x00000000a3400000| Untracked |  0
|  17|0x00000000a3500000, 0x00000000a3600000, 0x00000000a3600000|100%| O|  |TAMS 0x00000000a3500000| PB 0x00000000a3500000| Untracked |  0
|  18|0x00000000a3600000, 0x00000000a3700000, 0x00000000a3700000|100%| O|  |TAMS 0x00000000a3600000| PB 0x00000000a3600000| Untracked |  0
|  19|0x00000000a3700000, 0x00000000a3800000, 0x00000000a3800000|100%| O|  |TAMS 0x00000000a3700000| PB 0x00000000a3700000| Untracked |  0
|  20|0x00000000a3800000, 0x00000000a3800000, 0x00000000a3900000|  0%| F|  |TAMS 0x00000000a3800000| PB 0x00000000a3800000| Untracked |  0
|  21|0x00000000a3900000, 0x00000000a3a00000, 0x00000000a3a00000|100%| O|  |TAMS 0x00000000a3900000| PB 0x00000000a3900000| Untracked |  0
|  22|0x00000000a3a00000, 0x00000000a3b00000, 0x00000000a3b00000|100%| O|  |TAMS 0x00000000a3a00000| PB 0x00000000a3a00000| Untracked |  0
|  23|0x00000000a3b00000, 0x00000000a3c00000, 0x00000000a3c00000|100%| O|  |TAMS 0x00000000a3b00000| PB 0x00000000a3b00000| Untracked |  0
|  24|0x00000000a3c00000, 0x00000000a3d00000, 0x00000000a3d00000|100%| O|  |TAMS 0x00000000a3c00000| PB 0x00000000a3c00000| Untracked |  0
|  25|0x00000000a3d00000, 0x00000000a3e00000, 0x00000000a3e00000|100%| O|  |TAMS 0x00000000a3d00000| PB 0x00000000a3d00000| Untracked |  0
|  26|0x00000000a3e00000, 0x00000000a3f00000, 0x00000000a3f00000|100%| O|  |TAMS 0x00000000a3e00000| PB 0x00000000a3e00000| Untracked |  0
|  27|0x00000000a3f00000, 0x00000000a4000000, 0x00000000a4000000|100%| O|  |TAMS 0x00000000a3f00000| PB 0x00000000a3f00000| Untracked |  0
|  28|0x00000000a4000000, 0x00000000a4100000, 0x00000000a4100000|100%| O|  |TAMS 0x00000000a4000000| PB 0x00000000a4000000| Untracked |  0
|  29|0x00000000a4100000, 0x00000000a4200000, 0x00000000a4200000|100%| O|  |TAMS 0x00000000a4100000| PB 0x00000000a4100000| Untracked |  0
|  30|0x00000000a4200000, 0x00000000a4300000, 0x00000000a4300000|100%| O|  |TAMS 0x00000000a4200000| PB 0x00000000a4200000| Untracked |  0
|  31|0x00000000a4300000, 0x00000000a4400000, 0x00000000a4400000|100%| O|  |TAMS 0x00000000a4300000| PB 0x00000000a4300000| Untracked |  0
|  32|0x00000000a4400000, 0x00000000a4500000, 0x00000000a4500000|100%| O|  |TAMS 0x00000000a4400000| PB 0x00000000a4400000| Untracked |  0
|  33|0x00000000a4500000, 0x00000000a4600000, 0x00000000a4600000|100%| O|  |TAMS 0x00000000a4500000| PB 0x00000000a4500000| Untracked |  0
|  34|0x00000000a4600000, 0x00000000a4700000, 0x00000000a4700000|100%| O|  |TAMS 0x00000000a4600000| PB 0x00000000a4600000| Untracked |  0
|  35|0x00000000a4700000, 0x00000000a4800000, 0x00000000a4800000|100%| O|Cm|TAMS 0x00000000a4700000| PB 0x00000000a4700000| Complete |  0
|  36|0x00000000a4800000, 0x00000000a4900000, 0x00000000a4900000|100%| O|Cm|TAMS 0x00000000a4800000| PB 0x00000000a4800000| Complete |  0
|  37|0x00000000a4900000, 0x00000000a4a00000, 0x00000000a4a00000|100%| O|  |TAMS 0x00000000a4900000| PB 0x00000000a4900000| Untracked |  0
|  38|0x00000000a4a00000, 0x00000000a4b00000, 0x00000000a4b00000|100%| O|  |TAMS 0x00000000a4a00000| PB 0x00000000a4a00000| Untracked |  0
|  39|0x00000000a4b00000, 0x00000000a4b00000, 0x00000000a4c00000|  0%| F|  |TAMS 0x00000000a4b00000| PB 0x00000000a4b00000| Untracked |  0
|  40|0x00000000a4c00000, 0x00000000a4c00000, 0x00000000a4d00000|  0%| F|  |TAMS 0x00000000a4c00000| PB 0x00000000a4c00000| Untracked |  0
|  41|0x00000000a4d00000, 0x00000000a4e00000, 0x00000000a4e00000|100%| O|Cm|TAMS 0x00000000a4d00000| PB 0x00000000a4d00000| Complete |  0
|  42|0x00000000a4e00000, 0x00000000a4f00000, 0x00000000a4f00000|100%| O|  |TAMS 0x00000000a4e00000| PB 0x00000000a4e00000| Untracked |  0
|  43|0x00000000a4f00000, 0x00000000a5000000, 0x00000000a5000000|100%| O|  |TAMS 0x00000000a4f00000| PB 0x00000000a4f00000| Untracked |  0
|  44|0x00000000a5000000, 0x00000000a5100000, 0x00000000a5100000|100%| O|  |TAMS 0x00000000a5000000| PB 0x00000000a5000000| Untracked |  0
|  45|0x00000000a5100000, 0x00000000a5200000, 0x00000000a5200000|100%| O|Cm|TAMS 0x00000000a5100000| PB 0x00000000a5100000| Complete |  0
|  46|0x00000000a5200000, 0x00000000a5300000, 0x00000000a5300000|100%| O|  |TAMS 0x00000000a5200000| PB 0x00000000a5200000| Untracked |  0
|  47|0x00000000a5300000, 0x00000000a5400000, 0x00000000a5400000|100%| O|Cm|TAMS 0x00000000a5300000| PB 0x00000000a5300000| Complete |  0
|  48|0x00000000a5400000, 0x00000000a5400000, 0x00000000a5500000|  0%| F|  |TAMS 0x00000000a5400000| PB 0x00000000a5400000| Untracked |  0
|  49|0x00000000a5500000, 0x00000000a5500000, 0x00000000a5600000|  0%| F|  |TAMS 0x00000000a5500000| PB 0x00000000a5500000| Untracked |  0
|  50|0x00000000a5600000, 0x00000000a5600000, 0x00000000a5700000|  0%| F|  |TAMS 0x00000000a5600000| PB 0x00000000a5600000| Untracked |  0
|  51|0x00000000a5700000, 0x00000000a5700000, 0x00000000a5800000|  0%| F|  |TAMS 0x00000000a5700000| PB 0x00000000a5700000| Untracked |  0
|  52|0x00000000a5800000, 0x00000000a5900000, 0x00000000a5900000|100%| O|Cm|TAMS 0x00000000a5800000| PB 0x00000000a5800000| Complete |  0
|  53|0x00000000a5900000, 0x00000000a5900000, 0x00000000a5a00000|  0%| F|  |TAMS 0x00000000a5900000| PB 0x00000000a5900000| Untracked |  0
|  54|0x00000000a5a00000, 0x00000000a5b00000, 0x00000000a5b00000|100%| O|Cm|TAMS 0x00000000a5a00000| PB 0x00000000a5a00000| Complete |  0
|  55|0x00000000a5b00000, 0x00000000a5c00000, 0x00000000a5c00000|100%| O|Cm|TAMS 0x00000000a5b00000| PB 0x00000000a5b00000| Complete |  0
|  56|0x00000000a5c00000, 0x00000000a5d00000, 0x00000000a5d00000|100%| O|Cm|TAMS 0x00000000a5c00000| PB 0x00000000a5c00000| Complete |  0
|  57|0x00000000a5d00000, 0x00000000a5e00000, 0x00000000a5e00000|100%| O|Cm|TAMS 0x00000000a5d00000| PB 0x00000000a5d00000| Complete |  0
|  58|0x00000000a5e00000, 0x00000000a5e00000, 0x00000000a5f00000|  0%| F|  |TAMS 0x00000000a5e00000| PB 0x00000000a5e00000| Untracked |  0
|  59|0x00000000a5f00000, 0x00000000a6000000, 0x00000000a6000000|100%| O|Cm|TAMS 0x00000000a5f00000| PB 0x00000000a5f00000| Complete |  0
|  60|0x00000000a6000000, 0x00000000a6100000, 0x00000000a6100000|100%| O|Cm|TAMS 0x00000000a6000000| PB 0x00000000a6000000| Complete |  0
|  61|0x00000000a6100000, 0x00000000a6200000, 0x00000000a6200000|100%| O|Cm|TAMS 0x00000000a6100000| PB 0x00000000a6100000| Complete |  0
|  62|0x00000000a6200000, 0x00000000a6300000, 0x00000000a6300000|100%| O|  |TAMS 0x00000000a6200000| PB 0x00000000a6200000| Untracked |  0
|  63|0x00000000a6300000, 0x00000000a6400000, 0x00000000a6400000|100%| O|Cm|TAMS 0x00000000a6300000| PB 0x00000000a6300000| Complete |  0
|  64|0x00000000a6400000, 0x00000000a6500000, 0x00000000a6500000|100%| O|Cm|TAMS 0x00000000a6400000| PB 0x00000000a6400000| Complete |  0
|  65|0x00000000a6500000, 0x00000000a6600000, 0x00000000a6600000|100%| O|Cm|TAMS 0x00000000a6500000| PB 0x00000000a6500000| Complete |  0
|  66|0x00000000a6600000, 0x00000000a66fece0, 0x00000000a6700000| 99%| O|  |TAMS 0x00000000a6600000| PB 0x00000000a6600000| Untracked |  0
|  67|0x00000000a6700000, 0x00000000a6700000, 0x00000000a6800000|  0%| F|  |TAMS 0x00000000a6700000| PB 0x00000000a6700000| Untracked |  0
|  68|0x00000000a6800000, 0x00000000a6800000, 0x00000000a6900000|  0%| F|  |TAMS 0x00000000a6800000| PB 0x00000000a6800000| Untracked |  0
|  69|0x00000000a6900000, 0x00000000a6900000, 0x00000000a6a00000|  0%| F|  |TAMS 0x00000000a6900000| PB 0x00000000a6900000| Untracked |  0
|  70|0x00000000a6a00000, 0x00000000a6a00000, 0x00000000a6b00000|  0%| F|  |TAMS 0x00000000a6a00000| PB 0x00000000a6a00000| Untracked |  0
|  71|0x00000000a6b00000, 0x00000000a6b00000, 0x00000000a6c00000|  0%| F|  |TAMS 0x00000000a6b00000| PB 0x00000000a6b00000| Untracked |  0
|  72|0x00000000a6c00000, 0x00000000a6c00000, 0x00000000a6d00000|  0%| F|  |TAMS 0x00000000a6c00000| PB 0x00000000a6c00000| Untracked |  0
|  73|0x00000000a6d00000, 0x00000000a6d00000, 0x00000000a6e00000|  0%| F|  |TAMS 0x00000000a6d00000| PB 0x00000000a6d00000| Untracked |  0
|  74|0x00000000a6e00000, 0x00000000a6e00000, 0x00000000a6f00000|  0%| F|  |TAMS 0x00000000a6e00000| PB 0x00000000a6e00000| Untracked |  0
|  75|0x00000000a6f00000, 0x00000000a6f00000, 0x00000000a7000000|  0%| F|  |TAMS 0x00000000a6f00000| PB 0x00000000a6f00000| Untracked |  0
|  76|0x00000000a7000000, 0x00000000a7000000, 0x00000000a7100000|  0%| F|  |TAMS 0x00000000a7000000| PB 0x00000000a7000000| Untracked |  0
|  77|0x00000000a7100000, 0x00000000a7100000, 0x00000000a7200000|  0%| F|  |TAMS 0x00000000a7100000| PB 0x00000000a7100000| Untracked |  0
|  78|0x00000000a7200000, 0x00000000a7200000, 0x00000000a7300000|  0%| F|  |TAMS 0x00000000a7200000| PB 0x00000000a7200000| Untracked |  0
|  79|0x00000000a7300000, 0x00000000a7300000, 0x00000000a7400000|  0%| F|  |TAMS 0x00000000a7300000| PB 0x00000000a7300000| Untracked |  0
|  80|0x00000000a7400000, 0x00000000a7400000, 0x00000000a7500000|  0%| F|  |TAMS 0x00000000a7400000| PB 0x00000000a7400000| Untracked |  0
|  81|0x00000000a7500000, 0x00000000a7500000, 0x00000000a7600000|  0%| F|  |TAMS 0x00000000a7500000| PB 0x00000000a7500000| Untracked |  0
|  82|0x00000000a7600000, 0x00000000a7600000, 0x00000000a7700000|  0%| F|  |TAMS 0x00000000a7600000| PB 0x00000000a7600000| Untracked |  0
|  83|0x00000000a7700000, 0x00000000a7700000, 0x00000000a7800000|  0%| F|  |TAMS 0x00000000a7700000| PB 0x00000000a7700000| Untracked |  0
|  84|0x00000000a7800000, 0x00000000a7800000, 0x00000000a7900000|  0%| F|  |TAMS 0x00000000a7800000| PB 0x00000000a7800000| Untracked |  0
|  85|0x00000000a7900000, 0x00000000a7900000, 0x00000000a7a00000|  0%| F|  |TAMS 0x00000000a7900000| PB 0x00000000a7900000| Untracked |  0
|  86|0x00000000a7a00000, 0x00000000a7a00000, 0x00000000a7b00000|  0%| F|  |TAMS 0x00000000a7a00000| PB 0x00000000a7a00000| Untracked |  0
|  87|0x00000000a7b00000, 0x00000000a7b00000, 0x00000000a7c00000|  0%| F|  |TAMS 0x00000000a7b00000| PB 0x00000000a7b00000| Untracked |  0
|  88|0x00000000a7c00000, 0x00000000a7c00000, 0x00000000a7d00000|  0%| F|  |TAMS 0x00000000a7c00000| PB 0x00000000a7c00000| Untracked |  0
|  89|0x00000000a7d00000, 0x00000000a7d00000, 0x00000000a7e00000|  0%| F|  |TAMS 0x00000000a7d00000| PB 0x00000000a7d00000| Untracked |  0
|  90|0x00000000a7e00000, 0x00000000a7e00000, 0x00000000a7f00000|  0%| F|  |TAMS 0x00000000a7e00000| PB 0x00000000a7e00000| Untracked |  0
|  91|0x00000000a7f00000, 0x00000000a7f00000, 0x00000000a8000000|  0%| F|  |TAMS 0x00000000a7f00000| PB 0x00000000a7f00000| Untracked |  0
|  92|0x00000000a8000000, 0x00000000a8000000, 0x00000000a8100000|  0%| F|  |TAMS 0x00000000a8000000| PB 0x00000000a8000000| Untracked |  0
|  93|0x00000000a8100000, 0x00000000a8100000, 0x00000000a8200000|  0%| F|  |TAMS 0x00000000a8100000| PB 0x00000000a8100000| Untracked |  0
|  94|0x00000000a8200000, 0x00000000a8200000, 0x00000000a8300000|  0%| F|  |TAMS 0x00000000a8200000| PB 0x00000000a8200000| Untracked |  0
|  95|0x00000000a8300000, 0x00000000a8300000, 0x00000000a8400000|  0%| F|  |TAMS 0x00000000a8300000| PB 0x00000000a8300000| Untracked |  0
|  96|0x00000000a8400000, 0x00000000a8500000, 0x00000000a8500000|100%| S|CS|TAMS 0x00000000a8400000| PB 0x00000000a8400000| Complete |  0
|  97|0x00000000a8500000, 0x00000000a8600000, 0x00000000a8600000|100%| S|CS|TAMS 0x00000000a8500000| PB 0x00000000a8500000| Complete |  0
|  98|0x00000000a8600000, 0x00000000a8700000, 0x00000000a8700000|100%| S|CS|TAMS 0x00000000a8600000| PB 0x00000000a8600000| Complete |  0
|  99|0x00000000a8700000, 0x00000000a8800000, 0x00000000a8800000|100%| S|CS|TAMS 0x00000000a8700000| PB 0x00000000a8700000| Complete |  0
| 100|0x00000000a8800000, 0x00000000a8900000, 0x00000000a8900000|100%| S|CS|TAMS 0x00000000a8800000| PB 0x00000000a8800000| Complete |  0
| 101|0x00000000a8900000, 0x00000000a8a00000, 0x00000000a8a00000|100%| S|CS|TAMS 0x00000000a8900000| PB 0x00000000a8900000| Complete |  0
| 102|0x00000000a8a00000, 0x00000000a8a00000, 0x00000000a8b00000|  0%| F|  |TAMS 0x00000000a8a00000| PB 0x00000000a8a00000| Untracked |  0
| 103|0x00000000a8b00000, 0x00000000a8b00000, 0x00000000a8c00000|  0%| F|  |TAMS 0x00000000a8b00000| PB 0x00000000a8b00000| Untracked |  0
| 104|0x00000000a8c00000, 0x00000000a8c00000, 0x00000000a8d00000|  0%| F|  |TAMS 0x00000000a8c00000| PB 0x00000000a8c00000| Untracked |  0
| 105|0x00000000a8d00000, 0x00000000a8d00000, 0x00000000a8e00000|  0%| F|  |TAMS 0x00000000a8d00000| PB 0x00000000a8d00000| Untracked |  0
| 106|0x00000000a8e00000, 0x00000000a8e00000, 0x00000000a8f00000|  0%| F|  |TAMS 0x00000000a8e00000| PB 0x00000000a8e00000| Untracked |  0
| 107|0x00000000a8f00000, 0x00000000a8f00000, 0x00000000a9000000|  0%| F|  |TAMS 0x00000000a8f00000| PB 0x00000000a8f00000| Untracked |  0
| 108|0x00000000a9000000, 0x00000000a9000000, 0x00000000a9100000|  0%| F|  |TAMS 0x00000000a9000000| PB 0x00000000a9000000| Untracked |  0
| 109|0x00000000a9100000, 0x00000000a9100000, 0x00000000a9200000|  0%| F|  |TAMS 0x00000000a9100000| PB 0x00000000a9100000| Untracked |  0
| 110|0x00000000a9200000, 0x00000000a9200000, 0x00000000a9300000|  0%| F|  |TAMS 0x00000000a9200000| PB 0x00000000a9200000| Untracked |  0
| 111|0x00000000a9300000, 0x00000000a9300000, 0x00000000a9400000|  0%| F|  |TAMS 0x00000000a9300000| PB 0x00000000a9300000| Untracked |  0
| 112|0x00000000a9400000, 0x00000000a9400000, 0x00000000a9500000|  0%| F|  |TAMS 0x00000000a9400000| PB 0x00000000a9400000| Untracked |  0
| 113|0x00000000a9500000, 0x00000000a9500000, 0x00000000a9600000|  0%| F|  |TAMS 0x00000000a9500000| PB 0x00000000a9500000| Untracked |  0
| 114|0x00000000a9600000, 0x00000000a9600000, 0x00000000a9700000|  0%| F|  |TAMS 0x00000000a9600000| PB 0x00000000a9600000| Untracked |  0
| 115|0x00000000a9700000, 0x00000000a9700000, 0x00000000a9800000|  0%| F|  |TAMS 0x00000000a9700000| PB 0x00000000a9700000| Untracked |  0
| 116|0x00000000a9800000, 0x00000000a9800000, 0x00000000a9900000|  0%| F|  |TAMS 0x00000000a9800000| PB 0x00000000a9800000| Untracked |  0
| 117|0x00000000a9900000, 0x00000000a9900000, 0x00000000a9a00000|  0%| F|  |TAMS 0x00000000a9900000| PB 0x00000000a9900000| Untracked |  0
| 118|0x00000000a9a00000, 0x00000000a9a00000, 0x00000000a9b00000|  0%| F|  |TAMS 0x00000000a9a00000| PB 0x00000000a9a00000| Untracked |  0
| 119|0x00000000a9b00000, 0x00000000a9b00000, 0x00000000a9c00000|  0%| F|  |TAMS 0x00000000a9b00000| PB 0x00000000a9b00000| Untracked |  0
| 120|0x00000000a9c00000, 0x00000000a9c00000, 0x00000000a9d00000|  0%| F|  |TAMS 0x00000000a9c00000| PB 0x00000000a9c00000| Untracked |  0
| 121|0x00000000a9d00000, 0x00000000a9d00000, 0x00000000a9e00000|  0%| F|  |TAMS 0x00000000a9d00000| PB 0x00000000a9d00000| Untracked |  0
| 122|0x00000000a9e00000, 0x00000000a9e00000, 0x00000000a9f00000|  0%| F|  |TAMS 0x00000000a9e00000| PB 0x00000000a9e00000| Untracked |  0
| 123|0x00000000a9f00000, 0x00000000a9f00000, 0x00000000aa000000|  0%| F|  |TAMS 0x00000000a9f00000| PB 0x00000000a9f00000| Untracked |  0
| 124|0x00000000aa000000, 0x00000000aa000000, 0x00000000aa100000|  0%| F|  |TAMS 0x00000000aa000000| PB 0x00000000aa000000| Untracked |  0
| 125|0x00000000aa100000, 0x00000000aa100000, 0x00000000aa200000|  0%| F|  |TAMS 0x00000000aa100000| PB 0x00000000aa100000| Untracked |  0
| 126|0x00000000aa200000, 0x00000000aa200000, 0x00000000aa300000|  0%| F|  |TAMS 0x00000000aa200000| PB 0x00000000aa200000| Untracked |  0
| 127|0x00000000aa300000, 0x00000000aa300000, 0x00000000aa400000|  0%| F|  |TAMS 0x00000000aa300000| PB 0x00000000aa300000| Untracked |  0
| 128|0x00000000aa400000, 0x00000000aa400000, 0x00000000aa500000|  0%| F|  |TAMS 0x00000000aa400000| PB 0x00000000aa400000| Untracked |  0
| 129|0x00000000aa500000, 0x00000000aa500000, 0x00000000aa600000|  0%| F|  |TAMS 0x00000000aa500000| PB 0x00000000aa500000| Untracked |  0
| 130|0x00000000aa600000, 0x00000000aa600000, 0x00000000aa700000|  0%| F|  |TAMS 0x00000000aa600000| PB 0x00000000aa600000| Untracked |  0
| 131|0x00000000aa700000, 0x00000000aa700000, 0x00000000aa800000|  0%| F|  |TAMS 0x00000000aa700000| PB 0x00000000aa700000| Untracked |  0
| 132|0x00000000aa800000, 0x00000000aa800000, 0x00000000aa900000|  0%| F|  |TAMS 0x00000000aa800000| PB 0x00000000aa800000| Untracked |  0
| 133|0x00000000aa900000, 0x00000000aa900000, 0x00000000aaa00000|  0%| F|  |TAMS 0x00000000aa900000| PB 0x00000000aa900000| Untracked |  0
| 134|0x00000000aaa00000, 0x00000000aaa00000, 0x00000000aab00000|  0%| F|  |TAMS 0x00000000aaa00000| PB 0x00000000aaa00000| Untracked |  0
| 135|0x00000000aab00000, 0x00000000aab00000, 0x00000000aac00000|  0%| F|  |TAMS 0x00000000aab00000| PB 0x00000000aab00000| Untracked |  0
| 136|0x00000000aac00000, 0x00000000aac00000, 0x00000000aad00000|  0%| F|  |TAMS 0x00000000aac00000| PB 0x00000000aac00000| Untracked |  0
| 137|0x00000000aad00000, 0x00000000aad00000, 0x00000000aae00000|  0%| F|  |TAMS 0x00000000aad00000| PB 0x00000000aad00000| Untracked |  0
| 138|0x00000000aae00000, 0x00000000aae00000, 0x00000000aaf00000|  0%| F|  |TAMS 0x00000000aae00000| PB 0x00000000aae00000| Untracked |  0
| 139|0x00000000aaf00000, 0x00000000aaf00000, 0x00000000ab000000|  0%| F|  |TAMS 0x00000000aaf00000| PB 0x00000000aaf00000| Untracked |  0
| 140|0x00000000ab000000, 0x00000000ab000000, 0x00000000ab100000|  0%| F|  |TAMS 0x00000000ab000000| PB 0x00000000ab000000| Untracked |  0
| 141|0x00000000ab100000, 0x00000000ab100000, 0x00000000ab200000|  0%| F|  |TAMS 0x00000000ab100000| PB 0x00000000ab100000| Untracked |  0
| 142|0x00000000ab200000, 0x00000000ab200000, 0x00000000ab300000|  0%| F|  |TAMS 0x00000000ab200000| PB 0x00000000ab200000| Untracked |  0
| 143|0x00000000ab300000, 0x00000000ab300000, 0x00000000ab400000|  0%| F|  |TAMS 0x00000000ab300000| PB 0x00000000ab300000| Untracked |  0
| 144|0x00000000ab400000, 0x00000000ab400000, 0x00000000ab500000|  0%| F|  |TAMS 0x00000000ab400000| PB 0x00000000ab400000| Untracked |  0
| 145|0x00000000ab500000, 0x00000000ab500000, 0x00000000ab600000|  0%| F|  |TAMS 0x00000000ab500000| PB 0x00000000ab500000| Untracked |  0
| 146|0x00000000ab600000, 0x00000000ab600000, 0x00000000ab700000|  0%| F|  |TAMS 0x00000000ab600000| PB 0x00000000ab600000| Untracked |  0
| 147|0x00000000ab700000, 0x00000000ab700000, 0x00000000ab800000|  0%| F|  |TAMS 0x00000000ab700000| PB 0x00000000ab700000| Untracked |  0
| 148|0x00000000ab800000, 0x00000000ab800000, 0x00000000ab900000|  0%| F|  |TAMS 0x00000000ab800000| PB 0x00000000ab800000| Untracked |  0
| 149|0x00000000ab900000, 0x00000000ab900000, 0x00000000aba00000|  0%| F|  |TAMS 0x00000000ab900000| PB 0x00000000ab900000| Untracked |  0
| 150|0x00000000aba00000, 0x00000000aba00000, 0x00000000abb00000|  0%| F|  |TAMS 0x00000000aba00000| PB 0x00000000aba00000| Untracked |  0
| 151|0x00000000abb00000, 0x00000000abb00000, 0x00000000abc00000|  0%| F|  |TAMS 0x00000000abb00000| PB 0x00000000abb00000| Untracked |  0
| 152|0x00000000abc00000, 0x00000000abc00000, 0x00000000abd00000|  0%| F|  |TAMS 0x00000000abc00000| PB 0x00000000abc00000| Untracked |  0
| 153|0x00000000abd00000, 0x00000000abd00000, 0x00000000abe00000|  0%| F|  |TAMS 0x00000000abd00000| PB 0x00000000abd00000| Untracked |  0
| 154|0x00000000abe00000, 0x00000000abe00000, 0x00000000abf00000|  0%| F|  |TAMS 0x00000000abe00000| PB 0x00000000abe00000| Untracked |  0
| 155|0x00000000abf00000, 0x00000000abf00000, 0x00000000ac000000|  0%| F|  |TAMS 0x00000000abf00000| PB 0x00000000abf00000| Untracked |  0
| 156|0x00000000ac000000, 0x00000000ac000000, 0x00000000ac100000|  0%| F|  |TAMS 0x00000000ac000000| PB 0x00000000ac000000| Untracked |  0
| 157|0x00000000ac100000, 0x00000000ac100000, 0x00000000ac200000|  0%| F|  |TAMS 0x00000000ac100000| PB 0x00000000ac100000| Untracked |  0
| 158|0x00000000ac200000, 0x00000000ac200000, 0x00000000ac300000|  0%| F|  |TAMS 0x00000000ac200000| PB 0x00000000ac200000| Untracked |  0
| 159|0x00000000ac300000, 0x00000000ac37bd10, 0x00000000ac400000| 48%| E|  |TAMS 0x00000000ac300000| PB 0x00000000ac300000| Complete |  0
| 160|0x00000000ac400000, 0x00000000ac500000, 0x00000000ac500000|100%| E|CS|TAMS 0x00000000ac400000| PB 0x00000000ac400000| Complete |  0
|1493|0x00000000ff900000, 0x00000000ffa00000, 0x00000000ffa00000|100%| E|CS|TAMS 0x00000000ff900000| PB 0x00000000ff900000| Complete |  0
|1494|0x00000000ffa00000, 0x00000000ffb00000, 0x00000000ffb00000|100%| E|CS|TAMS 0x00000000ffa00000| PB 0x00000000ffa00000| Complete |  0
|1495|0x00000000ffb00000, 0x00000000ffc00000, 0x00000000ffc00000|100%| E|CS|TAMS 0x00000000ffb00000| PB 0x00000000ffb00000| Complete |  0
|1496|0x00000000ffc00000, 0x00000000ffd00000, 0x00000000ffd00000|100%| E|CS|TAMS 0x00000000ffc00000| PB 0x00000000ffc00000| Complete |  0
|1497|0x00000000ffd00000, 0x00000000ffe00000, 0x00000000ffe00000|100%| E|CS|TAMS 0x00000000ffd00000| PB 0x00000000ffd00000| Complete |  0
|1498|0x00000000ffe00000, 0x00000000fff00000, 0x00000000fff00000|100%| O|  |TAMS 0x00000000ffe00000| PB 0x00000000ffe00000| Untracked |  0
|1499|0x00000000fff00000, 0x0000000100000000, 0x0000000100000000|100%| E|CS|TAMS 0x00000000fff00000| PB 0x00000000fff00000| Complete |  0

Card table byte_map: [0x000002017ea80000,0x000002017ed70000] _byte_map_base: 0x000002017e56e000

Marking Bits: (CMBitMap*) 0x00000201668e8570
 Bits: [0x0000020100000000, 0x0000020101770000)

Polling page: 0x00000201646f0000

Metaspace:

Usage:
  Non-class:     77.69 MB used.
      Class:      9.98 MB used.
       Both:     87.67 MB used.

Virtual space:
  Non-class space:      128.00 MB reserved,      78.06 MB ( 61%) committed,  2 nodes.
      Class space:        1.00 GB reserved,      10.25 MB (  1%) committed,  1 nodes.
             Both:        1.12 GB reserved,      88.31 MB (  8%) committed. 

Chunk freelists:
   Non-Class:  1.47 MB
       Class:  5.78 MB
        Both:  7.25 MB

MaxMetaspaceSize: unlimited
CompressedClassSpaceSize: 1.00 GB
Initial GC threshold: 21.00 MB
Current GC threshold: 145.44 MB
CDS: on
 - commit_granule_bytes: 65536.
 - commit_granule_words: 8192.
 - virtual_space_node_default_size: 8388608.
 - enlarge_chunks_in_place: 1.
UseCompressedClassPointers 1, UseCompactObjectHeaders 0
Narrow klass pointer bits 32, Max shift 3
Narrow klass base: 0x0000020104000000, Narrow klass shift: 0
Encoding Range: [0x0000020104000000 - 0x0000020204000000), (4294967296 bytes)
Klass Range:    [0x0000020104000000 - 0x0000020145000000), (1090519040 bytes)
Klass ID Range:  [8 - 1090519033) (1090519025)


Internal statistics:

num_allocs_failed_limit: 6.
num_arena_births: 892.
num_arena_deaths: 0.
num_vsnodes_births: 3.
num_vsnodes_deaths: 0.
num_space_committed: 1413.
num_space_uncommitted: 0.
num_chunks_returned_to_freelist: 6.
num_chunks_taken_from_freelist: 3939.
num_chunk_merges: 3.
num_chunk_splits: 2943.
num_chunks_enlarged: 2468.
num_inconsistent_stats: 0.

CodeHeap 'non-profiled nmethods': size=120064Kb used=3399Kb max_used=3399Kb free=116664Kb
 bounds [0x0000020176bf0000, 0x0000020176f50000, 0x000002017e130000]
CodeHeap 'profiled nmethods': size=120000Kb used=11125Kb max_used=11187Kb free=108874Kb
 bounds [0x000002016f130000, 0x000002016fc20000, 0x0000020176660000]
CodeHeap 'non-nmethods': size=5696Kb used=1622Kb max_used=1772Kb free=4073Kb
 bounds [0x0000020176660000, 0x00000201768d0000, 0x0000020176bf0000]
CodeCache: size=245760Kb, used=16146Kb, max_used=16358Kb, free=229611Kb
 total_blobs=7462, nmethods=6688, adapters=678, full_count=0
Compilation: enabled, stopped_count=0, restarted_count=0

Compilation events (20 events):
Event: 114.022 Thread 0x000002017f9b1df0 nmethod 7929 0x0000020176f3fd88 code [0x0000020176f3fe80, 0x0000020176f3ff48]
Event: 114.024 Thread 0x000002017f9b1df0 7930       3       org.apache.coyote.http11.Http11InputBuffer::getHeaderByteBuffer (5 bytes)
Event: 114.024 Thread 0x000002017f9b1df0 nmethod 7930 0x000002016fb44008 code [0x000002016fb44120, 0x000002016fb44240]
Event: 114.024 Thread 0x000002017f9b1df0 7931       3       java.nio.HeapByteBuffer::put (17 bytes)
Event: 114.026 Thread 0x000002017f9b1df0 nmethod 7931 0x000002016fb4ce88 code [0x000002016fb4cfc0, 0x000002016fb4d298]
Event: 114.026 Thread 0x000002017f9b1df0 7932   !   3       org.apache.tomcat.util.http.parser.HttpParser::isControl (9 bytes)
Event: 114.027 Thread 0x000002017f9b1df0 nmethod 7932 0x000002016fb43d08 code [0x000002016fb43e20, 0x000002016fb43f80]
Event: 114.027 Thread 0x000002017f9b1df0 7933   !   3       org.apache.tomcat.util.http.parser.HttpParser::isToken (9 bytes)
Event: 114.027 Thread 0x000002017f9b1df0 nmethod 7933 0x000002016f825808 code [0x000002016f825920, 0x000002016f825a80]
Event: 114.042 Thread 0x000002017f9b1df0 7934       1       org.apache.tomcat.util.http.MimeHeaderField::getName (5 bytes)
Event: 114.042 Thread 0x000002017f9b1df0 nmethod 7934 0x0000020176f40088 code [0x0000020176f40180, 0x0000020176f40248]
Event: 114.086 Thread 0x000002017f9c6740 7935       4       java.lang.String::hashCode (60 bytes)
Event: 114.096 Thread 0x000002017f9c6740 nmethod 7935 0x0000020176f40388 code [0x0000020176f404a0, 0x0000020176f40798]
Event: 114.096 Thread 0x000002017f9c6740 7936   !   4       java.util.concurrent.ConcurrentHashMap::computeIfAbsent (576 bytes)
Event: 114.118 Thread 0x000002017f9c6740 nmethod 7936 0x0000020176f40808 code [0x0000020176f409c0, 0x0000020176f41ca0]
Event: 114.208 Thread 0x000002017f9b1df0 7937       3       java.nio.Buffer::rewind (12 bytes)
Event: 114.208 Thread 0x000002017f9b1df0 nmethod 7937 0x000002016f825508 code [0x000002016f825620, 0x000002016f825738]
Event: 114.211 Thread 0x000002017f9b1df0 7938       3       org.apache.tomcat.util.buf.Ascii::toLower (14 bytes)
Event: 114.211 Thread 0x000002017f9b1df0 nmethod 7938 0x000002016f825208 code [0x000002016f825320, 0x000002016f825428]
Event: 114.240 Thread 0x000002017f9c6740 7939 %     4       java.util.Properties$LineReader::readLine @ 293 (584 bytes)

GC Heap History (20 events):
Event: 29.756 GC heap before
{Heap before GC invocations=18 (full 0):
 garbage-first heap   total reserved 1536000K, committed 58368K, used 50219K [0x00000000a2400000, 0x0000000100000000)
  region size 1024K, 17 young (17408K), 3 survivors (3072K)
 Metaspace       used 77676K, committed 78208K, reserved 1179648K
  class space    used 8493K, committed 8704K, reserved 1048576K
}
Event: 29.760 GC heap after
{Heap after GC invocations=19 (full 0):
 garbage-first heap   total reserved 1536000K, committed 70656K, used 36661K [0x00000000a2400000, 0x0000000100000000)
  region size 1024K, 3 young (3072K), 3 survivors (3072K)
 Metaspace       used 77676K, committed 78208K, reserved 1179648K
  class space    used 8493K, committed 8704K, reserved 1048576K
}
Event: 30.125 GC heap before
{Heap before GC invocations=19 (full 0):
 garbage-first heap   total reserved 1536000K, committed 70656K, used 61237K [0x00000000a2400000, 0x0000000100000000)
  region size 1024K, 28 young (28672K), 3 survivors (3072K)
 Metaspace       used 79766K, committed 80320K, reserved 1179648K
  class space    used 8940K, committed 9152K, reserved 1048576K
}
Event: 30.130 GC heap after
{Heap after GC invocations=20 (full 0):
 garbage-first heap   total reserved 1536000K, committed 70656K, used 38465K [0x00000000a2400000, 0x0000000100000000)
  region size 1024K, 3 young (3072K), 3 survivors (3072K)
 Metaspace       used 79766K, committed 80320K, reserved 1179648K
  class space    used 8940K, committed 9152K, reserved 1048576K
}
Event: 30.488 GC heap before
{Heap before GC invocations=20 (full 0):
 garbage-first heap   total reserved 1536000K, committed 70656K, used 62017K [0x00000000a2400000, 0x0000000100000000)
  region size 1024K, 27 young (27648K), 3 survivors (3072K)
 Metaspace       used 82086K, committed 82624K, reserved 1179648K
  class space    used 9294K, committed 9536K, reserved 1048576K
}
Event: 30.496 GC heap after
{Heap after GC invocations=21 (full 0):
 garbage-first heap   total reserved 1536000K, committed 71680K, used 43509K [0x00000000a2400000, 0x0000000100000000)
  region size 1024K, 4 young (4096K), 4 survivors (4096K)
 Metaspace       used 82086K, committed 82624K, reserved 1179648K
  class space    used 9294K, committed 9536K, reserved 1048576K
}
Event: 30.527 GC heap before
{Heap before GC invocations=21 (full 0):
 garbage-first heap   total reserved 1536000K, committed 71680K, used 62965K [0x00000000a2400000, 0x0000000100000000)
  region size 1024K, 23 young (23552K), 4 survivors (4096K)
 Metaspace       used 82086K, committed 82624K, reserved 1179648K
  class space    used 9294K, committed 9536K, reserved 1048576K
}
Event: 30.537 GC heap after
{Heap after GC invocations=22 (full 0):
 garbage-first heap   total reserved 1536000K, committed 74752K, used 50483K [0x00000000a2400000, 0x0000000100000000)
  region size 1024K, 3 young (3072K), 3 survivors (3072K)
 Metaspace       used 82086K, committed 82624K, reserved 1179648K
  class space    used 9294K, committed 9536K, reserved 1048576K
}
Event: 30.591 GC heap before
{Heap before GC invocations=23 (full 0):
 garbage-first heap   total reserved 1536000K, committed 86016K, used 63795K [0x00000000a2400000, 0x0000000100000000)
  region size 1024K, 16 young (16384K), 3 survivors (3072K)
 Metaspace       used 82090K, committed 82624K, reserved 1179648K
  class space    used 9294K, committed 9536K, reserved 1048576K
}
Event: 30.596 GC heap after
{Heap after GC invocations=24 (full 0):
 garbage-first heap   total reserved 1536000K, committed 86016K, used 52891K [0x00000000a2400000, 0x0000000100000000)
  region size 1024K, 2 young (2048K), 2 survivors (2048K)
 Metaspace       used 82090K, committed 82624K, reserved 1179648K
  class space    used 9294K, committed 9536K, reserved 1048576K
}
Event: 30.789 GC heap before
{Heap before GC invocations=24 (full 0):
 garbage-first heap   total reserved 1536000K, committed 86016K, used 74395K [0x00000000a2400000, 0x0000000100000000)
  region size 1024K, 23 young (23552K), 2 survivors (2048K)
 Metaspace       used 82381K, committed 82944K, reserved 1179648K
  class space    used 9337K, committed 9600K, reserved 1048576K
}
Event: 30.792 GC heap after
{Heap after GC invocations=25 (full 0):
 garbage-first heap   total reserved 1536000K, committed 172032K, used 53635K [0x00000000a2400000, 0x0000000100000000)
  region size 1024K, 1 young (1024K), 1 survivors (1024K)
 Metaspace       used 82381K, committed 82944K, reserved 1179648K
  class space    used 9337K, committed 9600K, reserved 1048576K
}
Event: 30.936 GC heap before
{Heap before GC invocations=25 (full 0):
 garbage-first heap   total reserved 1536000K, committed 172032K, used 99715K [0x00000000a2400000, 0x0000000100000000)
  region size 1024K, 48 young (49152K), 1 survivors (1024K)
 Metaspace       used 82383K, committed 82944K, reserved 1179648K
  class space    used 9337K, committed 9600K, reserved 1048576K
}
Event: 31.002 GC heap after
{Heap after GC invocations=26 (full 0):
 garbage-first heap   total reserved 1536000K, committed 172032K, used 71056K [0x00000000a2400000, 0x0000000100000000)
  region size 1024K, 12 young (12288K), 12 survivors (12288K)
 Metaspace       used 82383K, committed 82944K, reserved 1179648K
  class space    used 9337K, committed 9600K, reserved 1048576K
}
Event: 31.169 GC heap before
{Heap before GC invocations=27 (full 0):
 garbage-first heap   total reserved 1536000K, committed 172032K, used 130448K [0x00000000a2400000, 0x0000000100000000)
  region size 1024K, 75 young (76800K), 12 survivors (12288K)
 Metaspace       used 82395K, committed 82944K, reserved 1179648K
  class space    used 9337K, committed 9600K, reserved 1048576K
}
Event: 31.200 GC heap after
{Heap after GC invocations=28 (full 0):
 garbage-first heap   total reserved 1536000K, committed 172032K, used 76470K [0x00000000a2400000, 0x0000000100000000)
  region size 1024K, 10 young (10240K), 10 survivors (10240K)
 Metaspace       used 82395K, committed 82944K, reserved 1179648K
  class space    used 9337K, committed 9600K, reserved 1048576K
}
Event: 31.290 GC heap before
{Heap before GC invocations=28 (full 0):
 garbage-first heap   total reserved 1536000K, committed 172032K, used 133814K [0x00000000a2400000, 0x0000000100000000)
  region size 1024K, 66 young (67584K), 10 survivors (10240K)
 Metaspace       used 82424K, committed 82944K, reserved 1179648K
  class space    used 9338K, committed 9600K, reserved 1048576K
}
Event: 31.296 GC heap after
{Heap after GC invocations=29 (full 0):
 garbage-first heap   total reserved 1536000K, committed 172032K, used 72349K [0x00000000a2400000, 0x0000000100000000)
  region size 1024K, 4 young (4096K), 4 survivors (4096K)
 Metaspace       used 82424K, committed 82944K, reserved 1179648K
  class space    used 9338K, committed 9600K, reserved 1048576K
}
Event: 33.427 GC heap before
{Heap before GC invocations=29 (full 0):
 garbage-first heap   total reserved 1536000K, committed 172032K, used 134813K [0x00000000a2400000, 0x0000000100000000)
  region size 1024K, 65 young (66560K), 4 survivors (4096K)
 Metaspace       used 88630K, committed 89280K, reserved 1179648K
  class space    used 10091K, committed 10368K, reserved 1048576K
}
Event: 33.433 GC heap after
{Heap after GC invocations=30 (full 0):
 garbage-first heap   total reserved 1536000K, committed 172032K, used 74747K [0x00000000a2400000, 0x0000000100000000)
  region size 1024K, 6 young (6144K), 6 survivors (6144K)
 Metaspace       used 88630K, committed 89280K, reserved 1179648K
  class space    used 10091K, committed 10368K, reserved 1048576K
}

Dll operation events (13 events):
Event: 0.184 Loaded shared library C:\Users\Avinash Jadhav\.jdks\openjdk-24.0.1\bin\java.dll
Event: 0.282 Loaded shared library C:\Users\Avinash Jadhav\.jdks\openjdk-24.0.1\bin\jsvml.dll
Event: 0.434 Loaded shared library C:\Users\Avinash Jadhav\.jdks\openjdk-24.0.1\bin\zip.dll
Event: 0.445 Loaded shared library C:\Users\Avinash Jadhav\.jdks\openjdk-24.0.1\bin\instrument.dll
Event: 0.488 Loaded shared library C:\Users\Avinash Jadhav\.jdks\openjdk-24.0.1\bin\net.dll
Event: 0.517 Loaded shared library C:\Users\Avinash Jadhav\.jdks\openjdk-24.0.1\bin\nio.dll
Event: 0.929 Loaded shared library C:\Users\Avinash Jadhav\.jdks\openjdk-24.0.1\bin\zip.dll
Event: 1.426 Loaded shared library C:\Users\Avinash Jadhav\.jdks\openjdk-24.0.1\bin\jimage.dll
Event: 12.371 Loaded shared library C:\Program Files\JetBrains\IntelliJ IDEA Community Edition 2023.1.3\bin\breakgen64.dll
Event: 12.431 Loaded shared library C:\Users\Avinash Jadhav\.jdks\openjdk-24.0.1\bin\extnet.dll
Event: 17.918 Loaded shared library C:\Users\Avinash Jadhav\.jdks\openjdk-24.0.1\bin\sunmscapi.dll
Event: 22.320 Loaded shared library C:\Users\Avinash Jadhav\.jdks\openjdk-24.0.1\bin\management.dll
Event: 22.340 Loaded shared library C:\Users\Avinash Jadhav\.jdks\openjdk-24.0.1\bin\management_ext.dll

Deoptimization events (20 events):
Event: 113.682 Thread 0x000002014b194fd0 Uncommon trap: trap_request=0xffffffc6 fr.pc=0x0000020176d4ec2c relative=0x0000000000000c2c
Event: 113.683 Thread 0x000002014b194fd0 Uncommon trap: reason=bimorphic_or_optimized_type_check action=maybe_recompile pc=0x0000020176d4ec2c method=java.util.concurrent.ConcurrentHashMap.putVal(Ljava/lang/Object;Ljava/lang/Object;Z)Ljava/lang/Object; @ 242 c2
Event: 113.683 Thread 0x000002014b194fd0 DEOPT PACKING pc=0x0000020176d4ec2c sp=0x0000009a634fe4a0
Event: 113.685 Thread 0x000002014b194fd0 DEOPT UNPACKING pc=0x0000020176778602 sp=0x0000009a634fe400 mode 2
Event: 113.686 Thread 0x000002014b194fd0 Uncommon trap: trap_request=0xffffff54 fr.pc=0x0000020176d94700 relative=0x0000000000006c60
Event: 113.687 Thread 0x000002014b194fd0 Uncommon trap: reason=speculate_null_assert action=make_not_entrant pc=0x0000020176d94700 method=jdk.internal.util.ReferencedKeyMap.internKey(Ljdk/internal/util/ReferencedKeyMap;Ljava/lang/Object;)Ljava/lang/Object; @ 28 c2
Event: 113.687 Thread 0x000002014b194fd0 DEOPT PACKING pc=0x0000020176d94700 sp=0x0000009a634fe540
Event: 113.688 Thread 0x000002014b194fd0 DEOPT UNPACKING pc=0x0000020176778602 sp=0x0000009a634fe410 mode 2
Event: 113.809 Thread 0x000002014b194fd0 Uncommon trap: trap_request=0xffffff4d fr.pc=0x0000020176d4ea34 relative=0x0000000000000a34
Event: 113.809 Thread 0x000002014b194fd0 Uncommon trap: reason=unstable_if action=reinterpret pc=0x0000020176d4ea34 method=java.util.concurrent.ConcurrentHashMap.putVal(Ljava/lang/Object;Ljava/lang/Object;Z)Ljava/lang/Object; @ 97 c2
Event: 113.809 Thread 0x000002014b194fd0 DEOPT PACKING pc=0x0000020176d4ea34 sp=0x0000009a634fe630
Event: 113.809 Thread 0x000002014b194fd0 DEOPT UNPACKING pc=0x0000020176778602 sp=0x0000009a634fe5a8 mode 2
Event: 114.211 Thread 0x000002014b196d10 Uncommon trap: trap_request=0xffffffc6 fr.pc=0x0000020176e7c91c relative=0x000000000000007c
Event: 114.211 Thread 0x000002014b194fd0 Uncommon trap: trap_request=0xffffffc6 fr.pc=0x0000020176e7c91c relative=0x000000000000007c
Event: 114.211 Thread 0x000002014b196d10 Uncommon trap: reason=bimorphic_or_optimized_type_check action=maybe_recompile pc=0x0000020176e7c91c method=java.lang.CharSequence.isEmpty()Z @ 1 c2
Event: 114.211 Thread 0x000002014b194fd0 Uncommon trap: reason=bimorphic_or_optimized_type_check action=maybe_recompile pc=0x0000020176e7c91c method=java.lang.CharSequence.isEmpty()Z @ 1 c2
Event: 114.212 Thread 0x000002014b196d10 DEOPT PACKING pc=0x0000020176e7c91c sp=0x0000009a636fe9e0
Event: 114.212 Thread 0x000002014b194fd0 DEOPT PACKING pc=0x0000020176e7c91c sp=0x0000009a634fed50
Event: 114.212 Thread 0x000002014b196d10 DEOPT UNPACKING pc=0x0000020176778602 sp=0x0000009a636fe980 mode 2
Event: 114.212 Thread 0x000002014b194fd0 DEOPT UNPACKING pc=0x0000020176778602 sp=0x0000009a634fecf0 mode 2

Classes loaded (20 events):
Event: 113.523 Loading class java/util/concurrent/Semaphore$NonfairSync
Event: 113.525 Loading class java/util/concurrent/Semaphore$Sync
Event: 113.528 Loading class java/util/concurrent/Semaphore$Sync done
Event: 113.528 Loading class java/util/concurrent/Semaphore$NonfairSync done
Event: 113.539 Loading class sun/nio/ch/SocketAdaptor
Event: 113.585 Loading class sun/nio/ch/SocketAdaptor done
Event: 113.588 Loading class sun/nio/ch/SocketChannelImpl$DefaultOptionsHolder
Event: 113.591 Loading class sun/nio/ch/SocketChannelImpl$DefaultOptionsHolder done
Event: 113.614 Loading class sun/nio/ch/SelectionKeyImpl
Event: 113.626 Loading class java/nio/channels/spi/AbstractSelectionKey
Event: 113.629 Loading class java/nio/channels/SelectionKey
Event: 113.631 Loading class java/nio/channels/SelectionKey done
Event: 113.631 Loading class java/nio/channels/spi/AbstractSelectionKey done
Event: 113.631 Loading class sun/nio/ch/SelectionKeyImpl done
Event: 113.637 Loading class java/lang/invoke/ConstantBootstraps
Event: 113.647 Loading class java/lang/invoke/ConstantBootstraps done
Event: 114.037 Loading class java/io/Reader$2
Event: 114.038 Loading class java/io/Reader$2 done
Event: 114.226 Loading class java/util/concurrent/locks/ReentrantReadWriteLock$Sync$HoldCounter
Event: 114.227 Loading class java/util/concurrent/locks/ReentrantReadWriteLock$Sync$HoldCounter done

Classes unloaded (0 events):
No events

Classes redefined (0 events):
No events

Internal exceptions (20 events):
Event: 31.526 Thread 0x0000020164572740 Exception <a 'java/lang/NoSuchMethodError'{0x00000000abb1c470}: 'java.lang.Object java.lang.invoke.DirectMethodHandle$Holder.invokeVirtual(java.lang.Object, java.lang.Object, java.lang.Object, java.lang.Object, java.lang.Object, java.lang.Object, java.lang.Object)'> (0x00000000abb1c470) 
thrown [s\open\src\hotspot\share\interpreter\linkResolver.cpp, line 805]
Event: 31.624 Thread 0x0000020164572740 Exception <a 'java/lang/NoSuchMethodError'{0x00000000ab8828b0}: 'java.lang.Object java.lang.invoke.DirectMethodHandle$Holder.invokeVirtual(java.lang.Object, java.lang.Object, java.lang.Object, int)'> (0x00000000ab8828b0) 
thrown [s\open\src\hotspot\share\interpreter\linkResolver.cpp, line 805]
Event: 32.112 Thread 0x0000020164572740 Exception <a 'java/lang/NoSuchMethodError'{0x00000000aaa59a70}: 'java.lang.Object java.lang.invoke.DirectMethodHandle$Holder.invokeInterface(java.lang.Object, java.lang.Object, java.lang.Object, java.lang.Object)'> (0x00000000aaa59a70) 
thrown [s\open\src\hotspot\share\interpreter\linkResolver.cpp, line 805]
Event: 32.243 Thread 0x0000020164572740 Exception <a 'java/io/IOException'{0x00000000aa9b2ee8}> (0x00000000aa9b2ee8) 
thrown [s\open\src\hotspot\share\prims\jni.cpp, line 518]
Event: 32.311 Thread 0x0000020164572740 Exception <a 'java/lang/NoSuchMethodError'{0x00000000aa8c5e20}: 'java.lang.Object java.lang.invoke.DirectMethodHandle$Holder.invokeVirtual(java.lang.Object, java.lang.Object, int)'> (0x00000000aa8c5e20) 
thrown [s\open\src\hotspot\share\interpreter\linkResolver.cpp, line 805]
Event: 32.499 Thread 0x0000020164572740 Exception <a 'java/lang/IncompatibleClassChangeError'{0x00000000aa3dcf20}: Found class java.lang.Object, but interface was expected> (0x00000000aa3dcf20) 
thrown [s\open\src\hotspot\share\interpreter\linkResolver.cpp, line 872]
Event: 32.830 Thread 0x0000020164572740 Exception <a 'java/lang/NoSuchMethodError'{0x00000000a9e50c50}: 'int java.lang.invoke.DirectMethodHandle$Holder.invokeStaticInit(java.lang.Object, java.lang.Object, java.lang.Object, java.lang.Object)'> (0x00000000a9e50c50) 
thrown [s\open\src\hotspot\share\interpreter\linkResolver.cpp, line 805]
Event: 32.903 Thread 0x0000020164572740 Exception <a 'java/lang/NoSuchMethodError'{0x00000000a9c348f8}: 'java.lang.Object java.lang.invoke.DirectMethodHandle$Holder.invokeVirtual(java.lang.Object, java.lang.Object, java.lang.Object, java.lang.Object, java.lang.Object, java.lang.Object, java.lang.Object, java.lang.Object, java.lang.Object)'> (0x00000000a9c348f8) 
thrown [s\open\src\hotspot\share\interpreter\linkResolver.cpp, line 805]
Event: 32.987 Thread 0x0000020164572740 Exception <a 'java/lang/NoSuchMethodError'{0x00000000a9a42af0}: 'java.lang.Object java.lang.invoke.DirectMethodHandle$Holder.invokeVirtual(java.lang.Object, java.lang.Object, java.lang.Object, java.lang.Object, java.lang.Object, java.lang.Object, java.lang.Object, java.lang.Object, java.lang.Object, java.lang.Object)'> (0x00000000a9a42af0) 
thrown [s\open\src\hotspot\share\interpreter\linkResolver.cpp, line 805]
Event: 33.030 Thread 0x0000020164572740 Exception <a 'java/lang/NoSuchMethodError'{0x00000000a985a128}: 'java.lang.Object java.lang.invoke.DirectMethodHandle$Holder.invokeStatic(java.lang.Object, java.lang.Object, java.lang.Object, java.lang.Object, java.lang.Object, java.lang.Object, java.lang.Object, java.lang.Object, java.lang.Object, java.lang.Object, java.lang.Object)'> (0x00000000a985a128) 
thrown [s\open\src\hotspot\share\interpreter\linkResolver.cpp, line 805]
Event: 33.031 Thread 0x0000020164572740 Exception <a 'java/lang/NoSuchMethodError'{0x00000000a988d290}: 'java.lang.Object java.lang.invoke.DirectMethodHandle$Holder.invokeStatic(java.lang.Object, java.lang.Object, java.lang.Object, java.lang.Object, java.lang.Object, java.lang.Object, java.lang.Object, java.lang.Object, java.lang.Object, java.lang.Object, java.lang.Object, java.lang.Object)'> (0x00000000a988d290) 
thrown [s\open\src\hotspot\share\interpreter\linkResolver.cpp, line 805]
Event: 33.139 Thread 0x0000020164572740 Exception <a 'java/lang/IncompatibleClassChangeError'{0x00000000a97f2100}: Found class java.lang.Object, but interface was expected> (0x00000000a97f2100) 
thrown [s\open\src\hotspot\share\interpreter\linkResolver.cpp, line 872]
Event: 33.354 Thread 0x0000020164572740 Exception <a 'java/lang/NoClassDefFoundError'{0x00000000a93b0ae8}: org/springframework/data/util/TypeInformation> (0x00000000a93b0ae8) 
thrown [s\open\src\hotspot\share\classfile\systemDictionary.cpp, line 316]
Event: 33.368 Thread 0x0000020164572740 Exception <a 'java/lang/NoSuchMethodError'{0x00000000a927d8e8}: 'java.lang.Object java.lang.invoke.DirectMethodHandle$Holder.newInvokeSpecial(java.lang.Object, java.lang.Object, int, java.lang.Object, java.lang.Object)'> (0x00000000a927d8e8) 
thrown [s\open\src\hotspot\share\interpreter\linkResolver.cpp, line 805]
Event: 113.285 Thread 0x000002014b19aee0 Exception <a 'java/lang/NoSuchMethodError'{0x00000000ffb1c900}: 'java.lang.Object java.lang.invoke.DirectMethodHandle$Holder.invokeStatic(java.lang.Object, java.lang.Object, java.lang.Object, int, int)'> (0x00000000ffb1c900) 
thrown [s\open\src\hotspot\share\interpreter\linkResolver.cpp, line 805]
Event: 113.334 Thread 0x000002014b19aee0 Exception <a 'java/lang/NoSuchMethodError'{0x00000000ffb24850}: 'java.lang.Object java.lang.invoke.DirectMethodHandle$Holder.invokeStaticInit(java.lang.Object, java.lang.Object, java.lang.Object, int, int)'> (0x00000000ffb24850) 
thrown [s\open\src\hotspot\share\interpreter\linkResolver.cpp, line 805]
Event: 113.977 Thread 0x000002014b196d10 Exception <a 'java/lang/NoSuchMethodError'{0x00000000ac425678}: 'java.lang.Object java.lang.invoke.DirectMethodHandle$Holder.invokeSpecial(java.lang.Object, java.lang.Object, java.lang.Object, java.lang.Object, java.lang.Object, long)'> (0x00000000ac425678) 
thrown [s\open\src\hotspot\share\interpreter\linkResolver.cpp, line 805]
Event: 113.983 Thread 0x000002014b196d10 Exception <a 'java/lang/NoSuchMethodError'{0x00000000ac42df98}: 'java.lang.Object java.lang.invoke.DirectMethodHandle$Holder.invokeSpecial(java.lang.Object, java.lang.Object, java.lang.Object, java.lang.Object, java.lang.Object, java.lang.Object, long)'> (0x00000000ac42df98) 
thrown [s\open\src\hotspot\share\interpreter\linkResolver.cpp, line 805]
Event: 113.985 Thread 0x000002014b196d10 Exception <a 'java/lang/NoSuchMethodError'{0x00000000ac436310}: 'java.lang.Object java.lang.invoke.DelegatingMethodHandle$Holder.reinvoke_L(java.lang.Object, java.lang.Object, java.lang.Object, java.lang.Object, java.lang.Object, long)'> (0x00000000ac436310) 
thrown [s\open\src\hotspot\share\interpreter\linkResolver.cpp, line 805]
Event: 113.992 Thread 0x000002014b196d10 Exception <a 'java/lang/NoSuchMethodError'{0x00000000ac446a40}: 'java.lang.Object java.lang.invoke.Invokers$Holder.linkToTargetMethod(java.lang.Object, java.lang.Object, java.lang.Object, long, java.lang.Object)'> (0x00000000ac446a40) 
thrown [s\open\src\hotspot\share\interpreter\linkResolver.cpp, line 805]

VM Operations (20 events):
Event: 32.388 Executing VM operation: HandshakeAllThreads (Deoptimize)
Event: 32.388 Executing VM operation: HandshakeAllThreads (Deoptimize) done
Event: 32.556 Executing VM operation: HandshakeAllThreads (Deoptimize)
Event: 32.556 Executing VM operation: HandshakeAllThreads (Deoptimize) done
Event: 32.725 Executing VM operation: HandshakeAllThreads (Deoptimize)
Event: 32.725 Executing VM operation: HandshakeAllThreads (Deoptimize) done
Event: 33.307 Executing VM operation: HandshakeAllThreads (Deoptimize)
Event: 33.308 Executing VM operation: HandshakeAllThreads (Deoptimize) done
Event: 33.427 Executing VM operation: G1CollectForAllocation (G1 Evacuation Pause)
Event: 33.433 Executing VM operation: G1CollectForAllocation (G1 Evacuation Pause) done
Event: 33.457 Executing VM operation: G1PauseRemark
Event: 33.460 Executing VM operation: G1PauseRemark done
Event: 33.466 Executing VM operation: G1PauseCleanup
Event: 33.466 Executing VM operation: G1PauseCleanup done
Event: 60.264 Executing VM operation: HandshakeAllThreads (HandshakeForDeflation)
Event: 60.264 Executing VM operation: HandshakeAllThreads (HandshakeForDeflation) done
Event: 60.264 Executing VM operation: RendezvousGCThreads
Event: 60.264 Executing VM operation: RendezvousGCThreads done
Event: 114.184 Executing VM operation: HandshakeAllThreads (Deoptimize)
Event: 114.186 Executing VM operation: HandshakeAllThreads (Deoptimize) done

Memory protections (0 events):
No events

Nmethod flushes (20 events):
Event: 33.459 Thread 0x000002017f987a90 flushing  nmethod 0x000002016f206f08
Event: 33.459 Thread 0x000002017f987a90 flushing  nmethod 0x000002016f771988
Event: 33.459 Thread 0x000002017f987a90 flushing  nmethod 0x000002016f824108
Event: 33.459 Thread 0x000002017f987a90 flushing  nmethod 0x000002016f929488
Event: 33.459 Thread 0x000002017f987a90 flushing  nmethod 0x000002016f9b2f88
Event: 33.459 Thread 0x000002017f987a90 flushing  nmethod 0x000002016fb46608
Event: 33.459 Thread 0x000002017f987a90 flushing  nmethod 0x000002016fb48b88
Event: 33.459 Thread 0x000002017f987a90 flushing osr nmethod 0x000002016fb4ce88
Event: 33.459 Thread 0x000002017f987a90 flushing  nmethod 0x0000020176bff688
Event: 33.459 Thread 0x000002017f987a90 flushing  nmethod 0x0000020176eb1208
Event: 33.459 Thread 0x000002017f987a90 flushing  nmethod 0x0000020176eb2188
Event: 33.459 Thread 0x000002017f987a90 flushing  nmethod 0x000002016f424c88
Event: 33.459 Thread 0x000002017f987a90 flushing  nmethod 0x000002016f816188
Event: 33.459 Thread 0x000002017f987a90 flushing  nmethod 0x000002016f89cc88
Event: 33.459 Thread 0x000002017f987a90 flushing osr nmethod 0x000002016fb43d08
Event: 33.459 Thread 0x000002017f987a90 flushing  nmethod 0x000002016f19a708
Event: 33.459 Thread 0x000002017f987a90 flushing  nmethod 0x000002016f514508
Event: 33.459 Thread 0x000002017f987a90 flushing  nmethod 0x000002016f7b6c08
Event: 33.459 Thread 0x000002017f987a90 flushing  nmethod 0x000002016f82fa08
Event: 33.459 Thread 0x000002017f987a90 flushing  nmethod 0x000002016f830088

Events (20 events):
Event: 25.407 Thread 0x0000020164572740 Thread added: 0x000002014b73baf0
Event: 25.520 Thread 0x000002014b73baf0 Thread added: 0x000002014b73c240
Event: 29.192 Thread 0x0000020164572740 Thread added: 0x000002014b73a500
Event: 29.195 Thread 0x0000020164572740 Thread added: 0x000002014b73ac50
Event: 29.202 Thread 0x0000020164572740 Thread added: 0x000002014b73b3a0
Event: 31.277 Thread 0x000002014b73c240 Thread exited: 0x000002014b73c240
Event: 33.425 Thread 0x0000020164572740 Thread added: 0x000002014b739660
Event: 33.425 Thread 0x0000020164572740 Thread added: 0x000002014b197460
Event: 33.425 Thread 0x0000020164572740 Thread added: 0x000002014b1965c0
Event: 33.425 Thread 0x0000020164572740 Thread added: 0x000002014b197bb0
Event: 33.425 Thread 0x0000020164572740 Thread added: 0x000002014b194880
Event: 33.425 Thread 0x0000020164572740 Thread added: 0x000002014b194fd0
Event: 33.425 Thread 0x0000020164572740 Thread added: 0x000002014b198300
Event: 33.425 Thread 0x0000020164572740 Thread added: 0x000002014b196d10
Event: 33.425 Thread 0x0000020164572740 Thread added: 0x000002014b195e70
Event: 33.425 Thread 0x0000020164572740 Thread added: 0x000002014b198a50
Event: 33.526 Thread 0x0000020164572740 Thread added: 0x000002014b195720
Event: 33.531 Thread 0x0000020164572740 Thread added: 0x000002014b19aee0
Event: 33.556 Thread 0x0000020164572740 Thread exited: 0x0000020164572740
Event: 33.557 Thread 0x000002014b1998f0 Thread added: 0x000002014b1998f0


Dynamic libraries:
0x00007ff6625c0000 - 0x00007ff6625ce000 	C:\Users\Avinash Jadhav\.jdks\openjdk-24.0.1\bin\java.exe
0x00007ff911b80000 - 0x00007ff911de7000 	C:\WINDOWS\SYSTEM32\ntdll.dll
0x00007ff911080000 - 0x00007ff911149000 	C:\WINDOWS\System32\KERNEL32.DLL
0x00007ff90f1a0000 - 0x00007ff90f58f000 	C:\WINDOWS\System32\KERNELBASE.dll
0x00007ff90ef20000 - 0x00007ff90f06b000 	C:\WINDOWS\System32\ucrtbase.dll
0x00007ff903c00000 - 0x00007ff903c16000 	C:\Users\Avinash Jadhav\.jdks\openjdk-24.0.1\bin\jli.dll
0x00007ff910480000 - 0x00007ff910645000 	C:\WINDOWS\System32\USER32.dll
0x00007ff90ecd0000 - 0x00007ff90ecf7000 	C:\WINDOWS\System32\win32u.dll
0x00007ff911730000 - 0x00007ff91175b000 	C:\WINDOWS\System32\GDI32.dll
0x00007ff90f070000 - 0x00007ff90f19c000 	C:\WINDOWS\System32\gdi32full.dll
0x00007ff90f7e0000 - 0x00007ff90f883000 	C:\WINDOWS\System32\msvcp_win.dll
0x00007ff8f32a0000 - 0x00007ff8f3533000 	C:\WINDOWS\WinSxS\amd64_microsoft.windows.common-controls_6595b64144ccf1df_6.0.26100.7309_none_3e05feeae336a044\COMCTL32.dll
0x00007ff9103d0000 - 0x00007ff910479000 	C:\WINDOWS\System32\msvcrt.dll
0x00007ff903be0000 - 0x00007ff903bfb000 	C:\Users\Avinash Jadhav\.jdks\openjdk-24.0.1\bin\VCRUNTIME140.dll
0x00007ff9106f0000 - 0x00007ff910721000 	C:\WINDOWS\System32\IMM32.DLL
0x00007ff904e20000 - 0x00007ff904e2c000 	C:\Users\Avinash Jadhav\.jdks\openjdk-24.0.1\bin\vcruntime140_1.dll
0x00007ff903920000 - 0x00007ff9039ae000 	C:\Users\Avinash Jadhav\.jdks\openjdk-24.0.1\bin\msvcp140.dll
0x00007ff8451a0000 - 0x00007ff845f42000 	C:\Users\Avinash Jadhav\.jdks\openjdk-24.0.1\bin\server\jvm.dll
0x00007ff911760000 - 0x00007ff911814000 	C:\WINDOWS\System32\ADVAPI32.dll
0x00007ff910730000 - 0x00007ff9107d6000 	C:\WINDOWS\System32\sechost.dll
0x00007ff911a20000 - 0x00007ff911b38000 	C:\WINDOWS\System32\RPCRT4.dll
0x00007ff9114d0000 - 0x00007ff911544000 	C:\WINDOWS\System32\WS2_32.dll
0x00007ff90eb50000 - 0x00007ff90ebae000 	C:\WINDOWS\SYSTEM32\POWRPROF.dll
0x00007ff8fc0c0000 - 0x00007ff8fc0cb000 	C:\WINDOWS\SYSTEM32\VERSION.dll
0x00007ff8fc080000 - 0x00007ff8fc0b5000 	C:\WINDOWS\SYSTEM32\WINMM.dll
0x00007ff90eb30000 - 0x00007ff90eb44000 	C:\WINDOWS\SYSTEM32\UMPDC.dll
0x00007ff90da60000 - 0x00007ff90da7b000 	C:\WINDOWS\SYSTEM32\kernel.appcore.dll
0x00007ff903bd0000 - 0x00007ff903bda000 	C:\Users\Avinash Jadhav\.jdks\openjdk-24.0.1\bin\jimage.dll
0x00007ff90c490000 - 0x00007ff90c6d2000 	C:\WINDOWS\SYSTEM32\DBGHELP.DLL
0x00007ff910c70000 - 0x00007ff910ff6000 	C:\WINDOWS\System32\combase.dll
0x00007ff9102f0000 - 0x00007ff9103c6000 	C:\WINDOWS\System32\OLEAUT32.dll
0x00007ff8ec9e0000 - 0x00007ff8eca1c000 	C:\WINDOWS\SYSTEM32\dbgcore.DLL
0x00007ff90ee70000 - 0x00007ff90ef15000 	C:\WINDOWS\System32\bcryptPrimitives.dll
0x00007ff903b70000 - 0x00007ff903b7f000 	C:\Users\Avinash Jadhav\.jdks\openjdk-24.0.1\bin\instrument.dll
0x00007ff903640000 - 0x00007ff90365e000 	C:\Users\Avinash Jadhav\.jdks\openjdk-24.0.1\bin\java.dll
0x00007ff911820000 - 0x00007ff9119b7000 	C:\WINDOWS\System32\ole32.dll
0x00007ff90f970000 - 0x00007ff9100c3000 	C:\WINDOWS\System32\SHELL32.dll
0x00007ff90ed00000 - 0x00007ff90ee6a000 	C:\WINDOWS\System32\wintypes.dll
0x00007ff90c8b0000 - 0x00007ff90d10e000 	C:\WINDOWS\SYSTEM32\windows.storage.dll
0x00007ff911220000 - 0x00007ff911315000 	C:\WINDOWS\System32\SHCORE.dll
0x00007ff911000000 - 0x00007ff911066000 	C:\WINDOWS\System32\shlwapi.dll
0x00007ff90ebf0000 - 0x00007ff90ec19000 	C:\WINDOWS\SYSTEM32\profapi.dll
0x00007ff8c3c60000 - 0x00007ff8c3d37000 	C:\Users\Avinash Jadhav\.jdks\openjdk-24.0.1\bin\jsvml.dll
0x00007ff903620000 - 0x00007ff903637000 	C:\Users\Avinash Jadhav\.jdks\openjdk-24.0.1\bin\zip.dll
0x00007ff903b60000 - 0x00007ff903b70000 	C:\Users\Avinash Jadhav\.jdks\openjdk-24.0.1\bin\net.dll
0x00007ff90dff0000 - 0x00007ff90e05b000 	C:\WINDOWS\system32\mswsock.dll
0x00007ff903600000 - 0x00007ff903616000 	C:\Users\Avinash Jadhav\.jdks\openjdk-24.0.1\bin\nio.dll
0x00007ff9035e0000 - 0x00007ff9035fa000 	C:\Program Files\JetBrains\IntelliJ IDEA Community Edition 2023.1.3\bin\breakgen64.dll
0x00007ff903540000 - 0x00007ff903549000 	C:\Users\Avinash Jadhav\.jdks\openjdk-24.0.1\bin\extnet.dll
0x00007ff90e2b0000 - 0x00007ff90e2cb000 	C:\WINDOWS\SYSTEM32\CRYPTSP.dll
0x00007ff90d9b0000 - 0x00007ff90d9ea000 	C:\WINDOWS\system32\rsaenh.dll
0x00007ff90e0a0000 - 0x00007ff90e0cb000 	C:\WINDOWS\SYSTEM32\USERENV.dll
0x00007ff90ebc0000 - 0x00007ff90ebea000 	C:\WINDOWS\SYSTEM32\bcrypt.dll
0x00007ff90e2d0000 - 0x00007ff90e2dc000 	C:\WINDOWS\SYSTEM32\CRYPTBASE.dll
0x00007ff90d430000 - 0x00007ff90d464000 	C:\WINDOWS\SYSTEM32\IPHLPAPI.DLL
0x00007ff9102c0000 - 0x00007ff9102ca000 	C:\WINDOWS\System32\NSI.dll
0x00007ff8f77c0000 - 0x00007ff8f77ce000 	C:\Users\Avinash Jadhav\.jdks\openjdk-24.0.1\bin\sunmscapi.dll
0x00007ff90f5a0000 - 0x00007ff90f717000 	C:\WINDOWS\System32\CRYPT32.dll
0x00007ff90e4d0000 - 0x00007ff90e500000 	C:\WINDOWS\SYSTEM32\ncrypt.dll
0x00007ff90e480000 - 0x00007ff90e4bf000 	C:\WINDOWS\SYSTEM32\NTASN1.dll
0x00007ff8f0740000 - 0x00007ff8f074a000 	C:\Users\Avinash Jadhav\.jdks\openjdk-24.0.1\bin\management.dll
0x00007ff8f05f0000 - 0x00007ff8f05fb000 	C:\Users\Avinash Jadhav\.jdks\openjdk-24.0.1\bin\management_ext.dll
0x00007ff910650000 - 0x00007ff910658000 	C:\WINDOWS\System32\PSAPI.DLL
0x00007ff90d530000 - 0x00007ff90d65c000 	C:\WINDOWS\SYSTEM32\DNSAPI.dll
0x00007ff907a30000 - 0x00007ff907a3b000 	C:\Windows\System32\rasadhlp.dll
0x00007ff8fbf30000 - 0x00007ff8fbfb6000 	C:\WINDOWS\System32\fwpuclnt.dll
0x00007ff87bde0000 - 0x00007ff87bde8000 	C:\WINDOWS\system32\wshunix.dll

JVMTI agents:
C:\Program Files\JetBrains\IntelliJ IDEA Community Edition 2023.1.3\lib\idea_rt.jar path:C:\Users\Avinash Jadhav\.jdks\openjdk-24.0.1\bin\instrument.dll, loaded, initialized, instrumentlib options:8998:C:\Program Files\JetBrains\IntelliJ IDEA Community Edition 2023.1.3\bin

dbghelp: loaded successfully - version: 4.0.5 - missing functions: none
symbol engine: initialized successfully - sym options: 0x614 - pdb path: .;C:\Users\Avinash Jadhav\.jdks\openjdk-24.0.1\bin;C:\WINDOWS\SYSTEM32;C:\WINDOWS\WinSxS\amd64_microsoft.windows.common-controls_6595b64144ccf1df_6.0.26100.7309_none_3e05feeae336a044;C:\Users\Avinash Jadhav\.jdks\openjdk-24.0.1\bin\server;C:\Program Files\JetBrains\IntelliJ IDEA Community Edition 2023.1.3\bin

VM Arguments:
jvm_args: -javaagent:C:\Program Files\JetBrains\IntelliJ IDEA Community Edition 2023.1.3\lib\idea_rt.jar=8998:C:\Program Files\JetBrains\IntelliJ IDEA Community Edition 2023.1.3\bin -Dfile.encoding=UTF-8 -Dsun.stdout.encoding=UTF-8 -Dsun.stderr.encoding=UTF-8 
java_command: com.jobportal.JobPortalV2Application
java_class_path (initial): C:\Users\Avinash Jadhav\Desktop\intellij\SpringBootProjects\job-portal-v2\target\classes;C:\Users\Avinash Jadhav\.m2\repository\org\springframework\boot\spring-boot-starter-data-jpa\4.0.1\spring-boot-starter-data-jpa-4.0.1.jar;C:\Users\Avinash Jadhav\.m2\repository\org\springframework\boot\spring-boot-starter\4.0.1\spring-boot-starter-4.0.1.jar;C:\Users\Avinash Jadhav\.m2\repository\org\springframework\boot\spring-boot-starter-logging\4.0.1\spring-boot-starter-logging-4.0.1.jar;C:\Users\Avinash Jadhav\.m2\repository\ch\qos\logback\logback-classic\1.5.22\logback-classic-1.5.22.jar;C:\Users\Avinash Jadhav\.m2\repository\ch\qos\logback\logback-core\1.5.22\logback-core-1.5.22.jar;C:\Users\Avinash Jadhav\.m2\repository\org\apache\logging\log4j\log4j-to-slf4j\2.25.3\log4j-to-slf4j-2.25.3.jar;C:\Users\Avinash Jadhav\.m2\repository\org\apache\logging\log4j\log4j-api\2.25.3\log4j-api-2.25.3.jar;C:\Users\Avinash Jadhav\.m2\repository\org\slf4j\jul-to-slf4j\2.0.17\jul-to-slf4j-2.0.17.jar;C:\Users\Avinash Jadhav\.m2\repository\org\springframework\boot\spring-boot-autoconfigure\4.0.1\spring-boot-autoconfigure-4.0.1.jar;C:\Users\Avinash Jadhav\.m2\repository\jakarta\annotation\jakarta.annotation-api\3.0.0\jakarta.annotation-api-3.0.0.jar;C:\Users\Avinash Jadhav\.m2\repository\org\yaml\snakeyaml\2.5\snakeyaml-2.5.jar;C:\Users\Avinash Jadhav\.m2\repository\org\springframework\boot\spring-boot-starter-jdbc\4.0.1\spring-boot-starter-jdbc-4.0.1.jar;C:\Users\Avinash Jadhav\.m2\repository\com\zaxxer\HikariCP\7.0.2\HikariCP-7.0.2.jar;C:\Users\Avinash Jadhav\.m2\repository\org\slf4j\slf4j-api\2.0.17\slf4j-api-2.0.17.jar;C:\Users\Avinash Jadhav\.m2\repository\org\springframework\boot\spring-boot-data-jpa\4.0.1\spring-boot-data-jpa-4.0.1.jar;C:\Users\Avinash Jadhav\.m2\repository\org\springframework\boot\spring-boot-data-commons\4.0.1\spring-boot-data-commons-4.0.1.jar;C:\Users\Avinash Jadhav\.m2\repository\org\springframework\boot\spring-boot-persistence\4.0.1\spring-boot-persistence-4.0.1.jar;C:\Users\Avinash Jadhav\.m2\repository\org\springframework\data\spring-data-commons\4.0.1\spring-data-commons-4.0.1.jar;C:\Users\Avinash Jadhav\.m2\repository\org\springframework\boot\spring-boot-hibernate\4.0.1\spring-boot-hibernate-4.0.1.jar;C:\Users\Avinash Jadhav\.m2\repository\org\springframework\boot\spring-boot-jpa\4.0.1\spring-boot-jpa-4.0.1.jar;C:\Users\Avinash Jadhav\.m2\repository\jakarta\persistence\jakarta.persistence-api\3.2.0\jakarta.persistence-api-3.2.0.jar;C:\Users\Avinash Jadhav\.m2\repository\org\hibernate\orm\hibernate-core\7.2.0.Final\hibernate-core-7.2.0.Final.jar;C:\Users\Avinash Jadhav\.m2\repository\jakarta\transaction\jakarta.transaction-api\2.0.1\jakarta.transaction-api-2.0.1.jar;C:\Users\Avinash Jadhav\.m2\repository\org\hibernate\models\hibernate-models\1.0.1\hibernate-models-1.0.1.jar;C:\Users\Avinash Jadhav\.m2\repository\org\glassfish\jaxb\jaxb-runtime\4.0.6\jaxb-runtime-4.0.6.jar;C:\Users\Avinash Jadhav\.m2\repository\org\glassfish\jaxb\jaxb-core\4.0.6\jaxb-core-4.0.6.jar;C:\Users\Avinash Jadhav\.m2\repository\org\eclipse\angus\angus-activation\2.0.3\angus-activation-2.0.3.jar;C:\Users\Avinash Jadhav\.m2\repository\org\glassfish\jaxb\txw2\4.0.6\txw2-4.0.6.jar;C:\Users\Avinash Jadhav\.m2\repository\com\sun\istack\istack-commons-runtime\4.1.2\istack-commons-runtime-4.1.2.jar;C:\Users\Avinash Jadhav\.m2\repository\jakarta\inject\jakarta.inject-api\2.0.1\jakarta.inject-api-2.0.1.jar;C:\Users\Avinash Jadhav\.m2\repository\org\springframework\spring-orm\7.0.2\spring-orm-7.0.2.jar;C:\Users\Avinash Jadhav\.m2\repository\org\springframework\data\spring-data-jpa\4.0.1\spring-data-jpa-4.0.1.jar;C:\Users\Avinash Jadhav\.m2\repository\org\springframework\spring-context\7.0.2\spring-context-7.0.2.jar;C:\Users\Avinash Jadhav\.m2\repository\org\springframework\spring-tx\7.0.2\spring-tx-7.0.2.jar;C:\Users\Avinash Jadhav\.m2\repository\org\antlr\antlr4-runtime\4.13.2\antlr4-runtime-4.13.2.jar;C:\Users\Avinash Jadhav\.m2\repository\org\springframework\spring-aspects\7.0.2\spring-aspects-7.0.2.jar;C:\Users\Avinash Jadhav\.m2\repository\org\aspectj\aspectjweaver\1.9.25.1\aspectjweaver-1.9.25.1.jar;C:\Users\Avinash Jadhav\.m2\repository\org\springframework\boot\spring-boot-jdbc\4.0.1\spring-boot-jdbc-4.0.1.jar;C:\Users\Avinash Jadhav\.m2\repository\org\springframework\boot\spring-boot\4.0.1\spring-boot-4.0.1.jar;C:\Users\Avinash Jadhav\.m2\repository\org\springframework\boot\spring-boot-sql\4.0.1\spring-boot-sql-4.0.1.jar;C:\Users\Avinash Jadhav\.m2\repository\org\springframework\boot\spring-boot-transaction\4.0.1\spring-boot-transaction-4.0.1.jar;C:\Users\Avinash Jadhav\.m2\repository\org\springframework\spring-jdbc\7.0.2\spring-jdbc-7.0.2.jar;C:\Users\Avinash Jadhav\.m2\repository\org\springframework\boot\spring-boot-starter-validation\4.0.1\spring-boot-starter-validation-4.0.1.jar;C:\Users\Avinash Jadhav\.m2\repository\org\springframework\boot\spring-boot-validation\4.0.1\spring-boot-validation-4.0.1.jar;C:\Users\Avinash Jadhav\.m2\repository\org\apache\tomcat\embed\tomcat-embed-el\11.0.15\tomcat-embed-el-11.0.15.jar;C:\Users\Avinash Jadhav\.m2\repository\org\hibernate\validator\hibernate-validator\9.0.1.Final\hibernate-validator-9.0.1.Final.jar;C:\Users\Avinash Jadhav\.m2\repository\jakarta\validation\jakarta.validation-api\3.1.1\jakarta.validation-api-3.1.1.jar;C:\Users\Avinash Jadhav\.m2\repository\org\jboss\logging\jboss-logging\3.6.1.Final\jboss-logging-3.6.1.Final.jar;C:\Users\Avinash Jadhav\.m2\repository\com\fasterxml\classmate\1.7.1\classmate-1.7.1.jar;C:\Users\Avinash Jadhav\.m2\repository\org\springframework\boot\spring-boot-starter-webmvc\4.0.1\spring-boot-starter-webmvc-4.0.1.jar;C:\Users\Avinash Jadhav\.m2\repository\org\springframework\boot\spring-boot-starter-jackson\4.0.1\spring-boot-starter-jackson-4.0.1.jar;C:\Users\Avinash Jadhav\.m2\repository\org\springframework\boot\spring-boot-jackson\4.0.1\spring-boot-jackson-4.0.1.jar;C:\Users\Avinash Jadhav\.m2\repository\tools\jackson\core\jackson-databind\3.0.3\jackson-databind-3.0.3.jar;C:\Users\Avinash Jadhav\.m2\repository\tools\jackson\core\jackson-core\3.0.3\jackson-core-3.0.3.jar;C:\Users\Avinash Jadhav\.m2\repository\org\springframework\boot\spring-boot-starter-tomcat\4.0.1\spring-boot-starter-tomcat-4.0.1.jar;C:\Users\Avinash Jadhav\.m2\repository\org\springframework\boot\spring-boot-starter-tomcat-runtime\4.0.1\spring-boot-starter-tomcat-runtime-4.0.1.jar;C:\Users\Avinash Jadhav\.m2\repository\org\apache\tomcat\embed\tomcat-embed-core\11.0.15\tomcat-embed-core-11.0.15.jar;C:\Users\Avinash Jadhav\.m2\repository\org\apache\tomcat\embed\tomcat-embed-websocket\11.0.15\tomcat-embed-websocket-11.0.15.jar;C:\Users\Avinash Jadhav\.m2\repository\org\springframework\boot\spring-boot-tomcat\4.0.1\spring-boot-tomcat-4.0.1.jar;C:\Users\Avinash Jadhav\.m2\repository\org\springframework\boot\spring-boot-http-converter\4.0.1\spring-boot-http-converter-4.0.1.jar;C:\Users\Avinash Jadhav\.m2\repository\org\springframework\spring-web\7.0.2\spring-web-7.0.2.jar;C:\Users\Avinash Jadhav\.m2\repository\io\micrometer\micrometer-observation\1.16.1\micrometer-observation-1.16.1.jar;C:\Users\Avinash Jadhav\.m2\repository\io\micrometer\micrometer-commons\1.16.1\micrometer-commons-1.16.1.jar;C:\Users\Avinash Jadhav\.m2\repository\org\springframework\boot\spring-boot-webmvc\4.0.1\spring-boot-webmvc-4.0.1.jar;C:\Users\Avinash Jadhav\.m2\repository\org\springframework\boot\spring-boot-servlet\4.0.1\spring-boot-servlet-4.0.1.jar;C:\Users\Avinash Jadhav\.m2\repository\org\springframework\spring-webmvc\7.0.2\spring-webmvc-7.0.2.jar;C:\Users\Avinash Jadhav\.m2\repository\org\springframework\spring-expression\7.0.2\spring-expression-7.0.2.jar;C:\Users\Avinash Jadhav\.m2\repository\com\mysql\mysql-connector-j\9.5.0\mysql-connector-j-9.5.0.jar;C:\Users\Avinash Jadhav\.m2\repository\jakarta\xml\bind\jakarta.xml.bind-api\4.0.4\jakarta.xml.bind-api-4.0.4.jar;C:\Users\Avinash Jadhav\.m2\repository\jakarta\activation\jakarta.activation-api\2.1.4\jakarta.activation-api-2.1.4.jar;C:\Users\Avinash Jadhav\.m2\repository\net\bytebuddy\byte-buddy\1.17.8\byte-buddy-1.17.8.jar;C:\Users\Avinash Jadhav\.m2\repository\org\springframework\spring-core\7.0.2\spring-core-7.0.2.jar;C:\Users\Avinash Jadhav\.m2\repository\commons-logging\commons-logging\1.3.5\commons-logging-1.3.5.jar;C:\Users\Avinash Jadhav\.m2\repository\org\jspecify\jspecify\1.0.0\jspecify-1.0.0.jar;C:\Users\Avinash Jadhav\.m2\repository\org\projectlombok\lombok\1.18.42\lombok-1.18.42.jar;C:\Users\Avinash Jadhav\.m2\repository\org\springdoc\springdoc-openapi-starter-webmvc-ui\2.5.0\springdoc-openapi-starter-webmvc-ui-2.5.0.jar;C:\Users\Avinash Jadhav\.m2\repository\org\springdoc\springdoc-openapi-starter-webmvc-api\2.5.0\springdoc-openapi-starter-webmvc-api-2.5.0.jar;C:\Users\Avinash Jadhav\.m2\repository\org\springdoc\springdoc-openapi-starter-common\2.5.0\springdoc-openapi-starter-common-2.5.0.jar;C:\Users\Avinash Jadhav\.m2\repository\io\swagger\core\v3\swagger-core-jakarta\2.2.21\swagger-core-jakarta-2.2.21.jar;C:\Users\Avinash Jadhav\.m2\repository\org\apache\commons\commons-lang3\3.19.0\commons-lang3-3.19.0.jar;C:\Users\Avinash Jadhav\.m2\repository\io\swagger\core\v3\swagger-annotations-jakarta\2.2.21\swagger-annotations-jakarta-2.2.21.jar;C:\Users\Avinash Jadhav\.m2\repository\io\swagger\core\v3\swagger-models-jakarta\2.2.21\swagger-models-jakarta-2.2.21.jar;C:\Users\Avinash Jadhav\.m2\repository\com\fasterxml\jackson\dataformat\jackson-dataformat-yaml\2.20.1\jackson-dataformat-yaml-2.20.1.jar;C:\Users\Avinash Jadhav\.m2\repository\com\fasterxml\jackson\datatype\jackson-datatype-jsr310\2.20.1\jackson-datatype-jsr310-2.20.1.jar;C:\Users\Avinash Jadhav\.m2\repository\org\webjars\swagger-ui\5.13.0\swagger-ui-5.13.0.jar;C:\Users\Avinash Jadhav\.m2\repository\org\springframework\boot\spring-boot-web-server\4.0.1\spring-boot-web-server-4.0.1.jar;C:\Users\Avinash Jadhav\.m2\repository\io\jsonwebtoken\jjwt-api\0.11.5\jjwt-api-0.11.5.jar;C:\Users\Avinash Jadhav\.m2\repository\io\jsonwebtoken\jjwt-impl\0.11.5\jjwt-impl-0.11.5.jar;C:\Users\Avinash Jadhav\.m2\repository\io\jsonwebtoken\jjwt-jackson\0.11.5\jjwt-jackson-0.11.5.jar;C:\Users\Avinash Jadhav\.m2\repository\com\fasterxml\jackson\core\jackson-databind\2.20.1\jackson-databind-2.20.1.jar;C:\Users\Avinash Jadhav\.m2\repository\com\fasterxml\jackson\core\jackson-annotations\2.20\jackson-annotations-2.20.jar;C:\Users\Avinash Jadhav\.m2\repository\com\fasterxml\jackson\core\jackson-core\2.20.1\jackson-core-2.20.1.jar;C:\Users\Avinash Jadhav\.m2\repository\org\springframework\boot\spring-boot-starter-security\4.0.1\spring-boot-starter-security-4.0.1.jar;C:\Users\Avinash Jadhav\.m2\repository\org\springframework\boot\spring-boot-security\4.0.1\spring-boot-security-4.0.1.jar;C:\Users\Avinash Jadhav\.m2\repository\org\springframework\security\spring-security-config\7.0.2\spring-security-config-7.0.2.jar;C:\Users\Avinash Jadhav\.m2\repository\org\springframework\security\spring-security-core\7.0.2\spring-security-core-7.0.2.jar;C:\Users\Avinash Jadhav\.m2\repository\org\springframework\security\spring-security-crypto\7.0.2\spring-security-crypto-7.0.2.jar;C:\Users\Avinash Jadhav\.m2\repository\org\springframework\security\spring-security-web\7.0.2\spring-security-web-7.0.2.jar;C:\Users\Avinash Jadhav\.m2\repository\org\springframework\spring-aop\7.0.2\spring-aop-7.0.2.jar;C:\Users\Avinash Jadhav\.m2\repository\org\springframework\spring-beans\7.0.2\spring-beans-7.0.2.jar
Launcher Type: SUN_STANDARD

[Global flags]
     intx CICompilerCount                          = 4                                         {product} {ergonomic}
     uint ConcGCThreads                            = 3                                         {product} {ergonomic}
     uint G1ConcRefinementThreads                  = 10                                        {product} {ergonomic}
   size_t G1HeapRegionSize                         = 1048576                                   {product} {ergonomic}
   size_t InitialHeapSize                          = 98566144                                  {product} {ergonomic}
   size_t MarkStackSize                            = 4194304                                   {product} {ergonomic}
   size_t MarkStackSizeMax                         = 536870912                                 {product} {ergonomic}
   size_t MaxHeapSize                              = 1572864000                                {product} {ergonomic}
   size_t MaxNewSize                               = 943718400                                 {product} {ergonomic}
   size_t MinHeapDeltaBytes                        = 1048576                                   {product} {ergonomic}
   size_t MinHeapSize                              = 8388608                                   {product} {ergonomic}
    uintx NonNMethodCodeHeapSize                   = 5832704                                {pd product} {ergonomic}
    uintx NonProfiledCodeHeapSize                  = 122945536                              {pd product} {ergonomic}
    uintx ProfiledCodeHeapSize                     = 122880000                              {pd product} {ergonomic}
    uintx ReservedCodeCacheSize                    = 251658240                              {pd product} {ergonomic}
     bool SegmentedCodeCache                       = true                                      {product} {ergonomic}
   size_t SoftMaxHeapSize                          = 1572864000                             {manageable} {ergonomic}
     bool UseCompressedOops                        = true                           {product lp64_product} {ergonomic}
     bool UseG1GC                                  = true                                      {product} {ergonomic}
     bool UseLargePagesIndividualAllocation        = false                                  {pd product} {ergonomic}

Logging:
Log output configuration:
 #0: stdout all=warning uptime,level,tags foldmultilines=false
 #1: stderr all=off uptime,level,tags foldmultilines=false

Environment Variables:
JAVA_HOME=C:\Program Files\Java\jdk-21
CLASSPATH=.;"C:\Users\Avinash Jadhav\Downloads\ojdbc11.jar";
PATH=C:\Program Files\Common Files\Oracle\Java\javapath;C:\oraclexe\app\oracle\product\10.2.0\server\bin;C:\oraclexe\app\oracle\product\11.2.0\server\bin;C:\Program Files\Python311\Scripts\;C:\Program Files\Python311\;C:\Windows\system32;C:\Windows;C:\Windows\System32\Wbem;C:\Windows\System32\WindowsPowerShell\v1.0\;C:\Windows\System32\OpenSSH\;C:\Program Files (x86)\NVIDIA Corporation\PhysX\Common;C:\Program Files\NVIDIA Corporation\NVIDIA NvDLISR;C:\MinGW\bin;C:\WINDOWS\system32;C:\WINDOWS;C:\WINDOWS\System32\Wbem;C:\WINDOWS\System32\WindowsPowerShell\v1.0\;C:\WINDOWS\System32\OpenSSH\;C:\Program Files (x86)\Microsoft SQL Server\160\DTS\Binn\;C:\Program Files\Azure Data Studio\bin;C:\Program Files (x86)\Microsoft SQL Server\160\Tools\Binn\;C:\Program Files\Microsoft SQL Server\160\Tools\Binn\;C:\Program Files\Microsoft SQL Server\Client SDK\ODBC\170\Tools\Binn\;C:\Program Files\Microsoft SQL Server\160\DTS\Binn\;C:\Program Files\Microsoft SQL Server\150\Tools\Binn\;C:\Program Files\Git\cmd;C:\Program Files\Java\jdk-21\bin;C:\Program Files\nodejs\;C:\Program Files\MySQL\MySQL Server 8.0\bin;C:\Program Files\MySQL\MySQL Shell 8.0\bin\;C:\Users\Avinash Jadhav\AppData\Local\Microsoft\WindowsApps;C:\MinGW\bin;C:\Users\Avinash Jadhav\AppData\Local\Microsoft\WindowsApps;;C:\Program Files\JetBrains\IntelliJ IDEA Community Edition 2023.1.3\bin;;C:\Program Files\Azure Data Studio\bin;C:\Users\Avinash Jadhav\AppData\Local\Programs\Microsoft VS Code\bin;C:\Users\Avinash Jadhav\AppData\Roaming\npm
USERNAME=Avinash Jadhav
OS=Windows_NT
PROCESSOR_IDENTIFIER=AMD64 Family 25 Model 80 Stepping 0, AuthenticAMD
TMP=C:\Users\AVINAS~1\AppData\Local\Temp
TEMP=C:\Users\AVINAS~1\AppData\Local\Temp




Periodic native trim disabled

---------------  S Y S T E M  ---------------

OS:
 Windows 11 , 64 bit Build 26100 (10.0.26100.7623)
OS uptime: 1 days 15:24 hours
Hyper-V role detected

CPU: total 12 (initial active 12) (12 cores per cpu, 2 threads per core) family 25 model 80 stepping 0 microcode 0xa50000c, cx8, cmov, fxsr, ht, mmx, 3dnowpref, sse, sse2, sse3, ssse3, sse4a, sse4.1, sse4.2, popcnt, lzcnt, tsc, tscinvbit, avx, avx2, aes, erms, clmul, bmi1, bmi2, adx, sha, fma, vzeroupper, clflush, clflushopt, hv, rdtscp, rdpid, fsrm, f16c, cet_ss
Processor Information for processor 0
  Max Mhz: 3301, Current Mhz: 2011, Mhz Limit: 3301
Processor Information for processor 1
  Max Mhz: 3301, Current Mhz: 2011, Mhz Limit: 3301
Processor Information for processor 2
  Max Mhz: 3301, Current Mhz: 2011, Mhz Limit: 3301
Processor Information for processor 3
  Max Mhz: 3301, Current Mhz: 2011, Mhz Limit: 3301
Processor Information for processor 4
  Max Mhz: 3301, Current Mhz: 2011, Mhz Limit: 3301
Processor Information for processor 5
  Max Mhz: 3301, Current Mhz: 3301, Mhz Limit: 3301
Processor Information for processor 6
  Max Mhz: 3301, Current Mhz: 2011, Mhz Limit: 3301
Processor Information for processor 7
  Max Mhz: 3301, Current Mhz: 3301, Mhz Limit: 3301
Processor Information for processor 8
  Max Mhz: 3301, Current Mhz: 3301, Mhz Limit: 3301
Processor Information for processor 9
  Max Mhz: 3301, Current Mhz: 2011, Mhz Limit: 3301
Processor Information for processor 10
  Max Mhz: 3301, Current Mhz: 3301, Mhz Limit: 3301
Processor Information for processor 11
  Max Mhz: 3301, Current Mhz: 3301, Mhz Limit: 3301

Memory: 4k page, system-wide physical 5996M (456M free)
TotalPageFile size 24428M (AvailPageFile size 125M)
current process WorkingSet (physical memory assigned to process): 90M, peak: 316M
current process commit charge ("private bytes"): 405M, peak: 434M

vm_info: OpenJDK 64-Bit Server VM (24.0.1+9-30) for windows-amd64 JRE (24.0.1+9-30), built on 2025-03-05T07:23:45Z with MS VC++ 17.6 (VS2022)

END.
